<?xml version="1.0" encoding="UTF-8"?>
<testng-results ignored="0" total="1" passed="1" failed="0" skipped="0">
  <reporter-output>
    <line>
      <![CDATA[| Received parameter 'TestEnvironment' = QA| ]]>
    </line>
    <line>
      <![CDATA[| Received parameter 'ExecutionServer' = Local| ]]>
    </line>
    <line>
      <![CDATA[| Received parameter 'InterfaceType' = Web| ]]>
    </line>
    <line>
      <![CDATA[| Received parameter 'DefaultDownloadPath' = ./src/test/resources/Downloads| ]]>
    </line>
    <line>
      <![CDATA[| Received parameter 'AZURE_KEYVAULT_URL' = | ]]>
    </line>
    <line>
      <![CDATA[| Received parameter 'TestBrowser' = chrome| ]]>
    </line>
    <line>
      <![CDATA[| Received parameter 'UI_BASE_URL' = https://10.139.9.3:31012/MEC/login| ]]>
    </line>
    <line>
      <![CDATA[| Received parameter 'GRID_HUB_PORT' = 4444| ]]>
    </line>
    <line>
      <![CDATA[| Received parameter 'GRID_HUB_IP' = localhost| ]]>
    </line>
    <line>
      <![CDATA[| Received parameter 'UI_USERNAME' = admin| ]]>
    </line>
    <line>
      <![CDATA[| Received parameter 'UI_PASSWORD' = Admin@1234| ]]>
    </line>
    <line>
      <![CDATA[| Received parameter 'UI_DEVUSERNAME' = dev01| ]]>
    </line>
    <line>
      <![CDATA[| Received parameter 'UI_DEVPASSWORD' = Admin@1234| ]]>
    </line>
    <line>
      <![CDATA[| Received parameter 'ScreenshotEnable' = true| ]]>
    </line>
    <line>
      <![CDATA[| Initializing self healing driver| ]]>
    </line>
    <line>
      <![CDATA[| New driver instantiated.| ]]>
    </line>
    <line>
      <![CDATA[| Received parameter 'TestEnvironment' = QA| ]]>
    </line>
    <line>
      <![CDATA[| Scenario Name: user able to provision the application| ]]>
    </line>
    <line>
      <![CDATA[| Received parameter 'TestEnvironment' = QA| ]]>
    </line>
    <line>
      <![CDATA[| Entered username| ]]>
    </line>
    <line>
      <![CDATA[| Entered password| ]]>
    </line>
    <line>
      <![CDATA[| Clicked on my application menu| ]]>
    </line>
    <line>
      <![CDATA[| Clicked on application for provision| ]]>
    </line>
    <line>
      <![CDATA[| User is on application provision page| ]]>
    </line>
    <line>
      <![CDATA[| Zone selected| ]]>
    </line>
    <line>
      <![CDATA[| Clicked on provision button| ]]>
    </line>
    <line>
      <![CDATA[| Request accepted message is displayed| ]]>
    </line>
    <line>
      <![CDATA[| Execution status is: PASSED| ]]>
    </line>
  </reporter-output>
  <suite started-at="2023-02-28T15:16:55 IST" name="Surefire suite" finished-at="2023-02-28T15:17:19 IST" duration-ms="24129">
    <groups>
      <group name="cucumber">
        <method signature="AbstractTestNGCucumberTests.runScenario(io.cucumber.testng.PickleWrapper,io.cucumber.testng.FeatureWrapper)[pri:0, instance:runner.TestRunner@670002]" name="runScenario" class="io.cucumber.testng.AbstractTestNGCucumberTests"/>
      </group> <!-- cucumber -->
    </groups>
    <test started-at="2023-02-28T15:16:55 IST" name="Surefire test" finished-at="2023-02-28T15:17:19 IST" duration-ms="24129">
      <class name="runner.TestRunner">
        <test-method is-config="true" signature="setUpClass(org.testng.ITestContext)[pri:0, instance:runner.TestRunner@670002]" started-at="2023-02-28T15:16:55 IST" name="setUpClass" finished-at="2023-02-28T15:16:56 IST" duration-ms="756" status="PASS">
          <params>
            <param index="0">
              <value>
                <![CDATA[org.testng.TestRunner@7e81617a]]>
              </value>
            </param>
          </params>
          <reporter-output>
          </reporter-output>
        </test-method> <!-- setUpClass -->
        <test-method signature="runScenario(io.cucumber.testng.PickleWrapper,io.cucumber.testng.FeatureWrapper)[pri:0, instance:runner.TestRunner@670002]" started-at="2023-02-28T15:16:56 IST" name="runScenario" description="Runs Cucumber Scenarios" data-provider="scenarios" finished-at="2023-02-28T15:17:19 IST" duration-ms="23204" status="PASS">
          <params>
            <param index="0">
              <value>
                <![CDATA["user able to provision the application"]]>
              </value>
            </param>
            <param index="1">
              <value>
                <![CDATA["Optional[My Application Feature]"]]>
              </value>
            </param>
          </params>
          <reporter-output>
            <line>
              <![CDATA[| Received parameter 'TestEnvironment' = QA| ]]>
            </line>
            <line>
              <![CDATA[| Received parameter 'ExecutionServer' = Local| ]]>
            </line>
            <line>
              <![CDATA[| Received parameter 'InterfaceType' = Web| ]]>
            </line>
            <line>
              <![CDATA[| Received parameter 'DefaultDownloadPath' = ./src/test/resources/Downloads| ]]>
            </line>
            <line>
              <![CDATA[| Received parameter 'AZURE_KEYVAULT_URL' = | ]]>
            </line>
            <line>
              <![CDATA[| Received parameter 'TestBrowser' = chrome| ]]>
            </line>
            <line>
              <![CDATA[| Received parameter 'UI_BASE_URL' = https://10.139.9.3:31012/MEC/login| ]]>
            </line>
            <line>
              <![CDATA[| Received parameter 'GRID_HUB_PORT' = 4444| ]]>
            </line>
            <line>
              <![CDATA[| Received parameter 'GRID_HUB_IP' = localhost| ]]>
            </line>
            <line>
              <![CDATA[| Received parameter 'UI_USERNAME' = admin| ]]>
            </line>
            <line>
              <![CDATA[| Received parameter 'UI_PASSWORD' = Admin@1234| ]]>
            </line>
            <line>
              <![CDATA[| Received parameter 'UI_DEVUSERNAME' = dev01| ]]>
            </line>
            <line>
              <![CDATA[| Received parameter 'UI_DEVPASSWORD' = Admin@1234| ]]>
            </line>
            <line>
              <![CDATA[| Received parameter 'ScreenshotEnable' = true| ]]>
            </line>
            <line>
              <![CDATA[| Initializing self healing driver| ]]>
            </line>
            <line>
              <![CDATA[| New driver instantiated.| ]]>
            </line>
            <line>
              <![CDATA[| Received parameter 'TestEnvironment' = QA| ]]>
            </line>
            <line>
              <![CDATA[| Scenario Name: user able to provision the application| ]]>
            </line>
            <line>
              <![CDATA[| Received parameter 'TestEnvironment' = QA| ]]>
            </line>
            <line>
              <![CDATA[| Entered username| ]]>
            </line>
            <line>
              <![CDATA[| Entered password| ]]>
            </line>
            <line>
              <![CDATA[| Clicked on my application menu| ]]>
            </line>
            <line>
              <![CDATA[| Clicked on application for provision| ]]>
            </line>
            <line>
              <![CDATA[| User is on application provision page| ]]>
            </line>
            <line>
              <![CDATA[| Zone selected| ]]>
            </line>
            <line>
              <![CDATA[| Clicked on provision button| ]]>
            </line>
            <line>
              <![CDATA[| Request accepted message is displayed| ]]>
            </line>
            <line>
              <![CDATA[| Execution status is: PASSED| ]]>
            </line>
          </reporter-output>
        </test-method> <!-- runScenario -->
        <test-method is-config="true" signature="tearDownClass()[pri:0, instance:runner.TestRunner@670002]" started-at="2023-02-28T15:17:19 IST" name="tearDownClass" finished-at="2023-02-28T15:17:19 IST" duration-ms="124" status="PASS">
          <reporter-output>
          </reporter-output>
        </test-method> <!-- tearDownClass -->
      </class> <!-- runner.TestRunner -->
    </test> <!-- Surefire test -->
  </suite> <!-- Surefire suite -->
</testng-results>
