<?xml version="1.0" encoding="UTF-8"?>
<testng-results ignored="0" total="12" passed="8" failed="4" skipped="0">
  <reporter-output>
    <line>
      <![CDATA[| Received parameter 'TestEnvironment' = QA| ]]>
    </line>
    <line>
      <![CDATA[| Received parameter 'ExecutionServer' = Local| ]]>
    </line>
    <line>
      <![CDATA[| Received parameter 'InterfaceType' = Web| ]]>
    </line>
    <line>
      <![CDATA[| Received parameter 'DefaultDownloadPath' = ./src/test/resources/Downloads| ]]>
    </line>
    <line>
      <![CDATA[| Received parameter 'AZURE_KEYVAULT_URL' = | ]]>
    </line>
    <line>
      <![CDATA[| Received parameter 'TestBrowser' = chrome| ]]>
    </line>
    <line>
      <![CDATA[| Received parameter 'UI_BASE_URL' = https://10.139.9.7:31012/MEC/login| ]]>
    </line>
    <line>
      <![CDATA[| Received parameter 'GRID_HUB_PORT' = 4444| ]]>
    </line>
    <line>
      <![CDATA[| Received parameter 'GRID_HUB_IP' = localhost| ]]>
    </line>
    <line>
      <![CDATA[| Received parameter 'UI_USERNAME' = admin| ]]>
    </line>
    <line>
      <![CDATA[| Received parameter 'UI_PASSWORD' = Admin@1234| ]]>
    </line>
    <line>
      <![CDATA[| Received parameter 'UI_DEVUSERNAME' = dev01| ]]>
    </line>
    <line>
      <![CDATA[| Received parameter 'UI_DEVPASSWORD' = Admin@1234| ]]>
    </line>
    <line>
      <![CDATA[| Received parameter 'ScreenshotEnable' = true| ]]>
    </line>
    <line>
      <![CDATA[| Initializing self healing driver| ]]>
    </line>
    <line>
      <![CDATA[| New driver instantiated.| ]]>
    </line>
    <line>
      <![CDATA[| Received parameter 'TestEnvironment' = QA| ]]>
    </line>
    <line>
      <![CDATA[| Scenario Name: user able to delete artifact| ]]>
    </line>
    <line>
      <![CDATA[| Received parameter 'TestEnvironment' = QA| ]]>
    </line>
    <line>
      <![CDATA[| Entered username| ]]>
    </line>
    <line>
      <![CDATA[| Entered password| ]]>
    </line>
    <line>
      <![CDATA[| Clicked on my application menu| ]]>
    </line>
    <line>
      <![CDATA[| Selected container| ]]>
    </line>
    <line>
      <![CDATA[| Container as service selected| ]]>
    </line>
    <line>
      <![CDATA[| Clicked on select artifact| ]]>
    </line>
    <line>
      <![CDATA[| Artifact List is displayed| ]]>
    </line>
    <line>
      <![CDATA[| Clicked Delete Button| ]]>
    </line>
    <line>
      <![CDATA[| Confirmed for deletion of artiofact| ]]>
    </line>
    <line>
      <![CDATA[| Execution status is: FAILED| ]]>
    </line>
    <line>
      <![CDATA[| Received parameter 'TestEnvironment' = QA| ]]>
    </line>
    <line>
      <![CDATA[| Initializing self healing driver| ]]>
    </line>
    <line>
      <![CDATA[| New driver instantiated.| ]]>
    </line>
    <line>
      <![CDATA[| Received parameter 'TestEnvironment' = QA| ]]>
    </line>
    <line>
      <![CDATA[| Scenario Name: user able to delete artifact| ]]>
    </line>
    <line>
      <![CDATA[| Received parameter 'TestEnvironment' = QA| ]]>
    </line>
    <line>
      <![CDATA[| Entered username| ]]>
    </line>
    <line>
      <![CDATA[| Entered password| ]]>
    </line>
    <line>
      <![CDATA[| Clicked on my application menu| ]]>
    </line>
    <line>
      <![CDATA[| Selected container| ]]>
    </line>
    <line>
      <![CDATA[| Container as service selected| ]]>
    </line>
    <line>
      <![CDATA[| Clicked on select artifact| ]]>
    </line>
    <line>
      <![CDATA[| Artifact List is displayed| ]]>
    </line>
    <line>
      <![CDATA[| Clicked Delete Button| ]]>
    </line>
    <line>
      <![CDATA[| Confirmed for deletion of artiofact| ]]>
    </line>
    <line>
      <![CDATA[| Execution status is: FAILED| ]]>
    </line>
    <line>
      <![CDATA[| Received parameter 'TestEnvironment' = QA| ]]>
    </line>
    <line>
      <![CDATA[| Initializing self healing driver| ]]>
    </line>
    <line>
      <![CDATA[| New driver instantiated.| ]]>
    </line>
    <line>
      <![CDATA[| Received parameter 'TestEnvironment' = QA| ]]>
    </line>
    <line>
      <![CDATA[| Scenario Name: user able to delete artifact| ]]>
    </line>
    <line>
      <![CDATA[| Received parameter 'TestEnvironment' = QA| ]]>
    </line>
    <line>
      <![CDATA[| Entered username| ]]>
    </line>
    <line>
      <![CDATA[| Entered password| ]]>
    </line>
    <line>
      <![CDATA[| Clicked on my application menu| ]]>
    </line>
    <line>
      <![CDATA[| Selected container| ]]>
    </line>
    <line>
      <![CDATA[| Container as service selected| ]]>
    </line>
    <line>
      <![CDATA[| Clicked on select artifact| ]]>
    </line>
    <line>
      <![CDATA[| Artifact List is displayed| ]]>
    </line>
    <line>
      <![CDATA[| Clicked Delete Button| ]]>
    </line>
    <line>
      <![CDATA[| Confirmed for deletion of artiofact| ]]>
    </line>
    <line>
      <![CDATA[| Artifact deleted message is displayed| ]]>
    </line>
    <line>
      <![CDATA[| Clicked on close| ]]>
    </line>
    <line>
      <![CDATA[| Artifact is deleted| ]]>
    </line>
    <line>
      <![CDATA[| ArtfacTID is not displayed| ]]>
    </line>
    <line>
      <![CDATA[| ArtfacTID is not displayed| ]]>
    </line>
    <line>
      <![CDATA[| ArtfacTID is not displayed| ]]>
    </line>
    <line>
      <![CDATA[| ArtfacTID is not displayed| ]]>
    </line>
    <line>
      <![CDATA[| ArtfacTID is not displayed| ]]>
    </line>
    <line>
      <![CDATA[| ArtfacTID is not displayed| ]]>
    </line>
    <line>
      <![CDATA[| ArtfacTID is not displayed| ]]>
    </line>
    <line>
      <![CDATA[| ArtfacTID is not displayed| ]]>
    </line>
    <line>
      <![CDATA[| ArtfacTID is not displayed| ]]>
    </line>
    <line>
      <![CDATA[| ArtfacTID is not displayed| ]]>
    </line>
    <line>
      <![CDATA[| ArtfacTID is not displayed| ]]>
    </line>
    <line>
      <![CDATA[| ArtfacTID is not displayed| ]]>
    </line>
    <line>
      <![CDATA[| ArtfacTID is not displayed| ]]>
    </line>
    <line>
      <![CDATA[| ArtfacTID is not displayed| ]]>
    </line>
    <line>
      <![CDATA[| ArtfacTID is not displayed| ]]>
    </line>
    <line>
      <![CDATA[| ArtfacTID is not displayed| ]]>
    </line>
    <line>
      <![CDATA[| ArtfacTID is not displayed| ]]>
    </line>
    <line>
      <![CDATA[| ArtfacTID is not displayed| ]]>
    </line>
    <line>
      <![CDATA[| ArtfacTID is not displayed| ]]>
    </line>
    <line>
      <![CDATA[| ArtfacTID is not displayed| ]]>
    </line>
    <line>
      <![CDATA[| ArtfacTID is not displayed| ]]>
    </line>
    <line>
      <![CDATA[| ArtfacTID is not displayed| ]]>
    </line>
    <line>
      <![CDATA[| ArtfacTID is not displayed| ]]>
    </line>
    <line>
      <![CDATA[| ArtfacTID is not displayed| ]]>
    </line>
    <line>
      <![CDATA[| ArtfacTID is not displayed| ]]>
    </line>
    <line>
      <![CDATA[| ArtfacTID is not displayed| ]]>
    </line>
    <line>
      <![CDATA[| ArtfacTID is not displayed| ]]>
    </line>
    <line>
      <![CDATA[| ArtfacTID is not displayed| ]]>
    </line>
    <line>
      <![CDATA[| ArtfacTID is not displayed| ]]>
    </line>
    <line>
      <![CDATA[| ArtfacTID is not displayed| ]]>
    </line>
    <line>
      <![CDATA[| ArtfacTID is not displayed| ]]>
    </line>
    <line>
      <![CDATA[| ArtfacTID is not displayed| ]]>
    </line>
    <line>
      <![CDATA[| ArtfacTID is not displayed| ]]>
    </line>
    <line>
      <![CDATA[| ArtfacTID is not displayed| ]]>
    </line>
    <line>
      <![CDATA[| ArtfacTID is not displayed| ]]>
    </line>
    <line>
      <![CDATA[| ArtfacTID is not displayed| ]]>
    </line>
    <line>
      <![CDATA[| ArtfacTID is not displayed| ]]>
    </line>
    <line>
      <![CDATA[| ArtfacTID is not displayed| ]]>
    </line>
    <line>
      <![CDATA[| Execution status is: PASSED| ]]>
    </line>
    <line>
      <![CDATA[| Received parameter 'TestEnvironment' = QA| ]]>
    </line>
    <line>
      <![CDATA[| Initializing self healing driver| ]]>
    </line>
    <line>
      <![CDATA[| New driver instantiated.| ]]>
    </line>
    <line>
      <![CDATA[| Received parameter 'TestEnvironment' = QA| ]]>
    </line>
    <line>
      <![CDATA[| Scenario Name: user able to delete artifact| ]]>
    </line>
    <line>
      <![CDATA[| Received parameter 'TestEnvironment' = QA| ]]>
    </line>
    <line>
      <![CDATA[| Entered username| ]]>
    </line>
    <line>
      <![CDATA[| Entered password| ]]>
    </line>
    <line>
      <![CDATA[| Clicked on my application menu| ]]>
    </line>
    <line>
      <![CDATA[| Selected container| ]]>
    </line>
    <line>
      <![CDATA[| Container as service selected| ]]>
    </line>
    <line>
      <![CDATA[| Clicked on select artifact| ]]>
    </line>
    <line>
      <![CDATA[| Artifact List is displayed| ]]>
    </line>
    <line>
      <![CDATA[| Clicked Delete Button| ]]>
    </line>
    <line>
      <![CDATA[| Confirmed for deletion of artiofact| ]]>
    </line>
    <line>
      <![CDATA[| Artifact deleted message is displayed| ]]>
    </line>
    <line>
      <![CDATA[| Clicked on close| ]]>
    </line>
    <line>
      <![CDATA[| Artifact is deleted| ]]>
    </line>
    <line>
      <![CDATA[| ArtfacTID is not displayed| ]]>
    </line>
    <line>
      <![CDATA[| ArtfacTID is not displayed| ]]>
    </line>
    <line>
      <![CDATA[| ArtfacTID is not displayed| ]]>
    </line>
    <line>
      <![CDATA[| ArtfacTID is not displayed| ]]>
    </line>
    <line>
      <![CDATA[| ArtfacTID is not displayed| ]]>
    </line>
    <line>
      <![CDATA[| ArtfacTID is not displayed| ]]>
    </line>
    <line>
      <![CDATA[| ArtfacTID is not displayed| ]]>
    </line>
    <line>
      <![CDATA[| ArtfacTID is not displayed| ]]>
    </line>
    <line>
      <![CDATA[| ArtfacTID is not displayed| ]]>
    </line>
    <line>
      <![CDATA[| ArtfacTID is not displayed| ]]>
    </line>
    <line>
      <![CDATA[| ArtfacTID is not displayed| ]]>
    </line>
    <line>
      <![CDATA[| ArtfacTID is not displayed| ]]>
    </line>
    <line>
      <![CDATA[| ArtfacTID is not displayed| ]]>
    </line>
    <line>
      <![CDATA[| ArtfacTID is not displayed| ]]>
    </line>
    <line>
      <![CDATA[| ArtfacTID is not displayed| ]]>
    </line>
    <line>
      <![CDATA[| ArtfacTID is not displayed| ]]>
    </line>
    <line>
      <![CDATA[| ArtfacTID is not displayed| ]]>
    </line>
    <line>
      <![CDATA[| ArtfacTID is not displayed| ]]>
    </line>
    <line>
      <![CDATA[| ArtfacTID is not displayed| ]]>
    </line>
    <line>
      <![CDATA[| ArtfacTID is not displayed| ]]>
    </line>
    <line>
      <![CDATA[| ArtfacTID is not displayed| ]]>
    </line>
    <line>
      <![CDATA[| ArtfacTID is not displayed| ]]>
    </line>
    <line>
      <![CDATA[| ArtfacTID is not displayed| ]]>
    </line>
    <line>
      <![CDATA[| ArtfacTID is not displayed| ]]>
    </line>
    <line>
      <![CDATA[| ArtfacTID is not displayed| ]]>
    </line>
    <line>
      <![CDATA[| ArtfacTID is not displayed| ]]>
    </line>
    <line>
      <![CDATA[| ArtfacTID is not displayed| ]]>
    </line>
    <line>
      <![CDATA[| ArtfacTID is not displayed| ]]>
    </line>
    <line>
      <![CDATA[| ArtfacTID is not displayed| ]]>
    </line>
    <line>
      <![CDATA[| ArtfacTID is not displayed| ]]>
    </line>
    <line>
      <![CDATA[| ArtfacTID is not displayed| ]]>
    </line>
    <line>
      <![CDATA[| ArtfacTID is not displayed| ]]>
    </line>
    <line>
      <![CDATA[| ArtfacTID is not displayed| ]]>
    </line>
    <line>
      <![CDATA[| ArtfacTID is not displayed| ]]>
    </line>
    <line>
      <![CDATA[| ArtfacTID is not displayed| ]]>
    </line>
    <line>
      <![CDATA[| ArtfacTID is not displayed| ]]>
    </line>
    <line>
      <![CDATA[| ArtfacTID is not displayed| ]]>
    </line>
    <line>
      <![CDATA[| Execution status is: PASSED| ]]>
    </line>
    <line>
      <![CDATA[| Received parameter 'TestEnvironment' = QA| ]]>
    </line>
    <line>
      <![CDATA[| Initializing self healing driver| ]]>
    </line>
    <line>
      <![CDATA[| New driver instantiated.| ]]>
    </line>
    <line>
      <![CDATA[| Received parameter 'TestEnvironment' = QA| ]]>
    </line>
    <line>
      <![CDATA[| Scenario Name: user able to delete artifact| ]]>
    </line>
    <line>
      <![CDATA[| Received parameter 'TestEnvironment' = QA| ]]>
    </line>
    <line>
      <![CDATA[| Entered username| ]]>
    </line>
    <line>
      <![CDATA[| Entered password| ]]>
    </line>
    <line>
      <![CDATA[| Clicked on my application menu| ]]>
    </line>
    <line>
      <![CDATA[| Selected container| ]]>
    </line>
    <line>
      <![CDATA[| Container as service selected| ]]>
    </line>
    <line>
      <![CDATA[| Clicked on select artifact| ]]>
    </line>
    <line>
      <![CDATA[| Artifact List is displayed| ]]>
    </line>
    <line>
      <![CDATA[| Clicked Delete Button| ]]>
    </line>
    <line>
      <![CDATA[| Confirmed for deletion of artiofact| ]]>
    </line>
    <line>
      <![CDATA[| Artifact deleted message is displayed| ]]>
    </line>
    <line>
      <![CDATA[| Clicked on close| ]]>
    </line>
    <line>
      <![CDATA[| Artifact is deleted| ]]>
    </line>
    <line>
      <![CDATA[| ArtfacTID is not displayed| ]]>
    </line>
    <line>
      <![CDATA[| ArtfacTID is not displayed| ]]>
    </line>
    <line>
      <![CDATA[| ArtfacTID is not displayed| ]]>
    </line>
    <line>
      <![CDATA[| ArtfacTID is not displayed| ]]>
    </line>
    <line>
      <![CDATA[| ArtfacTID is not displayed| ]]>
    </line>
    <line>
      <![CDATA[| ArtfacTID is not displayed| ]]>
    </line>
    <line>
      <![CDATA[| ArtfacTID is not displayed| ]]>
    </line>
    <line>
      <![CDATA[| ArtfacTID is not displayed| ]]>
    </line>
    <line>
      <![CDATA[| ArtfacTID is not displayed| ]]>
    </line>
    <line>
      <![CDATA[| ArtfacTID is not displayed| ]]>
    </line>
    <line>
      <![CDATA[| ArtfacTID is not displayed| ]]>
    </line>
    <line>
      <![CDATA[| ArtfacTID is not displayed| ]]>
    </line>
    <line>
      <![CDATA[| ArtfacTID is not displayed| ]]>
    </line>
    <line>
      <![CDATA[| ArtfacTID is not displayed| ]]>
    </line>
    <line>
      <![CDATA[| ArtfacTID is not displayed| ]]>
    </line>
    <line>
      <![CDATA[| ArtfacTID is not displayed| ]]>
    </line>
    <line>
      <![CDATA[| ArtfacTID is not displayed| ]]>
    </line>
    <line>
      <![CDATA[| ArtfacTID is not displayed| ]]>
    </line>
    <line>
      <![CDATA[| ArtfacTID is not displayed| ]]>
    </line>
    <line>
      <![CDATA[| ArtfacTID is not displayed| ]]>
    </line>
    <line>
      <![CDATA[| ArtfacTID is not displayed| ]]>
    </line>
    <line>
      <![CDATA[| ArtfacTID is not displayed| ]]>
    </line>
    <line>
      <![CDATA[| ArtfacTID is not displayed| ]]>
    </line>
    <line>
      <![CDATA[| ArtfacTID is not displayed| ]]>
    </line>
    <line>
      <![CDATA[| ArtfacTID is not displayed| ]]>
    </line>
    <line>
      <![CDATA[| ArtfacTID is not displayed| ]]>
    </line>
    <line>
      <![CDATA[| ArtfacTID is not displayed| ]]>
    </line>
    <line>
      <![CDATA[| ArtfacTID is not displayed| ]]>
    </line>
    <line>
      <![CDATA[| ArtfacTID is not displayed| ]]>
    </line>
    <line>
      <![CDATA[| ArtfacTID is not displayed| ]]>
    </line>
    <line>
      <![CDATA[| ArtfacTID is not displayed| ]]>
    </line>
    <line>
      <![CDATA[| ArtfacTID is not displayed| ]]>
    </line>
    <line>
      <![CDATA[| ArtfacTID is not displayed| ]]>
    </line>
    <line>
      <![CDATA[| ArtfacTID is not displayed| ]]>
    </line>
    <line>
      <![CDATA[| ArtfacTID is not displayed| ]]>
    </line>
    <line>
      <![CDATA[| ArtfacTID is not displayed| ]]>
    </line>
    <line>
      <![CDATA[| Execution status is: PASSED| ]]>
    </line>
    <line>
      <![CDATA[| Received parameter 'TestEnvironment' = QA| ]]>
    </line>
    <line>
      <![CDATA[| Initializing self healing driver| ]]>
    </line>
    <line>
      <![CDATA[| New driver instantiated.| ]]>
    </line>
    <line>
      <![CDATA[| Received parameter 'TestEnvironment' = QA| ]]>
    </line>
    <line>
      <![CDATA[| Scenario Name: user able to delete artifact| ]]>
    </line>
    <line>
      <![CDATA[| Received parameter 'TestEnvironment' = QA| ]]>
    </line>
    <line>
      <![CDATA[| Entered username| ]]>
    </line>
    <line>
      <![CDATA[| Entered password| ]]>
    </line>
    <line>
      <![CDATA[| Clicked on my application menu| ]]>
    </line>
    <line>
      <![CDATA[| Selected container| ]]>
    </line>
    <line>
      <![CDATA[| Container as service selected| ]]>
    </line>
    <line>
      <![CDATA[| Clicked on select artifact| ]]>
    </line>
    <line>
      <![CDATA[| Artifact List is displayed| ]]>
    </line>
    <line>
      <![CDATA[| Clicked Delete Button| ]]>
    </line>
    <line>
      <![CDATA[| Confirmed for deletion of artiofact| ]]>
    </line>
    <line>
      <![CDATA[| Artifact deleted message is displayed| ]]>
    </line>
    <line>
      <![CDATA[| Clicked on close| ]]>
    </line>
    <line>
      <![CDATA[| Artifact is deleted| ]]>
    </line>
    <line>
      <![CDATA[| ArtfacTID is not displayed| ]]>
    </line>
    <line>
      <![CDATA[| ArtfacTID is not displayed| ]]>
    </line>
    <line>
      <![CDATA[| ArtfacTID is not displayed| ]]>
    </line>
    <line>
      <![CDATA[| ArtfacTID is not displayed| ]]>
    </line>
    <line>
      <![CDATA[| ArtfacTID is not displayed| ]]>
    </line>
    <line>
      <![CDATA[| ArtfacTID is not displayed| ]]>
    </line>
    <line>
      <![CDATA[| ArtfacTID is not displayed| ]]>
    </line>
    <line>
      <![CDATA[| ArtfacTID is not displayed| ]]>
    </line>
    <line>
      <![CDATA[| ArtfacTID is not displayed| ]]>
    </line>
    <line>
      <![CDATA[| ArtfacTID is not displayed| ]]>
    </line>
    <line>
      <![CDATA[| ArtfacTID is not displayed| ]]>
    </line>
    <line>
      <![CDATA[| ArtfacTID is not displayed| ]]>
    </line>
    <line>
      <![CDATA[| ArtfacTID is not displayed| ]]>
    </line>
    <line>
      <![CDATA[| ArtfacTID is not displayed| ]]>
    </line>
    <line>
      <![CDATA[| ArtfacTID is not displayed| ]]>
    </line>
    <line>
      <![CDATA[| ArtfacTID is not displayed| ]]>
    </line>
    <line>
      <![CDATA[| ArtfacTID is not displayed| ]]>
    </line>
    <line>
      <![CDATA[| ArtfacTID is not displayed| ]]>
    </line>
    <line>
      <![CDATA[| ArtfacTID is not displayed| ]]>
    </line>
    <line>
      <![CDATA[| ArtfacTID is not displayed| ]]>
    </line>
    <line>
      <![CDATA[| ArtfacTID is not displayed| ]]>
    </line>
    <line>
      <![CDATA[| ArtfacTID is not displayed| ]]>
    </line>
    <line>
      <![CDATA[| ArtfacTID is not displayed| ]]>
    </line>
    <line>
      <![CDATA[| ArtfacTID is not displayed| ]]>
    </line>
    <line>
      <![CDATA[| ArtfacTID is not displayed| ]]>
    </line>
    <line>
      <![CDATA[| ArtfacTID is not displayed| ]]>
    </line>
    <line>
      <![CDATA[| ArtfacTID is not displayed| ]]>
    </line>
    <line>
      <![CDATA[| ArtfacTID is not displayed| ]]>
    </line>
    <line>
      <![CDATA[| ArtfacTID is not displayed| ]]>
    </line>
    <line>
      <![CDATA[| ArtfacTID is not displayed| ]]>
    </line>
    <line>
      <![CDATA[| ArtfacTID is not displayed| ]]>
    </line>
    <line>
      <![CDATA[| ArtfacTID is not displayed| ]]>
    </line>
    <line>
      <![CDATA[| ArtfacTID is not displayed| ]]>
    </line>
    <line>
      <![CDATA[| ArtfacTID is not displayed| ]]>
    </line>
    <line>
      <![CDATA[| ArtfacTID is not displayed| ]]>
    </line>
    <line>
      <![CDATA[| Execution status is: PASSED| ]]>
    </line>
    <line>
      <![CDATA[| Received parameter 'TestEnvironment' = QA| ]]>
    </line>
    <line>
      <![CDATA[| Initializing self healing driver| ]]>
    </line>
    <line>
      <![CDATA[| New driver instantiated.| ]]>
    </line>
    <line>
      <![CDATA[| Received parameter 'TestEnvironment' = QA| ]]>
    </line>
    <line>
      <![CDATA[| Scenario Name: user able to delete artifact| ]]>
    </line>
    <line>
      <![CDATA[| Received parameter 'TestEnvironment' = QA| ]]>
    </line>
    <line>
      <![CDATA[| Entered username| ]]>
    </line>
    <line>
      <![CDATA[| Entered password| ]]>
    </line>
    <line>
      <![CDATA[| Clicked on my application menu| ]]>
    </line>
    <line>
      <![CDATA[| Selected container| ]]>
    </line>
    <line>
      <![CDATA[| Container as service selected| ]]>
    </line>
    <line>
      <![CDATA[| Clicked on select artifact| ]]>
    </line>
    <line>
      <![CDATA[| Artifact List is displayed| ]]>
    </line>
    <line>
      <![CDATA[| Clicked Delete Button| ]]>
    </line>
    <line>
      <![CDATA[| Confirmed for deletion of artiofact| ]]>
    </line>
    <line>
      <![CDATA[| Execution status is: FAILED| ]]>
    </line>
    <line>
      <![CDATA[| Received parameter 'TestEnvironment' = QA| ]]>
    </line>
    <line>
      <![CDATA[| Initializing self healing driver| ]]>
    </line>
    <line>
      <![CDATA[| New driver instantiated.| ]]>
    </line>
    <line>
      <![CDATA[| Received parameter 'TestEnvironment' = QA| ]]>
    </line>
    <line>
      <![CDATA[| Scenario Name: user able to delete artifact| ]]>
    </line>
    <line>
      <![CDATA[| Received parameter 'TestEnvironment' = QA| ]]>
    </line>
    <line>
      <![CDATA[| Entered username| ]]>
    </line>
    <line>
      <![CDATA[| Entered password| ]]>
    </line>
    <line>
      <![CDATA[| Clicked on my application menu| ]]>
    </line>
    <line>
      <![CDATA[| Selected container| ]]>
    </line>
    <line>
      <![CDATA[| Container as service selected| ]]>
    </line>
    <line>
      <![CDATA[| Clicked on select artifact| ]]>
    </line>
    <line>
      <![CDATA[| Artifact List is displayed| ]]>
    </line>
    <line>
      <![CDATA[| Clicked Delete Button| ]]>
    </line>
    <line>
      <![CDATA[| Confirmed for deletion of artiofact| ]]>
    </line>
    <line>
      <![CDATA[| Artifact deleted message is displayed| ]]>
    </line>
    <line>
      <![CDATA[| Clicked on close| ]]>
    </line>
    <line>
      <![CDATA[| Artifact is deleted| ]]>
    </line>
    <line>
      <![CDATA[| ArtfacTID is not displayed| ]]>
    </line>
    <line>
      <![CDATA[| ArtfacTID is not displayed| ]]>
    </line>
    <line>
      <![CDATA[| ArtfacTID is not displayed| ]]>
    </line>
    <line>
      <![CDATA[| ArtfacTID is not displayed| ]]>
    </line>
    <line>
      <![CDATA[| ArtfacTID is not displayed| ]]>
    </line>
    <line>
      <![CDATA[| ArtfacTID is not displayed| ]]>
    </line>
    <line>
      <![CDATA[| ArtfacTID is not displayed| ]]>
    </line>
    <line>
      <![CDATA[| ArtfacTID is not displayed| ]]>
    </line>
    <line>
      <![CDATA[| ArtfacTID is not displayed| ]]>
    </line>
    <line>
      <![CDATA[| ArtfacTID is not displayed| ]]>
    </line>
    <line>
      <![CDATA[| ArtfacTID is not displayed| ]]>
    </line>
    <line>
      <![CDATA[| ArtfacTID is not displayed| ]]>
    </line>
    <line>
      <![CDATA[| ArtfacTID is not displayed| ]]>
    </line>
    <line>
      <![CDATA[| ArtfacTID is not displayed| ]]>
    </line>
    <line>
      <![CDATA[| ArtfacTID is not displayed| ]]>
    </line>
    <line>
      <![CDATA[| ArtfacTID is not displayed| ]]>
    </line>
    <line>
      <![CDATA[| ArtfacTID is not displayed| ]]>
    </line>
    <line>
      <![CDATA[| ArtfacTID is not displayed| ]]>
    </line>
    <line>
      <![CDATA[| ArtfacTID is not displayed| ]]>
    </line>
    <line>
      <![CDATA[| ArtfacTID is not displayed| ]]>
    </line>
    <line>
      <![CDATA[| ArtfacTID is not displayed| ]]>
    </line>
    <line>
      <![CDATA[| ArtfacTID is not displayed| ]]>
    </line>
    <line>
      <![CDATA[| ArtfacTID is not displayed| ]]>
    </line>
    <line>
      <![CDATA[| ArtfacTID is not displayed| ]]>
    </line>
    <line>
      <![CDATA[| ArtfacTID is not displayed| ]]>
    </line>
    <line>
      <![CDATA[| ArtfacTID is not displayed| ]]>
    </line>
    <line>
      <![CDATA[| ArtfacTID is not displayed| ]]>
    </line>
    <line>
      <![CDATA[| ArtfacTID is not displayed| ]]>
    </line>
    <line>
      <![CDATA[| ArtfacTID is not displayed| ]]>
    </line>
    <line>
      <![CDATA[| ArtfacTID is not displayed| ]]>
    </line>
    <line>
      <![CDATA[| ArtfacTID is not displayed| ]]>
    </line>
    <line>
      <![CDATA[| ArtfacTID is not displayed| ]]>
    </line>
    <line>
      <![CDATA[| ArtfacTID is not displayed| ]]>
    </line>
    <line>
      <![CDATA[| ArtfacTID is not displayed| ]]>
    </line>
    <line>
      <![CDATA[| Execution status is: PASSED| ]]>
    </line>
    <line>
      <![CDATA[| Received parameter 'TestEnvironment' = QA| ]]>
    </line>
    <line>
      <![CDATA[| Initializing self healing driver| ]]>
    </line>
    <line>
      <![CDATA[| New driver instantiated.| ]]>
    </line>
    <line>
      <![CDATA[| Received parameter 'TestEnvironment' = QA| ]]>
    </line>
    <line>
      <![CDATA[| Scenario Name: user able to delete artifact| ]]>
    </line>
    <line>
      <![CDATA[| Received parameter 'TestEnvironment' = QA| ]]>
    </line>
    <line>
      <![CDATA[| Entered username| ]]>
    </line>
    <line>
      <![CDATA[| Entered password| ]]>
    </line>
    <line>
      <![CDATA[| Clicked on my application menu| ]]>
    </line>
    <line>
      <![CDATA[| Selected container| ]]>
    </line>
    <line>
      <![CDATA[| Container as service selected| ]]>
    </line>
    <line>
      <![CDATA[| Clicked on select artifact| ]]>
    </line>
    <line>
      <![CDATA[| Artifact List is displayed| ]]>
    </line>
    <line>
      <![CDATA[| Clicked Delete Button| ]]>
    </line>
    <line>
      <![CDATA[| Confirmed for deletion of artiofact| ]]>
    </line>
    <line>
      <![CDATA[| Artifact deleted message is displayed| ]]>
    </line>
    <line>
      <![CDATA[| Clicked on close| ]]>
    </line>
    <line>
      <![CDATA[| Artifact is deleted| ]]>
    </line>
    <line>
      <![CDATA[| ArtfacTID is not displayed| ]]>
    </line>
    <line>
      <![CDATA[| ArtfacTID is not displayed| ]]>
    </line>
    <line>
      <![CDATA[| ArtfacTID is not displayed| ]]>
    </line>
    <line>
      <![CDATA[| ArtfacTID is not displayed| ]]>
    </line>
    <line>
      <![CDATA[| ArtfacTID is not displayed| ]]>
    </line>
    <line>
      <![CDATA[| ArtfacTID is not displayed| ]]>
    </line>
    <line>
      <![CDATA[| ArtfacTID is not displayed| ]]>
    </line>
    <line>
      <![CDATA[| ArtfacTID is not displayed| ]]>
    </line>
    <line>
      <![CDATA[| ArtfacTID is not displayed| ]]>
    </line>
    <line>
      <![CDATA[| ArtfacTID is not displayed| ]]>
    </line>
    <line>
      <![CDATA[| ArtfacTID is not displayed| ]]>
    </line>
    <line>
      <![CDATA[| ArtfacTID is not displayed| ]]>
    </line>
    <line>
      <![CDATA[| ArtfacTID is not displayed| ]]>
    </line>
    <line>
      <![CDATA[| ArtfacTID is not displayed| ]]>
    </line>
    <line>
      <![CDATA[| ArtfacTID is not displayed| ]]>
    </line>
    <line>
      <![CDATA[| ArtfacTID is not displayed| ]]>
    </line>
    <line>
      <![CDATA[| ArtfacTID is not displayed| ]]>
    </line>
    <line>
      <![CDATA[| ArtfacTID is not displayed| ]]>
    </line>
    <line>
      <![CDATA[| ArtfacTID is not displayed| ]]>
    </line>
    <line>
      <![CDATA[| ArtfacTID is not displayed| ]]>
    </line>
    <line>
      <![CDATA[| ArtfacTID is not displayed| ]]>
    </line>
    <line>
      <![CDATA[| ArtfacTID is not displayed| ]]>
    </line>
    <line>
      <![CDATA[| ArtfacTID is not displayed| ]]>
    </line>
    <line>
      <![CDATA[| ArtfacTID is not displayed| ]]>
    </line>
    <line>
      <![CDATA[| ArtfacTID is not displayed| ]]>
    </line>
    <line>
      <![CDATA[| ArtfacTID is not displayed| ]]>
    </line>
    <line>
      <![CDATA[| ArtfacTID is not displayed| ]]>
    </line>
    <line>
      <![CDATA[| ArtfacTID is not displayed| ]]>
    </line>
    <line>
      <![CDATA[| ArtfacTID is not displayed| ]]>
    </line>
    <line>
      <![CDATA[| ArtfacTID is not displayed| ]]>
    </line>
    <line>
      <![CDATA[| ArtfacTID is not displayed| ]]>
    </line>
    <line>
      <![CDATA[| ArtfacTID is not displayed| ]]>
    </line>
    <line>
      <![CDATA[| ArtfacTID is not displayed| ]]>
    </line>
    <line>
      <![CDATA[| Execution status is: PASSED| ]]>
    </line>
    <line>
      <![CDATA[| Received parameter 'TestEnvironment' = QA| ]]>
    </line>
    <line>
      <![CDATA[| Initializing self healing driver| ]]>
    </line>
    <line>
      <![CDATA[| New driver instantiated.| ]]>
    </line>
    <line>
      <![CDATA[| Received parameter 'TestEnvironment' = QA| ]]>
    </line>
    <line>
      <![CDATA[| Scenario Name: user able to delete artifact| ]]>
    </line>
    <line>
      <![CDATA[| Received parameter 'TestEnvironment' = QA| ]]>
    </line>
    <line>
      <![CDATA[| Entered username| ]]>
    </line>
    <line>
      <![CDATA[| Entered password| ]]>
    </line>
    <line>
      <![CDATA[| Clicked on my application menu| ]]>
    </line>
    <line>
      <![CDATA[| Selected container| ]]>
    </line>
    <line>
      <![CDATA[| Container as service selected| ]]>
    </line>
    <line>
      <![CDATA[| Clicked on select artifact| ]]>
    </line>
    <line>
      <![CDATA[| Artifact List is displayed| ]]>
    </line>
    <line>
      <![CDATA[| Clicked Delete Button| ]]>
    </line>
    <line>
      <![CDATA[| Confirmed for deletion of artiofact| ]]>
    </line>
    <line>
      <![CDATA[| Execution status is: FAILED| ]]>
    </line>
    <line>
      <![CDATA[| Received parameter 'TestEnvironment' = QA| ]]>
    </line>
    <line>
      <![CDATA[| Initializing self healing driver| ]]>
    </line>
    <line>
      <![CDATA[| New driver instantiated.| ]]>
    </line>
    <line>
      <![CDATA[| Received parameter 'TestEnvironment' = QA| ]]>
    </line>
    <line>
      <![CDATA[| Scenario Name: user able to delete artifact| ]]>
    </line>
    <line>
      <![CDATA[| Received parameter 'TestEnvironment' = QA| ]]>
    </line>
    <line>
      <![CDATA[| Entered username| ]]>
    </line>
    <line>
      <![CDATA[| Entered password| ]]>
    </line>
    <line>
      <![CDATA[| Clicked on my application menu| ]]>
    </line>
    <line>
      <![CDATA[| Selected container| ]]>
    </line>
    <line>
      <![CDATA[| Container as service selected| ]]>
    </line>
    <line>
      <![CDATA[| Clicked on select artifact| ]]>
    </line>
    <line>
      <![CDATA[| Artifact List is displayed| ]]>
    </line>
    <line>
      <![CDATA[| Clicked Delete Button| ]]>
    </line>
    <line>
      <![CDATA[| Confirmed for deletion of artiofact| ]]>
    </line>
    <line>
      <![CDATA[| Artifact deleted message is displayed| ]]>
    </line>
    <line>
      <![CDATA[| Clicked on close| ]]>
    </line>
    <line>
      <![CDATA[| Artifact is deleted| ]]>
    </line>
    <line>
      <![CDATA[| ArtfacTID is not displayed| ]]>
    </line>
    <line>
      <![CDATA[| ArtfacTID is not displayed| ]]>
    </line>
    <line>
      <![CDATA[| ArtfacTID is not displayed| ]]>
    </line>
    <line>
      <![CDATA[| ArtfacTID is not displayed| ]]>
    </line>
    <line>
      <![CDATA[| ArtfacTID is not displayed| ]]>
    </line>
    <line>
      <![CDATA[| ArtfacTID is not displayed| ]]>
    </line>
    <line>
      <![CDATA[| ArtfacTID is not displayed| ]]>
    </line>
    <line>
      <![CDATA[| ArtfacTID is not displayed| ]]>
    </line>
    <line>
      <![CDATA[| ArtfacTID is not displayed| ]]>
    </line>
    <line>
      <![CDATA[| ArtfacTID is not displayed| ]]>
    </line>
    <line>
      <![CDATA[| ArtfacTID is not displayed| ]]>
    </line>
    <line>
      <![CDATA[| ArtfacTID is not displayed| ]]>
    </line>
    <line>
      <![CDATA[| ArtfacTID is not displayed| ]]>
    </line>
    <line>
      <![CDATA[| ArtfacTID is not displayed| ]]>
    </line>
    <line>
      <![CDATA[| ArtfacTID is not displayed| ]]>
    </line>
    <line>
      <![CDATA[| ArtfacTID is not displayed| ]]>
    </line>
    <line>
      <![CDATA[| ArtfacTID is not displayed| ]]>
    </line>
    <line>
      <![CDATA[| ArtfacTID is not displayed| ]]>
    </line>
    <line>
      <![CDATA[| ArtfacTID is not displayed| ]]>
    </line>
    <line>
      <![CDATA[| ArtfacTID is not displayed| ]]>
    </line>
    <line>
      <![CDATA[| ArtfacTID is not displayed| ]]>
    </line>
    <line>
      <![CDATA[| ArtfacTID is not displayed| ]]>
    </line>
    <line>
      <![CDATA[| ArtfacTID is not displayed| ]]>
    </line>
    <line>
      <![CDATA[| ArtfacTID is not displayed| ]]>
    </line>
    <line>
      <![CDATA[| ArtfacTID is not displayed| ]]>
    </line>
    <line>
      <![CDATA[| ArtfacTID is not displayed| ]]>
    </line>
    <line>
      <![CDATA[| ArtfacTID is not displayed| ]]>
    </line>
    <line>
      <![CDATA[| ArtfacTID is not displayed| ]]>
    </line>
    <line>
      <![CDATA[| ArtfacTID is not displayed| ]]>
    </line>
    <line>
      <![CDATA[| ArtfacTID is not displayed| ]]>
    </line>
    <line>
      <![CDATA[| ArtfacTID is not displayed| ]]>
    </line>
    <line>
      <![CDATA[| ArtfacTID is not displayed| ]]>
    </line>
    <line>
      <![CDATA[| Execution status is: PASSED| ]]>
    </line>
    <line>
      <![CDATA[| Received parameter 'TestEnvironment' = QA| ]]>
    </line>
    <line>
      <![CDATA[| Initializing self healing driver| ]]>
    </line>
    <line>
      <![CDATA[| New driver instantiated.| ]]>
    </line>
    <line>
      <![CDATA[| Received parameter 'TestEnvironment' = QA| ]]>
    </line>
    <line>
      <![CDATA[| Scenario Name: user able to delete artifact| ]]>
    </line>
    <line>
      <![CDATA[| Received parameter 'TestEnvironment' = QA| ]]>
    </line>
    <line>
      <![CDATA[| Entered username| ]]>
    </line>
    <line>
      <![CDATA[| Entered password| ]]>
    </line>
    <line>
      <![CDATA[| Clicked on my application menu| ]]>
    </line>
    <line>
      <![CDATA[| Selected container| ]]>
    </line>
    <line>
      <![CDATA[| Container as service selected| ]]>
    </line>
    <line>
      <![CDATA[| Clicked on select artifact| ]]>
    </line>
    <line>
      <![CDATA[| Artifact List is displayed| ]]>
    </line>
    <line>
      <![CDATA[| Clicked Delete Button| ]]>
    </line>
    <line>
      <![CDATA[| Confirmed for deletion of artiofact| ]]>
    </line>
    <line>
      <![CDATA[| Artifact deleted message is displayed| ]]>
    </line>
    <line>
      <![CDATA[| Clicked on close| ]]>
    </line>
    <line>
      <![CDATA[| Artifact is deleted| ]]>
    </line>
    <line>
      <![CDATA[| ArtfacTID is not displayed| ]]>
    </line>
    <line>
      <![CDATA[| ArtfacTID is not displayed| ]]>
    </line>
    <line>
      <![CDATA[| ArtfacTID is not displayed| ]]>
    </line>
    <line>
      <![CDATA[| ArtfacTID is not displayed| ]]>
    </line>
    <line>
      <![CDATA[| ArtfacTID is not displayed| ]]>
    </line>
    <line>
      <![CDATA[| ArtfacTID is not displayed| ]]>
    </line>
    <line>
      <![CDATA[| ArtfacTID is not displayed| ]]>
    </line>
    <line>
      <![CDATA[| ArtfacTID is not displayed| ]]>
    </line>
    <line>
      <![CDATA[| ArtfacTID is not displayed| ]]>
    </line>
    <line>
      <![CDATA[| ArtfacTID is not displayed| ]]>
    </line>
    <line>
      <![CDATA[| ArtfacTID is not displayed| ]]>
    </line>
    <line>
      <![CDATA[| ArtfacTID is not displayed| ]]>
    </line>
    <line>
      <![CDATA[| ArtfacTID is not displayed| ]]>
    </line>
    <line>
      <![CDATA[| ArtfacTID is not displayed| ]]>
    </line>
    <line>
      <![CDATA[| ArtfacTID is not displayed| ]]>
    </line>
    <line>
      <![CDATA[| ArtfacTID is not displayed| ]]>
    </line>
    <line>
      <![CDATA[| ArtfacTID is not displayed| ]]>
    </line>
    <line>
      <![CDATA[| ArtfacTID is not displayed| ]]>
    </line>
    <line>
      <![CDATA[| ArtfacTID is not displayed| ]]>
    </line>
    <line>
      <![CDATA[| ArtfacTID is not displayed| ]]>
    </line>
    <line>
      <![CDATA[| ArtfacTID is not displayed| ]]>
    </line>
    <line>
      <![CDATA[| ArtfacTID is not displayed| ]]>
    </line>
    <line>
      <![CDATA[| ArtfacTID is not displayed| ]]>
    </line>
    <line>
      <![CDATA[| ArtfacTID is not displayed| ]]>
    </line>
    <line>
      <![CDATA[| ArtfacTID is not displayed| ]]>
    </line>
    <line>
      <![CDATA[| ArtfacTID is not displayed| ]]>
    </line>
    <line>
      <![CDATA[| ArtfacTID is not displayed| ]]>
    </line>
    <line>
      <![CDATA[| ArtfacTID is not displayed| ]]>
    </line>
    <line>
      <![CDATA[| ArtfacTID is not displayed| ]]>
    </line>
    <line>
      <![CDATA[| ArtfacTID is not displayed| ]]>
    </line>
    <line>
      <![CDATA[| ArtfacTID is not displayed| ]]>
    </line>
    <line>
      <![CDATA[| Execution status is: PASSED| ]]>
    </line>
  </reporter-output>
  <suite started-at="2023-02-13T21:49:38 IST" name="Surefire suite" finished-at="2023-02-13T21:58:23 IST" duration-ms="524782">
    <groups>
      <group name="cucumber">
        <method signature="AbstractTestNGCucumberTests.runScenario(io.cucumber.testng.PickleWrapper,io.cucumber.testng.FeatureWrapper)[pri:0, instance:runner.TestRunner@670002]" name="runScenario" class="io.cucumber.testng.AbstractTestNGCucumberTests"/>
      </group> <!-- cucumber -->
    </groups>
    <test started-at="2023-02-13T21:49:38 IST" name="Surefire test" finished-at="2023-02-13T21:58:23 IST" duration-ms="524782">
      <class name="runner.TestRunner">
        <test-method is-config="true" signature="setUpClass(org.testng.ITestContext)[pri:0, instance:runner.TestRunner@670002]" started-at="2023-02-13T21:49:38 IST" name="setUpClass" finished-at="2023-02-13T21:49:39 IST" duration-ms="723" status="PASS">
          <params>
            <param index="0">
              <value>
                <![CDATA[org.testng.TestRunner@d082916]]>
              </value>
            </param>
          </params>
          <reporter-output>
          </reporter-output>
        </test-method> <!-- setUpClass -->
        <test-method signature="runScenario(io.cucumber.testng.PickleWrapper,io.cucumber.testng.FeatureWrapper)[pri:0, instance:runner.TestRunner@670002]" started-at="2023-02-13T21:49:39 IST" name="runScenario" description="Runs Cucumber Scenarios" data-provider="scenarios" finished-at="2023-02-13T21:50:27 IST" duration-ms="47824" status="FAIL">
          <params>
            <param index="0">
              <value>
                <![CDATA["user able to delete artifact"]]>
              </value>
            </param>
            <param index="1">
              <value>
                <![CDATA["Optional[My Application Feature]"]]>
              </value>
            </param>
          </params>
          <exception class="org.openqa.selenium.NoSuchElementException">
            <message>
              <![CDATA[no such element: Unable to locate element: {"method":"xpath","selector":"//div[contains(text(),'Artifact Deleted !')]"}
  (Session info: chrome=110.0.5481.77)
For documentation on this error, please visit: https://selenium.dev/exceptions/#no_such_element
Build info: version: '4.1.1', revision: 'e8fcc2cecf'
System info: host: 'LIN24010693', ip: '192.168.1.207', os.name: 'Windows 10', os.arch: 'amd64', os.version: '10.0', java.version: '16'
Driver info: org.openqa.selenium.chrome.ChromeDriver
Command: [eb880f535166bb6d3dec3b710eed0862, findElement {using=xpath, value=//div[contains(text(),'Artifact Deleted !')]}]
Capabilities {acceptInsecureCerts: false, browserName: chrome, browserVersion: 110.0.5481.77, chrome: {chromedriverVersion: 110.0.5481.77 (65ed616c6e8e..., userDataDir: C:\Program Files (x86)\scop...}, goog:chromeOptions: {debuggerAddress: localhost:52597}, javascriptEnabled: true, networkConnectionEnabled: false, pageLoadStrategy: eager, platform: WINDOWS, platformName: WINDOWS, proxy: Proxy(), se:cdp: ws://localhost:52597/devtoo..., se:cdpVersion: 110.0.5481.77, setWindowRect: true, strictFileInteractability: false, timeouts: {implicit: 0, pageLoad: 300000, script: 30000}, unhandledPromptBehavior: dismiss and notify, webauthn:extension:credBlob: true, webauthn:extension:largeBlob: true, webauthn:virtualAuthenticators: true}
Session ID: eb880f535166bb6d3dec3b710eed0862]]>
            </message>
            <full-stacktrace>
              <![CDATA[org.openqa.selenium.NoSuchElementException: no such element: Unable to locate element: {"method":"xpath","selector":"//div[contains(text(),'Artifact Deleted !')]"}
  (Session info: chrome=110.0.5481.77)
For documentation on this error, please visit: https://selenium.dev/exceptions/#no_such_element
Build info: version: '4.1.1', revision: 'e8fcc2cecf'
System info: host: 'LIN24010693', ip: '192.168.1.207', os.name: 'Windows 10', os.arch: 'amd64', os.version: '10.0', java.version: '16'
Driver info: org.openqa.selenium.chrome.ChromeDriver
Command: [eb880f535166bb6d3dec3b710eed0862, findElement {using=xpath, value=//div[contains(text(),'Artifact Deleted !')]}]
Capabilities {acceptInsecureCerts: false, browserName: chrome, browserVersion: 110.0.5481.77, chrome: {chromedriverVersion: 110.0.5481.77 (65ed616c6e8e..., userDataDir: C:\Program Files (x86)\scop...}, goog:chromeOptions: {debuggerAddress: localhost:52597}, javascriptEnabled: true, networkConnectionEnabled: false, pageLoadStrategy: eager, platform: WINDOWS, platformName: WINDOWS, proxy: Proxy(), se:cdp: ws://localhost:52597/devtoo..., se:cdpVersion: 110.0.5481.77, setWindowRect: true, strictFileInteractability: false, timeouts: {implicit: 0, pageLoad: 300000, script: 30000}, unhandledPromptBehavior: dismiss and notify, webauthn:extension:credBlob: true, webauthn:extension:largeBlob: true, webauthn:virtualAuthenticators: true}
Session ID: eb880f535166bb6d3dec3b710eed0862
at java.base/jdk.internal.reflect.NativeConstructorAccessorImpl.newInstance0(Native Method)
at java.base/jdk.internal.reflect.NativeConstructorAccessorImpl.newInstance(NativeConstructorAccessorImpl.java:78)
at java.base/jdk.internal.reflect.DelegatingConstructorAccessorImpl.newInstance(DelegatingConstructorAccessorImpl.java:45)
at java.base/java.lang.reflect.Constructor.newInstanceWithCaller(Constructor.java:499)
at java.base/java.lang.reflect.Constructor.newInstance(Constructor.java:480)
at org.openqa.selenium.remote.codec.w3c.W3CHttpResponseCodec.createException(W3CHttpResponseCodec.java:200)
at org.openqa.selenium.remote.codec.w3c.W3CHttpResponseCodec.decode(W3CHttpResponseCodec.java:133)
at org.openqa.selenium.remote.codec.w3c.W3CHttpResponseCodec.decode(W3CHttpResponseCodec.java:53)
at org.openqa.selenium.remote.HttpCommandExecutor.execute(HttpCommandExecutor.java:184)
at org.openqa.selenium.remote.service.DriverCommandExecutor.invokeExecute(DriverCommandExecutor.java:167)
at org.openqa.selenium.remote.service.DriverCommandExecutor.execute(DriverCommandExecutor.java:142)
at org.openqa.selenium.remote.RemoteWebDriver.execute(RemoteWebDriver.java:543)
at org.openqa.selenium.remote.ElementLocation$ElementFinder$2.findElement(ElementLocation.java:162)
at org.openqa.selenium.remote.ElementLocation.findElement(ElementLocation.java:60)
at org.openqa.selenium.remote.RemoteWebDriver.findElement(RemoteWebDriver.java:367)
at org.openqa.selenium.remote.RemoteWebDriver.findElement(RemoteWebDriver.java:359)
at com.epam.healenium.handlers.proxy.BaseHandler.findElement(BaseHandler.java:62)
at com.epam.healenium.handlers.proxy.SelfHealingProxyInvocationHandler.invoke(SelfHealingProxyInvocationHandler.java:39)
at jdk.proxy2/jdk.proxy2.$Proxy41.findElement(Unknown Source)
at org.openqa.selenium.support.pagefactory.DefaultElementLocator.findElement(DefaultElementLocator.java:70)
at org.openqa.selenium.support.pagefactory.internal.LocatingElementHandler.invoke(LocatingElementHandler.java:39)
at jdk.proxy2/jdk.proxy2.$Proxy45.isDisplayed(Unknown Source)
at com.sogeti.automation.test.pageFactory.E2CO_MyApplicationPage.verifyArtifactIsDeletedMessage(E2CO_MyApplicationPage.java:298)
at stepdefinitions.E2COTestSteps.verifyUserNotAbleToSeeDeletedArtifact(E2COTestSteps.java:551)
at ?.user is not able to find the deleted artifactId(file:///C:/Users/APathrut/eclipse-workspace/e2colitmus/E2CO%2520Automation/src/test/resources/Features/WebUITests/E2COTests_MyApplication.feature:38)
]]>
            </full-stacktrace>
          </exception> <!-- org.openqa.selenium.NoSuchElementException -->
          <reporter-output>
            <line>
              <![CDATA[| Received parameter 'TestEnvironment' = QA| ]]>
            </line>
            <line>
              <![CDATA[| Received parameter 'ExecutionServer' = Local| ]]>
            </line>
            <line>
              <![CDATA[| Received parameter 'InterfaceType' = Web| ]]>
            </line>
            <line>
              <![CDATA[| Received parameter 'DefaultDownloadPath' = ./src/test/resources/Downloads| ]]>
            </line>
            <line>
              <![CDATA[| Received parameter 'AZURE_KEYVAULT_URL' = | ]]>
            </line>
            <line>
              <![CDATA[| Received parameter 'TestBrowser' = chrome| ]]>
            </line>
            <line>
              <![CDATA[| Received parameter 'UI_BASE_URL' = https://10.139.9.7:31012/MEC/login| ]]>
            </line>
            <line>
              <![CDATA[| Received parameter 'GRID_HUB_PORT' = 4444| ]]>
            </line>
            <line>
              <![CDATA[| Received parameter 'GRID_HUB_IP' = localhost| ]]>
            </line>
            <line>
              <![CDATA[| Received parameter 'UI_USERNAME' = admin| ]]>
            </line>
            <line>
              <![CDATA[| Received parameter 'UI_PASSWORD' = Admin@1234| ]]>
            </line>
            <line>
              <![CDATA[| Received parameter 'UI_DEVUSERNAME' = dev01| ]]>
            </line>
            <line>
              <![CDATA[| Received parameter 'UI_DEVPASSWORD' = Admin@1234| ]]>
            </line>
            <line>
              <![CDATA[| Received parameter 'ScreenshotEnable' = true| ]]>
            </line>
            <line>
              <![CDATA[| Initializing self healing driver| ]]>
            </line>
            <line>
              <![CDATA[| New driver instantiated.| ]]>
            </line>
            <line>
              <![CDATA[| Received parameter 'TestEnvironment' = QA| ]]>
            </line>
            <line>
              <![CDATA[| Scenario Name: user able to delete artifact| ]]>
            </line>
            <line>
              <![CDATA[| Received parameter 'TestEnvironment' = QA| ]]>
            </line>
            <line>
              <![CDATA[| Entered username| ]]>
            </line>
            <line>
              <![CDATA[| Entered password| ]]>
            </line>
            <line>
              <![CDATA[| Clicked on my application menu| ]]>
            </line>
            <line>
              <![CDATA[| Selected container| ]]>
            </line>
            <line>
              <![CDATA[| Container as service selected| ]]>
            </line>
            <line>
              <![CDATA[| Clicked on select artifact| ]]>
            </line>
            <line>
              <![CDATA[| Artifact List is displayed| ]]>
            </line>
            <line>
              <![CDATA[| Clicked Delete Button| ]]>
            </line>
            <line>
              <![CDATA[| Confirmed for deletion of artiofact| ]]>
            </line>
            <line>
              <![CDATA[| Execution status is: FAILED| ]]>
            </line>
          </reporter-output>
        </test-method> <!-- runScenario -->
        <test-method signature="runScenario(io.cucumber.testng.PickleWrapper,io.cucumber.testng.FeatureWrapper)[pri:0, instance:runner.TestRunner@670002]" started-at="2023-02-13T21:50:27 IST" name="runScenario" description="Runs Cucumber Scenarios" data-provider="scenarios" finished-at="2023-02-13T21:51:11 IST" duration-ms="44447" status="FAIL">
          <params>
            <param index="0">
              <value>
                <![CDATA["user able to delete artifact"]]>
              </value>
            </param>
            <param index="1">
              <value>
                <![CDATA["Optional[My Application Feature]"]]>
              </value>
            </param>
          </params>
          <exception class="org.openqa.selenium.NoSuchElementException">
            <message>
              <![CDATA[no such element: Unable to locate element: {"method":"xpath","selector":"//div[contains(text(),'Artifact Deleted !')]"}
  (Session info: chrome=110.0.5481.77)
For documentation on this error, please visit: https://selenium.dev/exceptions/#no_such_element
Build info: version: '4.1.1', revision: 'e8fcc2cecf'
System info: host: 'LIN24010693', ip: '192.168.1.207', os.name: 'Windows 10', os.arch: 'amd64', os.version: '10.0', java.version: '16'
Driver info: org.openqa.selenium.chrome.ChromeDriver
Command: [726d5bc08a58a9e811e8e9217686769c, findElement {using=xpath, value=//div[contains(text(),'Artifact Deleted !')]}]
Capabilities {acceptInsecureCerts: false, browserName: chrome, browserVersion: 110.0.5481.77, chrome: {chromedriverVersion: 110.0.5481.77 (65ed616c6e8e..., userDataDir: C:\Program Files (x86)\scop...}, goog:chromeOptions: {debuggerAddress: localhost:52641}, javascriptEnabled: true, networkConnectionEnabled: false, pageLoadStrategy: eager, platform: WINDOWS, platformName: WINDOWS, proxy: Proxy(), se:cdp: ws://localhost:52641/devtoo..., se:cdpVersion: 110.0.5481.77, setWindowRect: true, strictFileInteractability: false, timeouts: {implicit: 0, pageLoad: 300000, script: 30000}, unhandledPromptBehavior: dismiss and notify, webauthn:extension:credBlob: true, webauthn:extension:largeBlob: true, webauthn:virtualAuthenticators: true}
Session ID: 726d5bc08a58a9e811e8e9217686769c]]>
            </message>
            <full-stacktrace>
              <![CDATA[org.openqa.selenium.NoSuchElementException: no such element: Unable to locate element: {"method":"xpath","selector":"//div[contains(text(),'Artifact Deleted !')]"}
  (Session info: chrome=110.0.5481.77)
For documentation on this error, please visit: https://selenium.dev/exceptions/#no_such_element
Build info: version: '4.1.1', revision: 'e8fcc2cecf'
System info: host: 'LIN24010693', ip: '192.168.1.207', os.name: 'Windows 10', os.arch: 'amd64', os.version: '10.0', java.version: '16'
Driver info: org.openqa.selenium.chrome.ChromeDriver
Command: [726d5bc08a58a9e811e8e9217686769c, findElement {using=xpath, value=//div[contains(text(),'Artifact Deleted !')]}]
Capabilities {acceptInsecureCerts: false, browserName: chrome, browserVersion: 110.0.5481.77, chrome: {chromedriverVersion: 110.0.5481.77 (65ed616c6e8e..., userDataDir: C:\Program Files (x86)\scop...}, goog:chromeOptions: {debuggerAddress: localhost:52641}, javascriptEnabled: true, networkConnectionEnabled: false, pageLoadStrategy: eager, platform: WINDOWS, platformName: WINDOWS, proxy: Proxy(), se:cdp: ws://localhost:52641/devtoo..., se:cdpVersion: 110.0.5481.77, setWindowRect: true, strictFileInteractability: false, timeouts: {implicit: 0, pageLoad: 300000, script: 30000}, unhandledPromptBehavior: dismiss and notify, webauthn:extension:credBlob: true, webauthn:extension:largeBlob: true, webauthn:virtualAuthenticators: true}
Session ID: 726d5bc08a58a9e811e8e9217686769c
at java.base/jdk.internal.reflect.NativeConstructorAccessorImpl.newInstance0(Native Method)
at java.base/jdk.internal.reflect.NativeConstructorAccessorImpl.newInstance(NativeConstructorAccessorImpl.java:78)
at java.base/jdk.internal.reflect.DelegatingConstructorAccessorImpl.newInstance(DelegatingConstructorAccessorImpl.java:45)
at java.base/java.lang.reflect.Constructor.newInstanceWithCaller(Constructor.java:499)
at java.base/java.lang.reflect.Constructor.newInstance(Constructor.java:480)
at org.openqa.selenium.remote.codec.w3c.W3CHttpResponseCodec.createException(W3CHttpResponseCodec.java:200)
at org.openqa.selenium.remote.codec.w3c.W3CHttpResponseCodec.decode(W3CHttpResponseCodec.java:133)
at org.openqa.selenium.remote.codec.w3c.W3CHttpResponseCodec.decode(W3CHttpResponseCodec.java:53)
at org.openqa.selenium.remote.HttpCommandExecutor.execute(HttpCommandExecutor.java:184)
at org.openqa.selenium.remote.service.DriverCommandExecutor.invokeExecute(DriverCommandExecutor.java:167)
at org.openqa.selenium.remote.service.DriverCommandExecutor.execute(DriverCommandExecutor.java:142)
at org.openqa.selenium.remote.RemoteWebDriver.execute(RemoteWebDriver.java:543)
at org.openqa.selenium.remote.ElementLocation$ElementFinder$2.findElement(ElementLocation.java:162)
at org.openqa.selenium.remote.ElementLocation.findElement(ElementLocation.java:60)
at org.openqa.selenium.remote.RemoteWebDriver.findElement(RemoteWebDriver.java:367)
at org.openqa.selenium.remote.RemoteWebDriver.findElement(RemoteWebDriver.java:359)
at com.epam.healenium.handlers.proxy.BaseHandler.findElement(BaseHandler.java:62)
at com.epam.healenium.handlers.proxy.SelfHealingProxyInvocationHandler.invoke(SelfHealingProxyInvocationHandler.java:39)
at jdk.proxy2/jdk.proxy2.$Proxy41.findElement(Unknown Source)
at org.openqa.selenium.support.pagefactory.DefaultElementLocator.findElement(DefaultElementLocator.java:70)
at org.openqa.selenium.support.pagefactory.internal.LocatingElementHandler.invoke(LocatingElementHandler.java:39)
at jdk.proxy2/jdk.proxy2.$Proxy45.isDisplayed(Unknown Source)
at com.sogeti.automation.test.pageFactory.E2CO_MyApplicationPage.verifyArtifactIsDeletedMessage(E2CO_MyApplicationPage.java:298)
at stepdefinitions.E2COTestSteps.verifyUserNotAbleToSeeDeletedArtifact(E2COTestSteps.java:551)
at ?.user is not able to find the deleted artifactId(file:///C:/Users/APathrut/eclipse-workspace/e2colitmus/E2CO%2520Automation/src/test/resources/Features/WebUITests/E2COTests_MyApplication.feature:38)
]]>
            </full-stacktrace>
          </exception> <!-- org.openqa.selenium.NoSuchElementException -->
          <reporter-output>
            <line>
              <![CDATA[| Received parameter 'TestEnvironment' = QA| ]]>
            </line>
            <line>
              <![CDATA[| Initializing self healing driver| ]]>
            </line>
            <line>
              <![CDATA[| New driver instantiated.| ]]>
            </line>
            <line>
              <![CDATA[| Received parameter 'TestEnvironment' = QA| ]]>
            </line>
            <line>
              <![CDATA[| Scenario Name: user able to delete artifact| ]]>
            </line>
            <line>
              <![CDATA[| Received parameter 'TestEnvironment' = QA| ]]>
            </line>
            <line>
              <![CDATA[| Entered username| ]]>
            </line>
            <line>
              <![CDATA[| Entered password| ]]>
            </line>
            <line>
              <![CDATA[| Clicked on my application menu| ]]>
            </line>
            <line>
              <![CDATA[| Selected container| ]]>
            </line>
            <line>
              <![CDATA[| Container as service selected| ]]>
            </line>
            <line>
              <![CDATA[| Clicked on select artifact| ]]>
            </line>
            <line>
              <![CDATA[| Artifact List is displayed| ]]>
            </line>
            <line>
              <![CDATA[| Clicked Delete Button| ]]>
            </line>
            <line>
              <![CDATA[| Confirmed for deletion of artiofact| ]]>
            </line>
            <line>
              <![CDATA[| Execution status is: FAILED| ]]>
            </line>
          </reporter-output>
        </test-method> <!-- runScenario -->
        <test-method signature="runScenario(io.cucumber.testng.PickleWrapper,io.cucumber.testng.FeatureWrapper)[pri:0, instance:runner.TestRunner@670002]" started-at="2023-02-13T21:51:11 IST" name="runScenario" description="Runs Cucumber Scenarios" data-provider="scenarios" finished-at="2023-02-13T21:51:55 IST" duration-ms="43637" status="PASS">
          <params>
            <param index="0">
              <value>
                <![CDATA["user able to delete artifact"]]>
              </value>
            </param>
            <param index="1">
              <value>
                <![CDATA["Optional[My Application Feature]"]]>
              </value>
            </param>
          </params>
          <reporter-output>
            <line>
              <![CDATA[| Received parameter 'TestEnvironment' = QA| ]]>
            </line>
            <line>
              <![CDATA[| Initializing self healing driver| ]]>
            </line>
            <line>
              <![CDATA[| New driver instantiated.| ]]>
            </line>
            <line>
              <![CDATA[| Received parameter 'TestEnvironment' = QA| ]]>
            </line>
            <line>
              <![CDATA[| Scenario Name: user able to delete artifact| ]]>
            </line>
            <line>
              <![CDATA[| Received parameter 'TestEnvironment' = QA| ]]>
            </line>
            <line>
              <![CDATA[| Entered username| ]]>
            </line>
            <line>
              <![CDATA[| Entered password| ]]>
            </line>
            <line>
              <![CDATA[| Clicked on my application menu| ]]>
            </line>
            <line>
              <![CDATA[| Selected container| ]]>
            </line>
            <line>
              <![CDATA[| Container as service selected| ]]>
            </line>
            <line>
              <![CDATA[| Clicked on select artifact| ]]>
            </line>
            <line>
              <![CDATA[| Artifact List is displayed| ]]>
            </line>
            <line>
              <![CDATA[| Clicked Delete Button| ]]>
            </line>
            <line>
              <![CDATA[| Confirmed for deletion of artiofact| ]]>
            </line>
            <line>
              <![CDATA[| Artifact deleted message is displayed| ]]>
            </line>
            <line>
              <![CDATA[| Clicked on close| ]]>
            </line>
            <line>
              <![CDATA[| Artifact is deleted| ]]>
            </line>
            <line>
              <![CDATA[| ArtfacTID is not displayed| ]]>
            </line>
            <line>
              <![CDATA[| ArtfacTID is not displayed| ]]>
            </line>
            <line>
              <![CDATA[| ArtfacTID is not displayed| ]]>
            </line>
            <line>
              <![CDATA[| ArtfacTID is not displayed| ]]>
            </line>
            <line>
              <![CDATA[| ArtfacTID is not displayed| ]]>
            </line>
            <line>
              <![CDATA[| ArtfacTID is not displayed| ]]>
            </line>
            <line>
              <![CDATA[| ArtfacTID is not displayed| ]]>
            </line>
            <line>
              <![CDATA[| ArtfacTID is not displayed| ]]>
            </line>
            <line>
              <![CDATA[| ArtfacTID is not displayed| ]]>
            </line>
            <line>
              <![CDATA[| ArtfacTID is not displayed| ]]>
            </line>
            <line>
              <![CDATA[| ArtfacTID is not displayed| ]]>
            </line>
            <line>
              <![CDATA[| ArtfacTID is not displayed| ]]>
            </line>
            <line>
              <![CDATA[| ArtfacTID is not displayed| ]]>
            </line>
            <line>
              <![CDATA[| ArtfacTID is not displayed| ]]>
            </line>
            <line>
              <![CDATA[| ArtfacTID is not displayed| ]]>
            </line>
            <line>
              <![CDATA[| ArtfacTID is not displayed| ]]>
            </line>
            <line>
              <![CDATA[| ArtfacTID is not displayed| ]]>
            </line>
            <line>
              <![CDATA[| ArtfacTID is not displayed| ]]>
            </line>
            <line>
              <![CDATA[| ArtfacTID is not displayed| ]]>
            </line>
            <line>
              <![CDATA[| ArtfacTID is not displayed| ]]>
            </line>
            <line>
              <![CDATA[| ArtfacTID is not displayed| ]]>
            </line>
            <line>
              <![CDATA[| ArtfacTID is not displayed| ]]>
            </line>
            <line>
              <![CDATA[| ArtfacTID is not displayed| ]]>
            </line>
            <line>
              <![CDATA[| ArtfacTID is not displayed| ]]>
            </line>
            <line>
              <![CDATA[| ArtfacTID is not displayed| ]]>
            </line>
            <line>
              <![CDATA[| ArtfacTID is not displayed| ]]>
            </line>
            <line>
              <![CDATA[| ArtfacTID is not displayed| ]]>
            </line>
            <line>
              <![CDATA[| ArtfacTID is not displayed| ]]>
            </line>
            <line>
              <![CDATA[| ArtfacTID is not displayed| ]]>
            </line>
            <line>
              <![CDATA[| ArtfacTID is not displayed| ]]>
            </line>
            <line>
              <![CDATA[| ArtfacTID is not displayed| ]]>
            </line>
            <line>
              <![CDATA[| ArtfacTID is not displayed| ]]>
            </line>
            <line>
              <![CDATA[| ArtfacTID is not displayed| ]]>
            </line>
            <line>
              <![CDATA[| ArtfacTID is not displayed| ]]>
            </line>
            <line>
              <![CDATA[| ArtfacTID is not displayed| ]]>
            </line>
            <line>
              <![CDATA[| ArtfacTID is not displayed| ]]>
            </line>
            <line>
              <![CDATA[| ArtfacTID is not displayed| ]]>
            </line>
            <line>
              <![CDATA[| ArtfacTID is not displayed| ]]>
            </line>
            <line>
              <![CDATA[| Execution status is: PASSED| ]]>
            </line>
          </reporter-output>
        </test-method> <!-- runScenario -->
        <test-method signature="runScenario(io.cucumber.testng.PickleWrapper,io.cucumber.testng.FeatureWrapper)[pri:0, instance:runner.TestRunner@670002]" started-at="2023-02-13T21:51:55 IST" name="runScenario" description="Runs Cucumber Scenarios" data-provider="scenarios" finished-at="2023-02-13T21:52:37 IST" duration-ms="42392" status="PASS">
          <params>
            <param index="0">
              <value>
                <![CDATA["user able to delete artifact"]]>
              </value>
            </param>
            <param index="1">
              <value>
                <![CDATA["Optional[My Application Feature]"]]>
              </value>
            </param>
          </params>
          <reporter-output>
            <line>
              <![CDATA[| Received parameter 'TestEnvironment' = QA| ]]>
            </line>
            <line>
              <![CDATA[| Initializing self healing driver| ]]>
            </line>
            <line>
              <![CDATA[| New driver instantiated.| ]]>
            </line>
            <line>
              <![CDATA[| Received parameter 'TestEnvironment' = QA| ]]>
            </line>
            <line>
              <![CDATA[| Scenario Name: user able to delete artifact| ]]>
            </line>
            <line>
              <![CDATA[| Received parameter 'TestEnvironment' = QA| ]]>
            </line>
            <line>
              <![CDATA[| Entered username| ]]>
            </line>
            <line>
              <![CDATA[| Entered password| ]]>
            </line>
            <line>
              <![CDATA[| Clicked on my application menu| ]]>
            </line>
            <line>
              <![CDATA[| Selected container| ]]>
            </line>
            <line>
              <![CDATA[| Container as service selected| ]]>
            </line>
            <line>
              <![CDATA[| Clicked on select artifact| ]]>
            </line>
            <line>
              <![CDATA[| Artifact List is displayed| ]]>
            </line>
            <line>
              <![CDATA[| Clicked Delete Button| ]]>
            </line>
            <line>
              <![CDATA[| Confirmed for deletion of artiofact| ]]>
            </line>
            <line>
              <![CDATA[| Artifact deleted message is displayed| ]]>
            </line>
            <line>
              <![CDATA[| Clicked on close| ]]>
            </line>
            <line>
              <![CDATA[| Artifact is deleted| ]]>
            </line>
            <line>
              <![CDATA[| ArtfacTID is not displayed| ]]>
            </line>
            <line>
              <![CDATA[| ArtfacTID is not displayed| ]]>
            </line>
            <line>
              <![CDATA[| ArtfacTID is not displayed| ]]>
            </line>
            <line>
              <![CDATA[| ArtfacTID is not displayed| ]]>
            </line>
            <line>
              <![CDATA[| ArtfacTID is not displayed| ]]>
            </line>
            <line>
              <![CDATA[| ArtfacTID is not displayed| ]]>
            </line>
            <line>
              <![CDATA[| ArtfacTID is not displayed| ]]>
            </line>
            <line>
              <![CDATA[| ArtfacTID is not displayed| ]]>
            </line>
            <line>
              <![CDATA[| ArtfacTID is not displayed| ]]>
            </line>
            <line>
              <![CDATA[| ArtfacTID is not displayed| ]]>
            </line>
            <line>
              <![CDATA[| ArtfacTID is not displayed| ]]>
            </line>
            <line>
              <![CDATA[| ArtfacTID is not displayed| ]]>
            </line>
            <line>
              <![CDATA[| ArtfacTID is not displayed| ]]>
            </line>
            <line>
              <![CDATA[| ArtfacTID is not displayed| ]]>
            </line>
            <line>
              <![CDATA[| ArtfacTID is not displayed| ]]>
            </line>
            <line>
              <![CDATA[| ArtfacTID is not displayed| ]]>
            </line>
            <line>
              <![CDATA[| ArtfacTID is not displayed| ]]>
            </line>
            <line>
              <![CDATA[| ArtfacTID is not displayed| ]]>
            </line>
            <line>
              <![CDATA[| ArtfacTID is not displayed| ]]>
            </line>
            <line>
              <![CDATA[| ArtfacTID is not displayed| ]]>
            </line>
            <line>
              <![CDATA[| ArtfacTID is not displayed| ]]>
            </line>
            <line>
              <![CDATA[| ArtfacTID is not displayed| ]]>
            </line>
            <line>
              <![CDATA[| ArtfacTID is not displayed| ]]>
            </line>
            <line>
              <![CDATA[| ArtfacTID is not displayed| ]]>
            </line>
            <line>
              <![CDATA[| ArtfacTID is not displayed| ]]>
            </line>
            <line>
              <![CDATA[| ArtfacTID is not displayed| ]]>
            </line>
            <line>
              <![CDATA[| ArtfacTID is not displayed| ]]>
            </line>
            <line>
              <![CDATA[| ArtfacTID is not displayed| ]]>
            </line>
            <line>
              <![CDATA[| ArtfacTID is not displayed| ]]>
            </line>
            <line>
              <![CDATA[| ArtfacTID is not displayed| ]]>
            </line>
            <line>
              <![CDATA[| ArtfacTID is not displayed| ]]>
            </line>
            <line>
              <![CDATA[| ArtfacTID is not displayed| ]]>
            </line>
            <line>
              <![CDATA[| ArtfacTID is not displayed| ]]>
            </line>
            <line>
              <![CDATA[| ArtfacTID is not displayed| ]]>
            </line>
            <line>
              <![CDATA[| ArtfacTID is not displayed| ]]>
            </line>
            <line>
              <![CDATA[| ArtfacTID is not displayed| ]]>
            </line>
            <line>
              <![CDATA[| ArtfacTID is not displayed| ]]>
            </line>
            <line>
              <![CDATA[| Execution status is: PASSED| ]]>
            </line>
          </reporter-output>
        </test-method> <!-- runScenario -->
        <test-method signature="runScenario(io.cucumber.testng.PickleWrapper,io.cucumber.testng.FeatureWrapper)[pri:0, instance:runner.TestRunner@670002]" started-at="2023-02-13T21:52:37 IST" name="runScenario" description="Runs Cucumber Scenarios" data-provider="scenarios" finished-at="2023-02-13T21:53:20 IST" duration-ms="42484" status="PASS">
          <params>
            <param index="0">
              <value>
                <![CDATA["user able to delete artifact"]]>
              </value>
            </param>
            <param index="1">
              <value>
                <![CDATA["Optional[My Application Feature]"]]>
              </value>
            </param>
          </params>
          <reporter-output>
            <line>
              <![CDATA[| Received parameter 'TestEnvironment' = QA| ]]>
            </line>
            <line>
              <![CDATA[| Initializing self healing driver| ]]>
            </line>
            <line>
              <![CDATA[| New driver instantiated.| ]]>
            </line>
            <line>
              <![CDATA[| Received parameter 'TestEnvironment' = QA| ]]>
            </line>
            <line>
              <![CDATA[| Scenario Name: user able to delete artifact| ]]>
            </line>
            <line>
              <![CDATA[| Received parameter 'TestEnvironment' = QA| ]]>
            </line>
            <line>
              <![CDATA[| Entered username| ]]>
            </line>
            <line>
              <![CDATA[| Entered password| ]]>
            </line>
            <line>
              <![CDATA[| Clicked on my application menu| ]]>
            </line>
            <line>
              <![CDATA[| Selected container| ]]>
            </line>
            <line>
              <![CDATA[| Container as service selected| ]]>
            </line>
            <line>
              <![CDATA[| Clicked on select artifact| ]]>
            </line>
            <line>
              <![CDATA[| Artifact List is displayed| ]]>
            </line>
            <line>
              <![CDATA[| Clicked Delete Button| ]]>
            </line>
            <line>
              <![CDATA[| Confirmed for deletion of artiofact| ]]>
            </line>
            <line>
              <![CDATA[| Artifact deleted message is displayed| ]]>
            </line>
            <line>
              <![CDATA[| Clicked on close| ]]>
            </line>
            <line>
              <![CDATA[| Artifact is deleted| ]]>
            </line>
            <line>
              <![CDATA[| ArtfacTID is not displayed| ]]>
            </line>
            <line>
              <![CDATA[| ArtfacTID is not displayed| ]]>
            </line>
            <line>
              <![CDATA[| ArtfacTID is not displayed| ]]>
            </line>
            <line>
              <![CDATA[| ArtfacTID is not displayed| ]]>
            </line>
            <line>
              <![CDATA[| ArtfacTID is not displayed| ]]>
            </line>
            <line>
              <![CDATA[| ArtfacTID is not displayed| ]]>
            </line>
            <line>
              <![CDATA[| ArtfacTID is not displayed| ]]>
            </line>
            <line>
              <![CDATA[| ArtfacTID is not displayed| ]]>
            </line>
            <line>
              <![CDATA[| ArtfacTID is not displayed| ]]>
            </line>
            <line>
              <![CDATA[| ArtfacTID is not displayed| ]]>
            </line>
            <line>
              <![CDATA[| ArtfacTID is not displayed| ]]>
            </line>
            <line>
              <![CDATA[| ArtfacTID is not displayed| ]]>
            </line>
            <line>
              <![CDATA[| ArtfacTID is not displayed| ]]>
            </line>
            <line>
              <![CDATA[| ArtfacTID is not displayed| ]]>
            </line>
            <line>
              <![CDATA[| ArtfacTID is not displayed| ]]>
            </line>
            <line>
              <![CDATA[| ArtfacTID is not displayed| ]]>
            </line>
            <line>
              <![CDATA[| ArtfacTID is not displayed| ]]>
            </line>
            <line>
              <![CDATA[| ArtfacTID is not displayed| ]]>
            </line>
            <line>
              <![CDATA[| ArtfacTID is not displayed| ]]>
            </line>
            <line>
              <![CDATA[| ArtfacTID is not displayed| ]]>
            </line>
            <line>
              <![CDATA[| ArtfacTID is not displayed| ]]>
            </line>
            <line>
              <![CDATA[| ArtfacTID is not displayed| ]]>
            </line>
            <line>
              <![CDATA[| ArtfacTID is not displayed| ]]>
            </line>
            <line>
              <![CDATA[| ArtfacTID is not displayed| ]]>
            </line>
            <line>
              <![CDATA[| ArtfacTID is not displayed| ]]>
            </line>
            <line>
              <![CDATA[| ArtfacTID is not displayed| ]]>
            </line>
            <line>
              <![CDATA[| ArtfacTID is not displayed| ]]>
            </line>
            <line>
              <![CDATA[| ArtfacTID is not displayed| ]]>
            </line>
            <line>
              <![CDATA[| ArtfacTID is not displayed| ]]>
            </line>
            <line>
              <![CDATA[| ArtfacTID is not displayed| ]]>
            </line>
            <line>
              <![CDATA[| ArtfacTID is not displayed| ]]>
            </line>
            <line>
              <![CDATA[| ArtfacTID is not displayed| ]]>
            </line>
            <line>
              <![CDATA[| ArtfacTID is not displayed| ]]>
            </line>
            <line>
              <![CDATA[| ArtfacTID is not displayed| ]]>
            </line>
            <line>
              <![CDATA[| ArtfacTID is not displayed| ]]>
            </line>
            <line>
              <![CDATA[| ArtfacTID is not displayed| ]]>
            </line>
            <line>
              <![CDATA[| Execution status is: PASSED| ]]>
            </line>
          </reporter-output>
        </test-method> <!-- runScenario -->
        <test-method signature="runScenario(io.cucumber.testng.PickleWrapper,io.cucumber.testng.FeatureWrapper)[pri:0, instance:runner.TestRunner@670002]" started-at="2023-02-13T21:53:20 IST" name="runScenario" description="Runs Cucumber Scenarios" data-provider="scenarios" finished-at="2023-02-13T21:54:02 IST" duration-ms="42296" status="PASS">
          <params>
            <param index="0">
              <value>
                <![CDATA["user able to delete artifact"]]>
              </value>
            </param>
            <param index="1">
              <value>
                <![CDATA["Optional[My Application Feature]"]]>
              </value>
            </param>
          </params>
          <reporter-output>
            <line>
              <![CDATA[| Received parameter 'TestEnvironment' = QA| ]]>
            </line>
            <line>
              <![CDATA[| Initializing self healing driver| ]]>
            </line>
            <line>
              <![CDATA[| New driver instantiated.| ]]>
            </line>
            <line>
              <![CDATA[| Received parameter 'TestEnvironment' = QA| ]]>
            </line>
            <line>
              <![CDATA[| Scenario Name: user able to delete artifact| ]]>
            </line>
            <line>
              <![CDATA[| Received parameter 'TestEnvironment' = QA| ]]>
            </line>
            <line>
              <![CDATA[| Entered username| ]]>
            </line>
            <line>
              <![CDATA[| Entered password| ]]>
            </line>
            <line>
              <![CDATA[| Clicked on my application menu| ]]>
            </line>
            <line>
              <![CDATA[| Selected container| ]]>
            </line>
            <line>
              <![CDATA[| Container as service selected| ]]>
            </line>
            <line>
              <![CDATA[| Clicked on select artifact| ]]>
            </line>
            <line>
              <![CDATA[| Artifact List is displayed| ]]>
            </line>
            <line>
              <![CDATA[| Clicked Delete Button| ]]>
            </line>
            <line>
              <![CDATA[| Confirmed for deletion of artiofact| ]]>
            </line>
            <line>
              <![CDATA[| Artifact deleted message is displayed| ]]>
            </line>
            <line>
              <![CDATA[| Clicked on close| ]]>
            </line>
            <line>
              <![CDATA[| Artifact is deleted| ]]>
            </line>
            <line>
              <![CDATA[| ArtfacTID is not displayed| ]]>
            </line>
            <line>
              <![CDATA[| ArtfacTID is not displayed| ]]>
            </line>
            <line>
              <![CDATA[| ArtfacTID is not displayed| ]]>
            </line>
            <line>
              <![CDATA[| ArtfacTID is not displayed| ]]>
            </line>
            <line>
              <![CDATA[| ArtfacTID is not displayed| ]]>
            </line>
            <line>
              <![CDATA[| ArtfacTID is not displayed| ]]>
            </line>
            <line>
              <![CDATA[| ArtfacTID is not displayed| ]]>
            </line>
            <line>
              <![CDATA[| ArtfacTID is not displayed| ]]>
            </line>
            <line>
              <![CDATA[| ArtfacTID is not displayed| ]]>
            </line>
            <line>
              <![CDATA[| ArtfacTID is not displayed| ]]>
            </line>
            <line>
              <![CDATA[| ArtfacTID is not displayed| ]]>
            </line>
            <line>
              <![CDATA[| ArtfacTID is not displayed| ]]>
            </line>
            <line>
              <![CDATA[| ArtfacTID is not displayed| ]]>
            </line>
            <line>
              <![CDATA[| ArtfacTID is not displayed| ]]>
            </line>
            <line>
              <![CDATA[| ArtfacTID is not displayed| ]]>
            </line>
            <line>
              <![CDATA[| ArtfacTID is not displayed| ]]>
            </line>
            <line>
              <![CDATA[| ArtfacTID is not displayed| ]]>
            </line>
            <line>
              <![CDATA[| ArtfacTID is not displayed| ]]>
            </line>
            <line>
              <![CDATA[| ArtfacTID is not displayed| ]]>
            </line>
            <line>
              <![CDATA[| ArtfacTID is not displayed| ]]>
            </line>
            <line>
              <![CDATA[| ArtfacTID is not displayed| ]]>
            </line>
            <line>
              <![CDATA[| ArtfacTID is not displayed| ]]>
            </line>
            <line>
              <![CDATA[| ArtfacTID is not displayed| ]]>
            </line>
            <line>
              <![CDATA[| ArtfacTID is not displayed| ]]>
            </line>
            <line>
              <![CDATA[| ArtfacTID is not displayed| ]]>
            </line>
            <line>
              <![CDATA[| ArtfacTID is not displayed| ]]>
            </line>
            <line>
              <![CDATA[| ArtfacTID is not displayed| ]]>
            </line>
            <line>
              <![CDATA[| ArtfacTID is not displayed| ]]>
            </line>
[...]
            </line>
          </reporter-output>
        </test-method> <!-- runScenario -->
        <test-method signature="runScenario(io.cucumber.testng.PickleWrapper,io.cucumber.testng.FeatureWrapper)[pri:0, instance:runner.TestRunner@670002]" started-at="2023-02-13T21:56:13 IST" name="runScenario" description="Runs Cucumber Scenarios" data-provider="scenarios" finished-at="2023-02-13T21:56:58 IST" duration-ms="44381" status="FAIL">
          <params>
            <param index="0">
              <value>
                <![CDATA["user able to delete artifact"]]>
              </value>
            </param>
            <param index="1">
              <value>
                <![CDATA["Optional[My Application Feature]"]]>
              </value>
            </param>
          </params>
          <exception class="org.openqa.selenium.NoSuchElementException">
            <message>
              <![CDATA[no such element: Unable to locate element: {"method":"xpath","selector":"//div[contains(text(),'Artifact Deleted !')]"}
  (Session info: chrome=110.0.5481.77)
For documentation on this error, please visit: https://selenium.dev/exceptions/#no_such_element
Build info: version: '4.1.1', revision: 'e8fcc2cecf'
System info: host: 'LIN24010693', ip: '192.168.1.207', os.name: 'Windows 10', os.arch: 'amd64', os.version: '10.0', java.version: '16'
Driver info: org.openqa.selenium.chrome.ChromeDriver
Command: [c21ccbe91eacc9967a5da8d82a781dda, findElement {using=xpath, value=//div[contains(text(),'Artifact Deleted !')]}]
Capabilities {acceptInsecureCerts: false, browserName: chrome, browserVersion: 110.0.5481.77, chrome: {chromedriverVersion: 110.0.5481.77 (65ed616c6e8e..., userDataDir: C:\Program Files (x86)\scop...}, goog:chromeOptions: {debuggerAddress: localhost:52982}, javascriptEnabled: true, networkConnectionEnabled: false, pageLoadStrategy: eager, platform: WINDOWS, platformName: WINDOWS, proxy: Proxy(), se:cdp: ws://localhost:52982/devtoo..., se:cdpVersion: 110.0.5481.77, setWindowRect: true, strictFileInteractability: false, timeouts: {implicit: 0, pageLoad: 300000, script: 30000}, unhandledPromptBehavior: dismiss and notify, webauthn:extension:credBlob: true, webauthn:extension:largeBlob: true, webauthn:virtualAuthenticators: true}
Session ID: c21ccbe91eacc9967a5da8d82a781dda]]>
            </message>
            <full-stacktrace>
              <![CDATA[org.openqa.selenium.NoSuchElementException: no such element: Unable to locate element: {"method":"xpath","selector":"//div[contains(text(),'Artifact Deleted !')]"}
  (Session info: chrome=110.0.5481.77)
For documentation on this error, please visit: https://selenium.dev/exceptions/#no_such_element
Build info: version: '4.1.1', revision: 'e8fcc2cecf'
System info: host: 'LIN24010693', ip: '192.168.1.207', os.name: 'Windows 10', os.arch: 'amd64', os.version: '10.0', java.version: '16'
Driver info: org.openqa.selenium.chrome.ChromeDriver
Command: [c21ccbe91eacc9967a5da8d82a781dda, findElement {using=xpath, value=//div[contains(text(),'Artifact Deleted !')]}]
Capabilities {acceptInsecureCerts: false, browserName: chrome, browserVersion: 110.0.5481.77, chrome: {chromedriverVersion: 110.0.5481.77 (65ed616c6e8e..., userDataDir: C:\Program Files (x86)\scop...}, goog:chromeOptions: {debuggerAddress: localhost:52982}, javascriptEnabled: true, networkConnectionEnabled: false, pageLoadStrategy: eager, platform: WINDOWS, platformName: WINDOWS, proxy: Proxy(), se:cdp: ws://localhost:52982/devtoo..., se:cdpVersion: 110.0.5481.77, setWindowRect: true, strictFileInteractability: false, timeouts: {implicit: 0, pageLoad: 300000, script: 30000}, unhandledPromptBehavior: dismiss and notify, webauthn:extension:credBlob: true, webauthn:extension:largeBlob: true, webauthn:virtualAuthenticators: true}
Session ID: c21ccbe91eacc9967a5da8d82a781dda
at java.base/jdk.internal.reflect.NativeConstructorAccessorImpl.newInstance0(Native Method)
at java.base/jdk.internal.reflect.NativeConstructorAccessorImpl.newInstance(NativeConstructorAccessorImpl.java:78)
at java.base/jdk.internal.reflect.DelegatingConstructorAccessorImpl.newInstance(DelegatingConstructorAccessorImpl.java:45)
at java.base/java.lang.reflect.Constructor.newInstanceWithCaller(Constructor.java:499)
at java.base/java.lang.reflect.Constructor.newInstance(Constructor.java:480)
at org.openqa.selenium.remote.codec.w3c.W3CHttpResponseCodec.createException(W3CHttpResponseCodec.java:200)
at org.openqa.selenium.remote.codec.w3c.W3CHttpResponseCodec.decode(W3CHttpResponseCodec.java:133)
at org.openqa.selenium.remote.codec.w3c.W3CHttpResponseCodec.decode(W3CHttpResponseCodec.java:53)
at org.openqa.selenium.remote.HttpCommandExecutor.execute(HttpCommandExecutor.java:184)
at org.openqa.selenium.remote.service.DriverCommandExecutor.invokeExecute(DriverCommandExecutor.java:167)
at org.openqa.selenium.remote.service.DriverCommandExecutor.execute(DriverCommandExecutor.java:142)
at org.openqa.selenium.remote.RemoteWebDriver.execute(RemoteWebDriver.java:543)
at org.openqa.selenium.remote.ElementLocation$ElementFinder$2.findElement(ElementLocation.java:162)
at org.openqa.selenium.remote.ElementLocation.findElement(ElementLocation.java:60)
at org.openqa.selenium.remote.RemoteWebDriver.findElement(RemoteWebDriver.java:367)
at org.openqa.selenium.remote.RemoteWebDriver.findElement(RemoteWebDriver.java:359)
at com.epam.healenium.handlers.proxy.BaseHandler.findElement(BaseHandler.java:62)
at com.epam.healenium.handlers.proxy.SelfHealingProxyInvocationHandler.invoke(SelfHealingProxyInvocationHandler.java:39)
at jdk.proxy2/jdk.proxy2.$Proxy41.findElement(Unknown Source)
at org.openqa.selenium.support.pagefactory.DefaultElementLocator.findElement(DefaultElementLocator.java:70)
at org.openqa.selenium.support.pagefactory.internal.LocatingElementHandler.invoke(LocatingElementHandler.java:39)
at jdk.proxy2/jdk.proxy2.$Proxy45.isDisplayed(Unknown Source)
at com.sogeti.automation.test.pageFactory.E2CO_MyApplicationPage.verifyArtifactIsDeletedMessage(E2CO_MyApplicationPage.java:298)
at stepdefinitions.E2COTestSteps.verifyUserNotAbleToSeeDeletedArtifact(E2COTestSteps.java:551)
at ?.user is not able to find the deleted artifactId(file:///C:/Users/APathrut/eclipse-workspace/e2colitmus/E2CO%2520Automation/src/test/resources/Features/WebUITests/E2COTests_MyApplication.feature:38)
]]>
            </full-stacktrace>
          </exception> <!-- org.openqa.selenium.NoSuchElementException -->
          <reporter-output>
            <line>
              <![CDATA[| Received parameter 'TestEnvironment' = QA| ]]>
            </line>
            <line>
              <![CDATA[| Initializing self healing driver| ]]>
            </line>
            <line>
              <![CDATA[| New driver instantiated.| ]]>
            </line>
            <line>
              <![CDATA[| Received parameter 'TestEnvironment' = QA| ]]>
            </line>
            <line>
              <![CDATA[| Scenario Name: user able to delete artifact| ]]>
            </line>
            <line>
              <![CDATA[| Received parameter 'TestEnvironment' = QA| ]]>
            </line>
            <line>
              <![CDATA[| Entered username| ]]>
            </line>
            <line>
              <![CDATA[| Entered password| ]]>
            </line>
            <line>
              <![CDATA[| Clicked on my application menu| ]]>
            </line>
            <line>
              <![CDATA[| Selected container| ]]>
            </line>
            <line>
              <![CDATA[| Container as service selected| ]]>
            </line>
            <line>
              <![CDATA[| Clicked on select artifact| ]]>
            </line>
            <line>
              <![CDATA[| Artifact List is displayed| ]]>
            </line>
            <line>
              <![CDATA[| Clicked Delete Button| ]]>
            </line>
            <line>
              <![CDATA[| Confirmed for deletion of artiofact| ]]>
            </line>
            <line>
              <![CDATA[| Execution status is: FAILED| ]]>
            </line>
          </reporter-output>
        </test-method> <!-- runScenario -->
        <test-method signature="runScenario(io.cucumber.testng.PickleWrapper,io.cucumber.testng.FeatureWrapper)[pri:0, instance:runner.TestRunner@670002]" started-at="2023-02-13T21:56:58 IST" name="runScenario" description="Runs Cucumber Scenarios" data-provider="scenarios" finished-at="2023-02-13T21:57:41 IST" duration-ms="43142" status="PASS">
          <params>
            <param index="0">
              <value>
                <![CDATA["user able to delete artifact"]]>
              </value>
            </param>
            <param index="1">
              <value>
                <![CDATA["Optional[My Application Feature]"]]>
              </value>
            </param>
          </params>
          <reporter-output>
            <line>
              <![CDATA[| Received parameter 'TestEnvironment' = QA| ]]>
            </line>
            <line>
              <![CDATA[| Initializing self healing driver| ]]>
            </line>
            <line>
              <![CDATA[| New driver instantiated.| ]]>
            </line>
            <line>
              <![CDATA[| Received parameter 'TestEnvironment' = QA| ]]>
            </line>
            <line>
              <![CDATA[| Scenario Name: user able to delete artifact| ]]>
            </line>
            <line>
              <![CDATA[| Received parameter 'TestEnvironment' = QA| ]]>
            </line>
            <line>
              <![CDATA[| Entered username| ]]>
            </line>
            <line>
              <![CDATA[| Entered password| ]]>
            </line>
            <line>
              <![CDATA[| Clicked on my application menu| ]]>
            </line>
            <line>
              <![CDATA[| Selected container| ]]>
            </line>
            <line>
              <![CDATA[| Container as service selected| ]]>
            </line>
            <line>
              <![CDATA[| Clicked on select artifact| ]]>
            </line>
            <line>
              <![CDATA[| Artifact List is displayed| ]]>
            </line>
            <line>
              <![CDATA[| Clicked Delete Button| ]]>
            </line>
            <line>
              <![CDATA[| Confirmed for deletion of artiofact| ]]>
            </line>
            <line>
              <![CDATA[| Artifact deleted message is displayed| ]]>
            </line>
            <line>
              <![CDATA[| Clicked on close| ]]>
            </line>
            <line>
              <![CDATA[| Artifact is deleted| ]]>
            </line>
            <line>
              <![CDATA[| ArtfacTID is not displayed| ]]>
            </line>
            <line>
              <![CDATA[| ArtfacTID is not displayed| ]]>
            </line>
            <line>
              <![CDATA[| ArtfacTID is not displayed| ]]>
            </line>
            <line>
              <![CDATA[| ArtfacTID is not displayed| ]]>
            </line>
            <line>
              <![CDATA[| ArtfacTID is not displayed| ]]>
            </line>
            <line>
              <![CDATA[| ArtfacTID is not displayed| ]]>
            </line>
            <line>
              <![CDATA[| ArtfacTID is not displayed| ]]>
            </line>
            <line>
              <![CDATA[| ArtfacTID is not displayed| ]]>
            </line>
            <line>
              <![CDATA[| ArtfacTID is not displayed| ]]>
            </line>
            <line>
              <![CDATA[| ArtfacTID is not displayed| ]]>
            </line>
            <line>
              <![CDATA[| ArtfacTID is not displayed| ]]>
            </line>
            <line>
              <![CDATA[| ArtfacTID is not displayed| ]]>
            </line>
            <line>
              <![CDATA[| ArtfacTID is not displayed| ]]>
            </line>
            <line>
              <![CDATA[| ArtfacTID is not displayed| ]]>
            </line>
            <line>
              <![CDATA[| ArtfacTID is not displayed| ]]>
            </line>
            <line>
              <![CDATA[| ArtfacTID is not displayed| ]]>
            </line>
            <line>
              <![CDATA[| ArtfacTID is not displayed| ]]>
            </line>
            <line>
              <![CDATA[| ArtfacTID is not displayed| ]]>
            </line>
            <line>
              <![CDATA[| ArtfacTID is not displayed| ]]>
            </line>
            <line>
              <![CDATA[| ArtfacTID is not displayed| ]]>
            </line>
            <line>
              <![CDATA[| ArtfacTID is not displayed| ]]>
            </line>
            <line>
              <![CDATA[| ArtfacTID is not displayed| ]]>
            </line>
            <line>
              <![CDATA[| ArtfacTID is not displayed| ]]>
            </line>
            <line>
              <![CDATA[| ArtfacTID is not displayed| ]]>
            </line>
            <line>
              <![CDATA[| ArtfacTID is not displayed| ]]>
            </line>
            <line>
              <![CDATA[| ArtfacTID is not displayed| ]]>
            </line>
            <line>
              <![CDATA[| ArtfacTID is not displayed| ]]>
            </line>
            <line>
              <![CDATA[| ArtfacTID is not displayed| ]]>
            </line>
            <line>
              <![CDATA[| ArtfacTID is not displayed| ]]>
            </line>
            <line>
              <![CDATA[| ArtfacTID is not displayed| ]]>
            </line>
            <line>
              <![CDATA[| ArtfacTID is not displayed| ]]>
            </line>
            <line>
              <![CDATA[| ArtfacTID is not displayed| ]]>
            </line>
            <line>
              <![CDATA[| Execution status is: PASSED| ]]>
            </line>
          </reporter-output>
        </test-method> <!-- runScenario -->
        <test-method signature="runScenario(io.cucumber.testng.PickleWrapper,io.cucumber.testng.FeatureWrapper)[pri:0, instance:runner.TestRunner@670002]" started-at="2023-02-13T21:57:41 IST" name="runScenario" description="Runs Cucumber Scenarios" data-provider="scenarios" finished-at="2023-02-13T21:58:23 IST" duration-ms="41538" status="PASS">
          <params>
            <param index="0">
              <value>
                <![CDATA["user able to delete artifact"]]>
              </value>
            </param>
            <param index="1">
              <value>
                <![CDATA["Optional[My Application Feature]"]]>
              </value>
            </param>
          </params>
          <reporter-output>
            <line>
              <![CDATA[| Received parameter 'TestEnvironment' = QA| ]]>
            </line>
            <line>
              <![CDATA[| Initializing self healing driver| ]]>
            </line>
            <line>
              <![CDATA[| New driver instantiated.| ]]>
            </line>
            <line>
              <![CDATA[| Received parameter 'TestEnvironment' = QA| ]]>
            </line>
            <line>
              <![CDATA[| Scenario Name: user able to delete artifact| ]]>
            </line>
            <line>
              <![CDATA[| Received parameter 'TestEnvironment' = QA| ]]>
            </line>
            <line>
              <![CDATA[| Entered username| ]]>
            </line>
            <line>
              <![CDATA[| Entered password| ]]>
            </line>
            <line>
              <![CDATA[| Clicked on my application menu| ]]>
            </line>
            <line>
              <![CDATA[| Selected container| ]]>
            </line>
            <line>
              <![CDATA[| Container as service selected| ]]>
            </line>
            <line>
              <![CDATA[| Clicked on select artifact| ]]>
            </line>
            <line>
              <![CDATA[| Artifact List is displayed| ]]>
            </line>
            <line>
              <![CDATA[| Clicked Delete Button| ]]>
            </line>
            <line>
              <![CDATA[| Confirmed for deletion of artiofact| ]]>
            </line>
            <line>
              <![CDATA[| Artifact deleted message is displayed| ]]>
            </line>
            <line>
              <![CDATA[| Clicked on close| ]]>
            </line>
            <line>
              <![CDATA[| Artifact is deleted| ]]>
            </line>
            <line>
              <![CDATA[| ArtfacTID is not displayed| ]]>
            </line>
            <line>
              <![CDATA[| ArtfacTID is not displayed| ]]>
            </line>
            <line>
              <![CDATA[| ArtfacTID is not displayed| ]]>
            </line>
            <line>
              <![CDATA[| ArtfacTID is not displayed| ]]>
            </line>
            <line>
              <![CDATA[| ArtfacTID is not displayed| ]]>
            </line>
            <line>
              <![CDATA[| ArtfacTID is not displayed| ]]>
            </line>
            <line>
              <![CDATA[| ArtfacTID is not displayed| ]]>
            </line>
            <line>
              <![CDATA[| ArtfacTID is not displayed| ]]>
            </line>
            <line>
              <![CDATA[| ArtfacTID is not displayed| ]]>
            </line>
            <line>
              <![CDATA[| ArtfacTID is not displayed| ]]>
            </line>
            <line>
              <![CDATA[| ArtfacTID is not displayed| ]]>
            </line>
            <line>
              <![CDATA[| ArtfacTID is not displayed| ]]>
            </line>
            <line>
              <![CDATA[| ArtfacTID is not displayed| ]]>
            </line>
            <line>
              <![CDATA[| ArtfacTID is not displayed| ]]>
            </line>
            <line>
              <![CDATA[| ArtfacTID is not displayed| ]]>
            </line>
            <line>
              <![CDATA[| ArtfacTID is not displayed| ]]>
            </line>
            <line>
              <![CDATA[| ArtfacTID is not displayed| ]]>
            </line>
            <line>
              <![CDATA[| ArtfacTID is not displayed| ]]>
            </line>
            <line>
              <![CDATA[| ArtfacTID is not displayed| ]]>
            </line>
            <line>
              <![CDATA[| ArtfacTID is not displayed| ]]>
            </line>
            <line>
              <![CDATA[| ArtfacTID is not displayed| ]]>
            </line>
            <line>
              <![CDATA[| ArtfacTID is not displayed| ]]>
            </line>
            <line>
              <![CDATA[| ArtfacTID is not displayed| ]]>
            </line>
            <line>
              <![CDATA[| ArtfacTID is not displayed| ]]>
            </line>
            <line>
              <![CDATA[| ArtfacTID is not displayed| ]]>
            </line>
            <line>
              <![CDATA[| ArtfacTID is not displayed| ]]>
            </line>
            <line>
              <![CDATA[| ArtfacTID is not displayed| ]]>
            </line>
            <line>
              <![CDATA[| ArtfacTID is not displayed| ]]>
            </line>
            <line>
              <![CDATA[| ArtfacTID is not displayed| ]]>
            </line>
            <line>
              <![CDATA[| ArtfacTID is not displayed| ]]>
            </line>
            <line>
              <![CDATA[| ArtfacTID is not displayed| ]]>
            </line>
            <line>
              <![CDATA[| Execution status is: PASSED| ]]>
            </line>
          </reporter-output>
        </test-method> <!-- runScenario -->
        <test-method is-config="true" signature="tearDownClass()[pri:0, instance:runner.TestRunner@670002]" started-at="2023-02-13T21:58:23 IST" name="tearDownClass" finished-at="2023-02-13T21:58:23 IST" duration-ms="248" status="PASS">
          <reporter-output>
          </reporter-output>
        </test-method> <!-- tearDownClass -->
      </class> <!-- runner.TestRunner -->
    </test> <!-- Surefire test -->
  </suite> <!-- Surefire suite -->
</testng-results>
