<?xml version="1.0" encoding="UTF-8"?>
<testsuite name="runner.TestRunner" time="30.309" tests="1" errors="0" skipped="0" failures="1">
  <properties>
[...]
</properties>
  <testcase name="runScenario" classname="runner.TestRunner" time="30.309">
    <failure message="stale element reference: element is not attached to the page document&#10;  (Session info: chrome=110.0.5481.180)&#10;For documentation on this error, please visit: https://selenium.dev/exceptions/#stale_element_reference&#10;Build info: version: &apos;4.1.1&apos;, revision: &apos;e8fcc2cecf&apos;&#10;System info: host: &apos;LIN24010693&apos;, ip: &apos;192.168.1.3&apos;, os.name: &apos;Windows 10&apos;, os.arch: &apos;amd64&apos;, os.version: &apos;10.0&apos;, java.version: &apos;16&apos;&#10;Driver info: org.openqa.selenium.chrome.ChromeDriver&#10;Command: [59e1a3f6bb406fe5411cc4d37e0f368c, clickElement {id=24d1a917-2c3f-4107-9805-60a037e648d8}]&#10;Capabilities {acceptInsecureCerts: false, browserName: chrome, browserVersion: 110.0.5481.180, chrome: {chromedriverVersion: 110.0.5481.77 (65ed616c6e8e..., userDataDir: C:\Program Files (x86)\scop...}, goog:chromeOptions: {debuggerAddress: localhost:60768}, javascriptEnabled: true, networkConnectionEnabled: false, pageLoadStrategy: eager, platform: WINDOWS, platformName: WINDOWS, proxy: Proxy(), se:cdp: ws://localhost:60768/devtoo..., se:cdpVersion: 110.0.5481.180, setWindowRect: true, strictFileInteractability: false, timeouts: {implicit: 0, pageLoad: 300000, script: 30000}, unhandledPromptBehavior: dismiss and notify, webauthn:extension:credBlob: true, webauthn:extension:largeBlob: true, webauthn:virtualAuthenticators: true}&#10;Element: [[ChromeDriver: chrome on WINDOWS (59e1a3f6bb406fe5411cc4d37e0f368c)] -&gt; xpath: //a[@class=&apos;sidenav-nav-link d-flex align-items-center justify-content-center mb-0 w-100 active&apos; ]]&#10;Session ID: 59e1a3f6bb406fe5411cc4d37e0f368c" type="org.openqa.selenium.StaleElementReferenceException">org.openqa.selenium.StaleElementReferenceException: stale element reference: element is not attached to the page document
  (Session info: chrome=110.0.5481.180)
For documentation on this error, please visit: https://selenium.dev/exceptions/#stale_element_reference
Build info: version: '4.1.1', revision: 'e8fcc2cecf'
System info: host: 'LIN24010693', ip: '192.168.1.3', os.name: 'Windows 10', os.arch: 'amd64', os.version: '10.0', java.version: '16'
Driver info: org.openqa.selenium.chrome.ChromeDriver
Command: [59e1a3f6bb406fe5411cc4d37e0f368c, clickElement {id=24d1a917-2c3f-4107-9805-60a037e648d8}]
Capabilities {acceptInsecureCerts: false, browserName: chrome, browserVersion: 110.0.5481.180, chrome: {chromedriverVersion: 110.0.5481.77 (65ed616c6e8e..., userDataDir: C:\Program Files (x86)\scop...}, goog:chromeOptions: {debuggerAddress: localhost:60768}, javascriptEnabled: true, networkConnectionEnabled: false, pageLoadStrategy: eager, platform: WINDOWS, platformName: WINDOWS, proxy: Proxy(), se:cdp: ws://localhost:60768/devtoo..., se:cdpVersion: 110.0.5481.180, setWindowRect: true, strictFileInteractability: false, timeouts: {implicit: 0, pageLoad: 300000, script: 30000}, unhandledPromptBehavior: dismiss and notify, webauthn:extension:credBlob: true, webauthn:extension:largeBlob: true, webauthn:virtualAuthenticators: true}
Element: [[ChromeDriver: chrome on WINDOWS (59e1a3f6bb406fe5411cc4d37e0f368c)] -> xpath: //a[@class='sidenav-nav-link d-flex align-items-center justify-content-center mb-0 w-100 active' ]]
Session ID: 59e1a3f6bb406fe5411cc4d37e0f368c
	at java.base/jdk.internal.reflect.NativeConstructorAccessorImpl.newInstance0(Native Method)
	at java.base/jdk.internal.reflect.NativeConstructorAccessorImpl.newInstance(NativeConstructorAccessorImpl.java:78)
	at java.base/jdk.internal.reflect.DelegatingConstructorAccessorImpl.newInstance(DelegatingConstructorAccessorImpl.java:45)
	at java.base/java.lang.reflect.Constructor.newInstanceWithCaller(Constructor.java:499)
	at java.base/java.lang.reflect.Constructor.newInstance(Constructor.java:480)
	at org.openqa.selenium.remote.codec.w3c.W3CHttpResponseCodec.createException(W3CHttpResponseCodec.java:200)
	at org.openqa.selenium.remote.codec.w3c.W3CHttpResponseCodec.decode(W3CHttpResponseCodec.java:133)
	at org.openqa.selenium.remote.codec.w3c.W3CHttpResponseCodec.decode(W3CHttpResponseCodec.java:53)
	at org.openqa.selenium.remote.HttpCommandExecutor.execute(HttpCommandExecutor.java:184)
	at org.openqa.selenium.remote.service.DriverCommandExecutor.invokeExecute(DriverCommandExecutor.java:167)
	at org.openqa.selenium.remote.service.DriverCommandExecutor.execute(DriverCommandExecutor.java:142)
	at org.openqa.selenium.remote.RemoteWebDriver.execute(RemoteWebDriver.java:543)
	at org.openqa.selenium.remote.RemoteWebElement.execute(RemoteWebElement.java:251)
	at org.openqa.selenium.remote.RemoteWebElement.click(RemoteWebElement.java:77)
	at jdk.internal.reflect.GeneratedMethodAccessor80.invoke(Unknown Source)
	at java.base/jdk.internal.reflect.DelegatingMethodAccessorImpl.invoke(DelegatingMethodAccessorImpl.java:43)
	at java.base/java.lang.reflect.Method.invoke(Method.java:567)
	at com.epam.healenium.handlers.proxy.WebElementProxyHandler.invoke(WebElementProxyHandler.java:59)
	at jdk.proxy2/jdk.proxy2.$Proxy45.click(Unknown Source)
	at jdk.internal.reflect.GeneratedMethodAccessor80.invoke(Unknown Source)
	at java.base/jdk.internal.reflect.DelegatingMethodAccessorImpl.invoke(DelegatingMethodAccessorImpl.java:43)
	at java.base/java.lang.reflect.Method.invoke(Method.java:567)
	at org.openqa.selenium.support.pagefactory.internal.LocatingElementHandler.invoke(LocatingElementHandler.java:52)
	at jdk.proxy2/jdk.proxy2.$Proxy45.click(Unknown Source)
	at com.sogeti.automation.test.pageFactory.E2CO_UserManagement.usermanagebttn(E2CO_UserManagement.java:151)
	at stepdefinitions.E2COTestSteps.clickOnUserManagementMenu(E2COTestSteps.java:1215)
	at ✽.user clicks on User Mangement Menu for UM(file:///C:/Users/APathrut/eclipse-workspace/e2colitmus/E2CO%2520Automation/src/test/resources/Features/WebUITests/E2COTests_UserManagement.feature:97)
</failure>
    <system-out><![CDATA[Configuring TestNG with: TestNG652Configurator

@usermanagement
Scenario Outline: User Management complete end to end scenario                          # src/test/resources/Features/WebUITests/E2COTests_UserManagement.feature:113
2023-03-11 19:04:35,819 [INFO] [qa.properties] Received parameter 'TestEnvironment' = QA
2023-03-11 19:04:35,827 [INFO] [qa.properties] Received parameter 'ExecutionServer' = Local
2023-03-11 19:04:35,828 [INFO] [qa.properties] Received parameter 'InterfaceType' = Web
2023-03-11 19:04:35,828 [INFO] [qa.properties] Received parameter 'DefaultDownloadPath' = ./src/test/resources/Downloads
2023-03-11 19:04:35,828 [INFO] [qa.properties] Received parameter 'AZURE_KEYVAULT_URL' = 
2023-03-11 19:04:35,829 [INFO] [qa.properties] Received parameter 'TestBrowser' = chrome
2023-03-11 19:04:35,829 [INFO] [qa.properties] Received parameter 'UI_BASE_URL' = https://10.139.9.3:31012/MEC/login
2023-03-11 19:04:35,829 [INFO] [qa.properties] Received parameter 'GRID_HUB_PORT' = 4444
2023-03-11 19:04:35,829 [INFO] [qa.properties] Received parameter 'GRID_HUB_IP' = localhost
2023-03-11 19:04:35,829 [INFO] [qa.properties] Received parameter 'UI_USERNAME' = admin
2023-03-11 19:04:35,830 [INFO] [qa.properties] Received parameter 'UI_PASSWORD' = Admin@1234
2023-03-11 19:04:35,830 [INFO] [qa.properties] Received parameter 'UI_DOMAINNAME' = default
2023-03-11 19:04:35,830 [INFO] [qa.properties] Received parameter 'UI_DEVUSERNAME' = dev01
2023-03-11 19:04:35,830 [INFO] [qa.properties] Received parameter 'UI_DEVPASSWORD' = Admin@1234
2023-03-11 19:04:35,830 [INFO] [qa.properties] Received parameter 'UI_DEVDOMAINNAME' = default
2023-03-11 19:04:35,831 [INFO] [qa.properties] Received parameter 'ScreenshotEnable' = true
2023-03-11 19:04:35,832 [INFO] [qa.properties] Initializing self healing driver
2023-03-11 19:04:38,530 [INFO] [LOCAL, CHROME] New driver instantiated.
2023-03-11 19:04:41,418 [INFO] [LOCAL, qa.properties] Received parameter 'TestEnvironment' = QA
2023-03-11 19:04:41,420 [INFO] [LOCAL, CommonSteps] Scenario Name: User Management complete end to end scenario
2023-03-11 19:04:41,425 [INFO] [LOCAL, qa.properties] Received parameter 'TestEnvironment' = QA
2023-03-11 19:04:41,776 [INFO] [LOCAL, E2COTestSteps] Entered username
2023-03-11 19:04:41,878 [INFO] [LOCAL, E2COTestSteps] Entered password
2023-03-11 19:04:41,967 [INFO] [LOCAL, E2COTestSteps] Entered domain
  When user logs into MEC portalAdmin                                                   # stepdefinitions.E2COTestSteps.login(java.lang.String)

    Embedding User Management complete end to end scenario [image/png 500422 bytes]

2023-03-11 19:04:42,541 [INFO] [LOCAL, E2COTestSteps] User icon is displayed.
  And user is on Dashboard page                                                         # stepdefinitions.E2COTestSteps.verifyUserisOnDashboard()

    Embedding User Management complete end to end scenario [image/png 96768 bytes]

2023-03-11 19:04:42,951 [INFO] [LOCAL, E2COTestSteps] Clicked the user management
  And user clicks on User Mangement Menu                                                # stepdefinitions.E2COTestSteps.navigateToUserMangementPage()

    Embedding User Management complete end to end scenario [image/png 96768 bytes]

0
  Then user management page is displayed                                                # stepdefinitions.E2COTestSteps.verifyUserManagementPageLoaded()

    Embedding User Management complete end to end scenario [image/png 53428 bytes]

2023-03-11 19:05:00,789 [INFO] [LOCAL, E2COTestSteps] Clicked the add new user
  When user clicks on add new user                                                      # stepdefinitions.E2COTestSteps.clickOnAddNewUser()

    Embedding User Management complete end to end scenario [image/png 61842 bytes]

  Then add new user page is displayed                                                   # stepdefinitions.E2COTestSteps.verifyAddNewUserPageLoaded()

    Embedding User Management complete end to end scenario [image/png 57562 bytes]

2023-03-11 19:05:01,681 [INFO] [LOCAL, E2COTestSteps] Entered first name
2023-03-11 19:05:01,761 [INFO] [LOCAL, E2COTestSteps] Entered last name
2023-03-11 19:05:01,813 [INFO] [LOCAL, E2COTestSteps] Role selected
2023-03-11 19:05:01,879 [INFO] [LOCAL, E2COTestSteps] Entered EmailId
2023-03-11 19:05:01,944 [INFO] [LOCAL, E2COTestSteps] Entered UserName
2023-03-11 19:05:02,023 [INFO] [LOCAL, E2COTestSteps] Entered Password
2023-03-11 19:05:02,089 [INFO] [LOCAL, E2COTestSteps] Entered RetypePassword
2023-03-11 19:05:02,151 [INFO] [LOCAL, E2COTestSteps] Entered ContactNo
2023-03-11 19:05:02,219 [INFO] [LOCAL, E2COTestSteps] Max invalid attempt selected
2023-03-11 19:05:02,291 [INFO] [LOCAL, E2COTestSteps] Max validity selected
2023-03-11 19:05:02,374 [INFO] [LOCAL, E2COTestSteps] Entered domain name
  When user enter the details of new userUserManagement, 0                              # stepdefinitions.E2COTestSteps.enterDetailsOfUser(java.lang.String,int)

    Embedding User Management complete end to end scenario [image/png 59713 bytes]

2023-03-11 19:05:02,542 [INFO] [LOCAL, E2COTestSteps] Clicked Submit Button
2023-03-11 19:05:02,902 [INFO] [LOCAL, E2COTestSteps] Clicked popup message of user created successfully
  And clicks on the submit                                                              # stepdefinitions.E2COTestSteps.submitDetails()

    Embedding User Management complete end to end scenario [image/png 49966 bytes]

14
admin
admin17
admin212
admin0403
2023-03-11 19:05:03,110 [INFO] [LOCAL, E2COTestSteps] User is displayed
data4
data7
dev01
dev17
dev65
dev212
domain
enterprisedemo
portal
today
  Then created user is displayed                                                        # stepdefinitions.E2COTestSteps.verifyUserIsCreated()

    Embedding User Management complete end to end scenario [image/png 85787 bytes]

2023-03-11 19:05:03,372 [INFO] [LOCAL, E2COTestSteps] Clicked on user
2023-03-11 19:05:03,447 [INFO] [LOCAL, E2COTestSteps] Clicked logout button
  When user logs out                                                                    # stepdefinitions.E2COTestSteps.userIsLoggingOut()

    Embedding User Management complete end to end scenario [image/png 499004 bytes]

  Then login page is displayed                                                          # stepdefinitions.E2COTestSteps.verifyUserIsOnLoginPage()

    Embedding User Management complete end to end scenario [image/png 499004 bytes]

2023-03-11 19:05:04,173 [INFO] [LOCAL, E2COTestSteps] Entered username
2023-03-11 19:05:04,251 [INFO] [LOCAL, E2COTestSteps] Entered password
2023-03-11 19:05:04,336 [INFO] [LOCAL, E2COTestSteps] Entered domain
  When user enter username as <username>, password as <pass> and domain as <domainName> # stepdefinitions.E2COTestSteps.verifyCreatedUserLogin(java.lang.String,java.lang.String,java.lang.String)

    Embedding User Management complete end to end scenario [image/png 502269 bytes]

  And click on login                                                                    # stepdefinitions.E2COTestSteps.clickLoginBtn()

    Embedding User Management complete end to end scenario [image/png 501497 bytes]

2023-03-11 19:05:05,104 [INFO] [LOCAL, E2COTestSteps] User icon is displayed.
  Then User is on the dashboard page as using login with new pass                       # stepdefinitions.E2COTestSteps.userisAbleToLoginWithNewPassword()

    Embedding User Management complete end to end scenario [image/png 84349 bytes]

  When user clicks on User Mangement Menu for UM                                        # stepdefinitions.E2COTestSteps.clickOnUserManagementMenu()
      org.openqa.selenium.StaleElementReferenceException: stale element reference: element is not attached to the page document
  (Session info: chrome=110.0.5481.180)
For documentation on this error, please visit: https://selenium.dev/exceptions/#stale_element_reference
Build info: version: '4.1.1', revision: 'e8fcc2cecf'
System info: host: 'LIN24010693', ip: '192.168.1.3', os.name: 'Windows 10', os.arch: 'amd64', os.version: '10.0', java.version: '16'
Driver info: org.openqa.selenium.chrome.ChromeDriver
Command: [59e1a3f6bb406fe5411cc4d37e0f368c, clickElement {id=24d1a917-2c3f-4107-9805-60a037e648d8}]
Capabilities {acceptInsecureCerts: false, browserName: chrome, browserVersion: 110.0.5481.180, chrome: {chromedriverVersion: 110.0.5481.77 (65ed616c6e8e..., userDataDir: C:\Program Files (x86)\scop...}, goog:chromeOptions: {debuggerAddress: localhost:60768}, javascriptEnabled: true, networkConnectionEnabled: false, pageLoadStrategy: eager, platform: WINDOWS, platformName: WINDOWS, proxy: Proxy(), se:cdp: ws://localhost:60768/devtoo..., se:cdpVersion: 110.0.5481.180, setWindowRect: true, strictFileInteractability: false, timeouts: {implicit: 0, pageLoad: 300000, script: 30000}, unhandledPromptBehavior: dismiss and notify, webauthn:extension:credBlob: true, webauthn:extension:largeBlob: true, webauthn:virtualAuthenticators: true}
Element: [[ChromeDriver: chrome on WINDOWS (59e1a3f6bb406fe5411cc4d37e0f368c)] -> xpath: //a[@class='sidenav-nav-link d-flex align-items-center justify-content-center mb-0 w-100 active' ]]
Session ID: 59e1a3f6bb406fe5411cc4d37e0f368c
	at java.base/jdk.internal.reflect.NativeConstructorAccessorImpl.newInstance0(Native Method)
	at java.base/jdk.internal.reflect.NativeConstructorAccessorImpl.newInstance(NativeConstructorAccessorImpl.java:78)
	at java.base/jdk.internal.reflect.DelegatingConstructorAccessorImpl.newInstance(DelegatingConstructorAccessorImpl.java:45)
	at java.base/java.lang.reflect.Constructor.newInstanceWithCaller(Constructor.java:499)
	at java.base/java.lang.reflect.Constructor.newInstance(Constructor.java:480)
	at org.openqa.selenium.remote.codec.w3c.W3CHttpResponseCodec.createException(W3CHttpResponseCodec.java:200)
	at org.openqa.selenium.remote.codec.w3c.W3CHttpResponseCodec.decode(W3CHttpResponseCodec.java:133)
	at org.openqa.selenium.remote.codec.w3c.W3CHttpResponseCodec.decode(W3CHttpResponseCodec.java:53)
	at org.openqa.selenium.remote.HttpCommandExecutor.execute(HttpCommandExecutor.java:184)
	at org.openqa.selenium.remote.service.DriverCommandExecutor.invokeExecute(DriverCommandExecutor.java:167)
	at org.openqa.selenium.remote.service.DriverCommandExecutor.execute(DriverCommandExecutor.java:142)
	at org.openqa.selenium.remote.RemoteWebDriver.execute(RemoteWebDriver.java:543)
	at org.openqa.selenium.remote.RemoteWebElement.execute(RemoteWebElement.java:251)
	at org.openqa.selenium.remote.RemoteWebElement.click(RemoteWebElement.java:77)
	at jdk.internal.reflect.GeneratedMethodAccessor80.invoke(Unknown Source)
	at java.base/jdk.internal.reflect.DelegatingMethodAccessorImpl.invoke(DelegatingMethodAccessorImpl.java:43)
	at java.base/java.lang.reflect.Method.invoke(Method.java:567)
	at com.epam.healenium.handlers.proxy.WebElementProxyHandler.invoke(WebElementProxyHandler.java:59)
	at jdk.proxy2/jdk.proxy2.$Proxy45.click(Unknown Source)
	at jdk.internal.reflect.GeneratedMethodAccessor80.invoke(Unknown Source)
	at java.base/jdk.internal.reflect.DelegatingMethodAccessorImpl.invoke(DelegatingMethodAccessorImpl.java:43)
	at java.base/java.lang.reflect.Method.invoke(Method.java:567)
	at org.openqa.selenium.support.pagefactory.internal.LocatingElementHandler.invoke(LocatingElementHandler.java:52)
	at jdk.proxy2/jdk.proxy2.$Proxy45.click(Unknown Source)
	at com.sogeti.automation.test.pageFactory.E2CO_UserManagement.usermanagebttn(E2CO_UserManagement.java:151)
	at stepdefinitions.E2COTestSteps.clickOnUserManagementMenu(E2COTestSteps.java:1215)
	at âœ½.user clicks on User Mangement Menu for UM(file:///C:/Users/APathrut/eclipse-workspace/e2colitmus/E2CO%2520Automation/src/test/resources/Features/WebUITests/E2COTests_UserManagement.feature:97)


    Embedding User Management complete end to end scenario [image/png 161055 bytes]

  Then user management page is displayed                                                # stepdefinitions.E2COTestSteps.verifyUserManagementPageLoaded()
  When user clicks on the delete button                                                 # stepdefinitions.E2COTestSteps.verifyUserIsAbleToDelete()
  Then user sees popup of confirmation page                                             # stepdefinitions.E2COTestSteps.verifyConfirmPopupMessageIsDisplayed()
  When clicks on confirm button                                                         # stepdefinitions.E2COTestSteps.clickOnConfirmButton()
  Then user details are removed                                                         # stepdefinitions.E2COTestSteps.verifyUserIsRemovedFromTable()
  When user clicks on the lock button                                                   # stepdefinitions.E2COTestSteps.inactiveUser()
  Then user is inactivated                                                              # stepdefinitions.E2COTestSteps.verifyUserIsInactivated()
  When user clicks on open lock button                                                  # stepdefinitions.E2COTestSteps.activeUser()
  Then user is activated                                                                # stepdefinitions.E2COTestSteps.verifyUserIsActivated()
  When user logs out                                                                    # stepdefinitions.E2COTestSteps.userIsLoggingOut()
  And login page is displayed                                                           # stepdefinitions.E2COTestSteps.verifyUserIsOnLoginPage()
  And user enters the credientials of activated user and able to login                  # stepdefinitions.E2COTestSteps.enterActivatedCredientials()
  Then user is on the dashboard page as user activated                                  # stepdefinitions.E2COTestSteps.verifyActivatedUserIsAbleToLogin()
2023-03-11 19:05:05,703 [INFO] [LOCAL, E2COTestSteps] Execution status is: FAILED
]]></system-out>
    <system-err><![CDATA[[main] INFO io.github.bonigarcia.wdm.cache.ResolutionCache - Clearing WebDriverManager resolution cache
[main] INFO io.github.bonigarcia.wdm.WebDriverManager - Using chromedriver 110.0.5481.77 (resolved driver for Chrome 110)
[main] INFO io.github.bonigarcia.wdm.WebDriverManager - Exporting webdriver.chrome.driver as C:\Users\APathrut\.cache\selenium\chromedriver\win32\110.0.5481.77\chromedriver.exe
Starting ChromeDriver 110.0.5481.77 (65ed616c6e8ee3fe0ad64fe83796c020644d42af-refs/branch-heads/5481@{#839}) on port 55028
Only local connections are allowed.
Please see https://chromedriver.chromium.org/security-considerations for suggestions on keeping ChromeDriver safe.
ChromeDriver was started successfully.
[1678541678.156][WARNING]: virtual void DevToolsClientImpl::AddListener(DevToolsEventListener *) subscribing a listener to the already connected DevToolsClient. Connection notification will not arrive.
Mar 11, 2023 7:04:38 PM org.openqa.selenium.remote.ProtocolHandshake createSession
INFO: Detected dialect: W3C
Mar 11, 2023 7:04:38 PM org.openqa.selenium.devtools.CdpVersionFinder findNearestMatch
WARNING: Unable to find an exact match for CDP version 110, so returning the closest version found: a no-op implementation
Mar 11, 2023 7:04:38 PM org.openqa.selenium.devtools.CdpVersionFinder findNearestMatch
INFO: Unable to find CDP implementation matching 110.
Mar 11, 2023 7:04:38 PM org.openqa.selenium.chromium.ChromiumDriver lambda$new$3
WARNING: Unable to find version of CDP to use for . You may need to include a dependency on a specific version of the CDP using something similar to `org.seleniumhq.selenium:selenium-devtools-v86:4.1.1` where the version ("v86") matches the version of the chromium-based browser you're using and the version number of the artifact is the same as Selenium's.
Cleaning up unclosed ZipFile for archive C:\Users\APathrut\eclipse-workspace\e2colitmus\E2CO%20Automation\input-data\inputFiles\InputData.xlsx
]]></system-err>
  </testcase>
</testsuite>