<?xml version="1.0" encoding="UTF-8"?>
<testng-results ignored="0" total="8" passed="8" failed="0" skipped="0">
  <reporter-output>
    <line>
      <![CDATA[| Received parameter 'TestEnvironment' = QA| ]]>
    </line>
    <line>
      <![CDATA[| Received parameter 'ExecutionServer' = Local| ]]>
    </line>
    <line>
      <![CDATA[| Received parameter 'InterfaceType' = Web| ]]>
    </line>
    <line>
      <![CDATA[| Received parameter 'DefaultDownloadPath' = ./src/test/resources/Downloads| ]]>
    </line>
    <line>
      <![CDATA[| Received parameter 'AZURE_KEYVAULT_URL' = | ]]>
    </line>
    <line>
      <![CDATA[| Received parameter 'TestBrowser' = chrome| ]]>
    </line>
    <line>
      <![CDATA[| Received parameter 'UI_BASE_URL' = https://10.139.9.7:31012/MEC/login| ]]>
    </line>
    <line>
      <![CDATA[| Received parameter 'GRID_HUB_PORT' = 4444| ]]>
    </line>
    <line>
      <![CDATA[| Received parameter 'GRID_HUB_IP' = localhost| ]]>
    </line>
    <line>
      <![CDATA[| Received parameter 'UI_USERNAME' = admin| ]]>
    </line>
    <line>
      <![CDATA[| Received parameter 'UI_PASSWORD' = Admin@1234| ]]>
    </line>
    <line>
      <![CDATA[| Received parameter 'UI_DEVUSERNAME' = dev01| ]]>
    </line>
    <line>
      <![CDATA[| Received parameter 'UI_DEVPASSWORD' = Admin@1234| ]]>
    </line>
    <line>
      <![CDATA[| Received parameter 'ScreenshotEnable' = true| ]]>
    </line>
    <line>
      <![CDATA[| Initializing self healing driver| ]]>
    </line>
    <line>
      <![CDATA[| New driver instantiated.| ]]>
    </line>
    <line>
      <![CDATA[| Received parameter 'TestEnvironment' = QA| ]]>
    </line>
    <line>
      <![CDATA[| Scenario Name: preprovision the edge| ]]>
    </line>
    <line>
      <![CDATA[| Received parameter 'TestEnvironment' = QA| ]]>
    </line>
    <line>
      <![CDATA[| Entered username| ]]>
    </line>
    <line>
      <![CDATA[| Entered password| ]]>
    </line>
    <line>
      <![CDATA[| Clicked on edges| ]]>
    </line>
    <line>
      <![CDATA[| Click on preprovision option| ]]>
    </line>
    <line>
      <![CDATA[| Enter EdgeId| ]]>
    </line>
    <line>
      <![CDATA[| Zone Id selected| ]]>
    </line>
    <line>
      <![CDATA[| Country is selected| ]]>
    </line>
    <line>
      <![CDATA[| Latency is selected| ]]>
    </line>
    <line>
      <![CDATA[| Enter EnterPrise Id| ]]>
    </line>
    <line>
      <![CDATA[| Bandwidth is selected| ]]>
    </line>
    <line>
      <![CDATA[| Enter Edge description| ]]>
    </line>
    <line>
      <![CDATA[| Enter city name| ]]>
    </line>
    <line>
      <![CDATA[| Enter city name| ]]>
    </line>
    <line>
      <![CDATA[| Enter the locality name| ]]>
    </line>
    <line>
      <![CDATA[| Radio is selected| ]]>
    </line>
    <line>
      <![CDATA[| Enter MCC value| ]]>
    </line>
    <line>
      <![CDATA[| Enter MNC value| ]]>
    </line>
    <line>
      <![CDATA[| Enter CGI value| ]]>
    </line>
    <line>
      <![CDATA[| Enter TAC value| ]]>
    </line>
    <line>
      <![CDATA[| App availability is selected| ]]>
    </line>
    <line>
      <![CDATA[| Load is selected| ]]>
    </line>
    <line>
      <![CDATA[| Enter cluster name| ]]>
    </line>
    <line>
      <![CDATA[| Enter Latitude value| ]]>
    </line>
    <line>
      <![CDATA[| Enter Longitude value| ]]>
    </line>
    <line>
      <![CDATA[| Click on submit button| ]]>
    </line>
    <line>
      <![CDATA[| EdgeId is displayed| ]]>
    </line>
    <line>
      <![CDATA[| Execution status is: PASSED| ]]>
    </line>
    <line>
      <![CDATA[| Received parameter 'TestEnvironment' = QA| ]]>
    </line>
    <line>
      <![CDATA[| Initializing self healing driver| ]]>
    </line>
    <line>
      <![CDATA[| New driver instantiated.| ]]>
    </line>
    <line>
      <![CDATA[| Received parameter 'TestEnvironment' = QA| ]]>
    </line>
    <line>
      <![CDATA[| Scenario Name: Onbaording edge using yaml file| ]]>
    </line>
    <line>
      <![CDATA[| Received parameter 'TestEnvironment' = QA| ]]>
    </line>
    <line>
      <![CDATA[| Entered username| ]]>
    </line>
    <line>
      <![CDATA[| Entered password| ]]>
    </line>
    <line>
      <![CDATA[| Execution status is: PASSED| ]]>
    </line>
    <line>
      <![CDATA[| Received parameter 'TestEnvironment' = QA| ]]>
    </line>
    <line>
      <![CDATA[| Initializing self healing driver| ]]>
    </line>
    <line>
      <![CDATA[| New driver instantiated.| ]]>
    </line>
    <line>
      <![CDATA[| Received parameter 'TestEnvironment' = QA| ]]>
    </line>
    <line>
      <![CDATA[| Scenario Name: Create new artifactId| ]]>
    </line>
    <line>
      <![CDATA[| Received parameter 'TestEnvironment' = QA| ]]>
    </line>
    <line>
      <![CDATA[| Entered username| ]]>
    </line>
    <line>
      <![CDATA[| Entered password| ]]>
    </line>
    <line>
      <![CDATA[| Clicked on my application menu| ]]>
    </line>
    <line>
      <![CDATA[| Selected container| ]]>
    </line>
    <line>
      <![CDATA[| Clicked on create new artifact| ]]>
    </line>
    <line>
      <![CDATA[| Entered artifact name| ]]>
    </line>
    <line>
      <![CDATA[| Enetered componenetID| ]]>
    </line>
    <line>
      <![CDATA[| Entered componenet image name| ]]>
    </line>
    <line>
      <![CDATA[| zip file is imported| ]]>
    </line>
    <line>
      <![CDATA[| Clicked on submit button| ]]>
    </line>
    <line>
      <![CDATA[| Artifact created successfully| ]]>
    </line>
    <line>
      <![CDATA[| Clicked on close| ]]>
    </line>
    <line>
      <![CDATA[| Clicked on select artifact| ]]>
    </line>
    <line>
      <![CDATA[| Execution status is: PASSED| ]]>
    </line>
    <line>
      <![CDATA[| Received parameter 'TestEnvironment' = QA| ]]>
    </line>
    <line>
      <![CDATA[| Initializing self healing driver| ]]>
    </line>
    <line>
      <![CDATA[| New driver instantiated.| ]]>
    </line>
    <line>
      <![CDATA[| Received parameter 'TestEnvironment' = QA| ]]>
    </line>
    <line>
      <![CDATA[| Scenario Name: Create new Admin user and verify login| ]]>
    </line>
    <line>
      <![CDATA[| Received parameter 'TestEnvironment' = QA| ]]>
    </line>
    <line>
      <![CDATA[| Entered username| ]]>
    </line>
    <line>
      <![CDATA[| Entered password| ]]>
    </line>
    <line>
      <![CDATA[| Clicked the user management| ]]>
    </line>
    <line>
      <![CDATA[| Clicked the add new user| ]]>
    </line>
    <line>
      <![CDATA[| Entered first name| ]]>
    </line>
    <line>
      <![CDATA[| Entered last name| ]]>
    </line>
    <line>
      <![CDATA[| Role selected| ]]>
    </line>
    <line>
      <![CDATA[| Entered EmailId| ]]>
    </line>
    <line>
      <![CDATA[| Entered UserName| ]]>
    </line>
    <line>
      <![CDATA[| Entered Password| ]]>
    </line>
    <line>
      <![CDATA[| Entered RetypePassword| ]]>
    </line>
    <line>
      <![CDATA[| Entered ContactNo| ]]>
    </line>
    <line>
      <![CDATA[| Max invalid attempt selected| ]]>
    </line>
    <line>
      <![CDATA[| Max validity selected| ]]>
    </line>
    <line>
      <![CDATA[| Clicked Submit Button| ]]>
    </line>
    <line>
      <![CDATA[| Clicked popup message of user created successfully| ]]>
    </line>
    <line>
      <![CDATA[| User is displayed| ]]>
    </line>
    <line>
      <![CDATA[| Clicked on user| ]]>
    </line>
    <line>
      <![CDATA[| Clicked logout button| ]]>
    </line>
    <line>
      <![CDATA[| Entered username| ]]>
    </line>
    <line>
      <![CDATA[| Entered password| ]]>
    </line>
    <line>
      <![CDATA[| Execution status is: PASSED| ]]>
    </line>
    <line>
      <![CDATA[| Received parameter 'TestEnvironment' = QA| ]]>
    </line>
    <line>
      <![CDATA[| Initializing self healing driver| ]]>
    </line>
    <line>
      <![CDATA[| New driver instantiated.| ]]>
    </line>
    <line>
      <![CDATA[| Received parameter 'TestEnvironment' = QA| ]]>
    </line>
    <line>
      <![CDATA[| Scenario Name: Developer is not able to create new user| ]]>
    </line>
    <line>
      <![CDATA[| Received parameter 'TestEnvironment' = QA| ]]>
    </line>
    <line>
      <![CDATA[| Entered username| ]]>
    </line>
    <line>
      <![CDATA[| Entered password| ]]>
    </line>
    <line>
      <![CDATA[| Execution status is: PASSED| ]]>
    </line>
    <line>
      <![CDATA[| Received parameter 'TestEnvironment' = QA| ]]>
    </line>
    <line>
      <![CDATA[| Initializing self healing driver| ]]>
    </line>
    <line>
      <![CDATA[| New driver instantiated.| ]]>
    </line>
    <line>
      <![CDATA[| Received parameter 'TestEnvironment' = QA| ]]>
    </line>
    <line>
      <![CDATA[| Scenario Name: Admin is able to delete user| ]]>
    </line>
    <line>
      <![CDATA[| Received parameter 'TestEnvironment' = QA| ]]>
    </line>
    <line>
      <![CDATA[| Entered username| ]]>
    </line>
    <line>
      <![CDATA[| Entered password| ]]>
    </line>
    <line>
      <![CDATA[| Clicked the user management| ]]>
    </line>
    <line>
      <![CDATA[| Clicked delete button| ]]>
    </line>
    <line>
      <![CDATA[| Clicked confirm button| ]]>
    </line>
    <line>
      <![CDATA[| Element is deleted| ]]>
    </line>
    <line>
      <![CDATA[| User is not displayed| ]]>
    </line>
    <line>
      <![CDATA[| User is not displayed| ]]>
    </line>
    <line>
      <![CDATA[| User is not displayed| ]]>
    </line>
    <line>
      <![CDATA[| User is not displayed| ]]>
    </line>
    <line>
      <![CDATA[| User is not displayed| ]]>
    </line>
    <line>
      <![CDATA[| User is not displayed| ]]>
    </line>
    <line>
      <![CDATA[| User is not displayed| ]]>
    </line>
    <line>
      <![CDATA[| User is not displayed| ]]>
    </line>
    <line>
      <![CDATA[| User is not displayed| ]]>
    </line>
    <line>
      <![CDATA[| User is not displayed| ]]>
    </line>
    <line>
      <![CDATA[| User is not displayed| ]]>
    </line>
    <line>
      <![CDATA[| User is not displayed| ]]>
    </line>
    <line>
      <![CDATA[| User is not displayed| ]]>
    </line>
    <line>
      <![CDATA[| User is not displayed| ]]>
    </line>
    <line>
      <![CDATA[| User is not displayed| ]]>
    </line>
    <line>
      <![CDATA[| User is not displayed| ]]>
    </line>
    <line>
      <![CDATA[| User is not displayed| ]]>
    </line>
    <line>
      <![CDATA[| User is not displayed| ]]>
    </line>
    <line>
      <![CDATA[| User is not displayed| ]]>
    </line>
    <line>
      <![CDATA[| User is not displayed| ]]>
    </line>
    <line>
      <![CDATA[| User is not displayed| ]]>
    </line>
    <line>
      <![CDATA[| User is not displayed| ]]>
    </line>
    <line>
      <![CDATA[| User is not displayed| ]]>
    </line>
    <line>
      <![CDATA[| User is not displayed| ]]>
    </line>
    <line>
      <![CDATA[| User is not displayed| ]]>
    </line>
    <line>
      <![CDATA[| User is not displayed| ]]>
    </line>
    <line>
      <![CDATA[| User is not displayed| ]]>
    </line>
    <line>
      <![CDATA[| User is not displayed| ]]>
    </line>
    <line>
      <![CDATA[| Execution status is: PASSED| ]]>
    </line>
    <line>
      <![CDATA[| Received parameter 'TestEnvironment' = QA| ]]>
    </line>
    <line>
      <![CDATA[| Initializing self healing driver| ]]>
    </line>
    <line>
      <![CDATA[| New driver instantiated.| ]]>
    </line>
    <line>
      <![CDATA[| Received parameter 'TestEnvironment' = QA| ]]>
    </line>
    <line>
      <![CDATA[| Scenario Name: Admin is able to inactive the user| ]]>
    </line>
    <line>
      <![CDATA[| Received parameter 'TestEnvironment' = QA| ]]>
    </line>
    <line>
      <![CDATA[| Entered username| ]]>
    </line>
    <line>
      <![CDATA[| Entered password| ]]>
    </line>
    <line>
      <![CDATA[| Clicked the user management| ]]>
    </line>
    <line>
      <![CDATA[| Clicked locked button| ]]>
    </line>
    <line>
      <![CDATA[| Clicked on user| ]]>
    </line>
    <line>
      <![CDATA[| Clicked logout button| ]]>
    </line>
    <line>
      <![CDATA[| Entered username| ]]>
    </line>
    <line>
      <![CDATA[| Entered password| ]]>
    </line>
    <line>
      <![CDATA[| User is inactivated| ]]>
    </line>
    <line>
      <![CDATA[| Execution status is: PASSED| ]]>
    </line>
    <line>
      <![CDATA[| Received parameter 'TestEnvironment' = QA| ]]>
    </line>
    <line>
      <![CDATA[| Initializing self healing driver| ]]>
    </line>
    <line>
      <![CDATA[| New driver instantiated.| ]]>
    </line>
    <line>
      <![CDATA[| Received parameter 'TestEnvironment' = QA| ]]>
    </line>
    <line>
      <![CDATA[| Scenario Name: Create new zone and Check the functionality| ]]>
    </line>
    <line>
      <![CDATA[| Received parameter 'TestEnvironment' = QA| ]]>
    </line>
    <line>
      <![CDATA[| Entered username| ]]>
    </line>
    <line>
      <![CDATA[| Entered password| ]]>
    </line>
    <line>
      <![CDATA[| Entered zone name| ]]>
    </line>
    <line>
      <![CDATA[| Entered zone name| ]]>
    </line>
    <line>
      <![CDATA[| Entered zone name| ]]>
    </line>
    <line>
      <![CDATA[| Entered zone name| ]]>
    </line>
    <line>
      <![CDATA[| Entered zone name| ]]>
    </line>
    <line>
      <![CDATA[| Execution status is: PASSED| ]]>
    </line>
  </reporter-output>
  <suite started-at="2023-02-13T11:55:33 IST" name="Surefire suite" finished-at="2023-02-13T11:58:42 IST" duration-ms="189481">
    <groups>
      <group name="cucumber">
        <method signature="AbstractTestNGCucumberTests.runScenario(io.cucumber.testng.PickleWrapper,io.cucumber.testng.FeatureWrapper)[pri:0, instance:runner.TestRunner@670002]" name="runScenario" class="io.cucumber.testng.AbstractTestNGCucumberTests"/>
      </group> <!-- cucumber -->
    </groups>
    <test started-at="2023-02-13T11:55:33 IST" name="Surefire test" finished-at="2023-02-13T11:58:42 IST" duration-ms="189481">
      <class name="runner.TestRunner">
        <test-method is-config="true" signature="setUpClass(org.testng.ITestContext)[pri:0, instance:runner.TestRunner@670002]" started-at="2023-02-13T11:55:33 IST" name="setUpClass" finished-at="2023-02-13T11:55:33 IST" duration-ms="494" status="PASS">
          <params>
            <param index="0">
              <value>
                <![CDATA[org.testng.TestRunner@4889fbba]]>
              </value>
            </param>
          </params>
          <reporter-output>
          </reporter-output>
        </test-method> <!-- setUpClass -->
        <test-method signature="runScenario(io.cucumber.testng.PickleWrapper,io.cucumber.testng.FeatureWrapper)[pri:0, instance:runner.TestRunner@670002]" started-at="2023-02-13T11:55:33 IST" name="runScenario" description="Runs Cucumber Scenarios" data-provider="scenarios" finished-at="2023-02-13T11:56:00 IST" duration-ms="26188" status="PASS">
          <params>
            <param index="0">
              <value>
                <![CDATA["preprovision the edge"]]>
              </value>
            </param>
            <param index="1">
              <value>
                <![CDATA["Optional[Edges Feature]"]]>
              </value>
            </param>
          </params>
          <reporter-output>
            <line>
              <![CDATA[| Received parameter 'TestEnvironment' = QA| ]]>
            </line>
            <line>
              <![CDATA[| Received parameter 'ExecutionServer' = Local| ]]>
            </line>
            <line>
              <![CDATA[| Received parameter 'InterfaceType' = Web| ]]>
            </line>
            <line>
              <![CDATA[| Received parameter 'DefaultDownloadPath' = ./src/test/resources/Downloads| ]]>
            </line>
            <line>
              <![CDATA[| Received parameter 'AZURE_KEYVAULT_URL' = | ]]>
            </line>
            <line>
              <![CDATA[| Received parameter 'TestBrowser' = chrome| ]]>
            </line>
            <line>
              <![CDATA[| Received parameter 'UI_BASE_URL' = https://10.139.9.7:31012/MEC/login| ]]>
            </line>
            <line>
              <![CDATA[| Received parameter 'GRID_HUB_PORT' = 4444| ]]>
            </line>
            <line>
              <![CDATA[| Received parameter 'GRID_HUB_IP' = localhost| ]]>
            </line>
            <line>
              <![CDATA[| Received parameter 'UI_USERNAME' = admin| ]]>
            </line>
            <line>
              <![CDATA[| Received parameter 'UI_PASSWORD' = Admin@1234| ]]>
            </line>
            <line>
              <![CDATA[| Received parameter 'UI_DEVUSERNAME' = dev01| ]]>
            </line>
            <line>
              <![CDATA[| Received parameter 'UI_DEVPASSWORD' = Admin@1234| ]]>
            </line>
            <line>
              <![CDATA[| Received parameter 'ScreenshotEnable' = true| ]]>
            </line>
            <line>
              <![CDATA[| Initializing self healing driver| ]]>
            </line>
            <line>
              <![CDATA[| New driver instantiated.| ]]>
            </line>
            <line>
              <![CDATA[| Received parameter 'TestEnvironment' = QA| ]]>
            </line>
            <line>
              <![CDATA[| Scenario Name: preprovision the edge| ]]>
            </line>
            <line>
              <![CDATA[| Received parameter 'TestEnvironment' = QA| ]]>
            </line>
            <line>
              <![CDATA[| Entered username| ]]>
            </line>
            <line>
              <![CDATA[| Entered password| ]]>
            </line>
            <line>
              <![CDATA[| Clicked on edges| ]]>
            </line>
            <line>
              <![CDATA[| Click on preprovision option| ]]>
            </line>
            <line>
              <![CDATA[| Enter EdgeId| ]]>
            </line>
            <line>
              <![CDATA[| Zone Id selected| ]]>
            </line>
            <line>
              <![CDATA[| Country is selected| ]]>
            </line>
            <line>
              <![CDATA[| Latency is selected| ]]>
            </line>
            <line>
              <![CDATA[| Enter EnterPrise Id| ]]>
            </line>
            <line>
              <![CDATA[| Bandwidth is selected| ]]>
            </line>
            <line>
              <![CDATA[| Enter Edge description| ]]>
            </line>
            <line>
              <![CDATA[| Enter city name| ]]>
            </line>
            <line>
              <![CDATA[| Enter city name| ]]>
            </line>
            <line>
              <![CDATA[| Enter the locality name| ]]>
            </line>
            <line>
              <![CDATA[| Radio is selected| ]]>
            </line>
            <line>
              <![CDATA[| Enter MCC value| ]]>
            </line>
            <line>
              <![CDATA[| Enter MNC value| ]]>
            </line>
            <line>
              <![CDATA[| Enter CGI value| ]]>
            </line>
            <line>
              <![CDATA[| Enter TAC value| ]]>
            </line>
            <line>
              <![CDATA[| App availability is selected| ]]>
            </line>
            <line>
              <![CDATA[| Load is selected| ]]>
            </line>
            <line>
              <![CDATA[| Enter cluster name| ]]>
            </line>
            <line>
              <![CDATA[| Enter Latitude value| ]]>
            </line>
            <line>
              <![CDATA[| Enter Longitude value| ]]>
            </line>
            <line>
              <![CDATA[| Click on submit button| ]]>
            </line>
            <line>
              <![CDATA[| EdgeId is displayed| ]]>
            </line>
            <line>
              <![CDATA[| Execution status is: PASSED| ]]>
            </line>
          </reporter-output>
        </test-method> <!-- runScenario -->
        <test-method signature="runScenario(io.cucumber.testng.PickleWrapper,io.cucumber.testng.FeatureWrapper)[pri:0, instance:runner.TestRunner@670002]" started-at="2023-02-13T11:56:00 IST" name="runScenario" description="Runs Cucumber Scenarios" data-provider="scenarios" finished-at="2023-02-13T11:56:17 IST" duration-ms="17770" status="PASS">
          <params>
            <param index="0">
              <value>
                <![CDATA["Onbaording edge using yaml file"]]>
              </value>
            </param>
            <param index="1">
              <value>
                <![CDATA["Optional[Edges Feature]"]]>
              </value>
            </param>
          </params>
          <reporter-output>
            <line>
              <![CDATA[| Received parameter 'TestEnvironment' = QA| ]]>
            </line>
            <line>
              <![CDATA[| Initializing self healing driver| ]]>
            </line>
            <line>
              <![CDATA[| New driver instantiated.| ]]>
            </line>
            <line>
              <![CDATA[| Received parameter 'TestEnvironment' = QA| ]]>
            </line>
            <line>
              <![CDATA[| Scenario Name: Onbaording edge using yaml file| ]]>
            </line>
            <line>
              <![CDATA[| Received parameter 'TestEnvironment' = QA| ]]>
            </line>
            <line>
              <![CDATA[| Entered username| ]]>
            </line>
            <line>
              <![CDATA[| Entered password| ]]>
            </line>
            <line>
              <![CDATA[| Execution status is: PASSED| ]]>
            </line>
          </reporter-output>
        </test-method> <!-- runScenario -->
        <test-method signature="runScenario(io.cucumber.testng.PickleWrapper,io.cucumber.testng.FeatureWrapper)[pri:0, instance:runner.TestRunner@670002]" started-at="2023-02-13T11:56:17 IST" name="runScenario" description="Runs Cucumber Scenarios" data-provider="scenarios" finished-at="2023-02-13T11:57:17 IST" duration-ms="59700" status="PASS">
          <params>
            <param index="0">
              <value>
                <![CDATA["Create new artifactId"]]>
              </value>
            </param>
            <param index="1">
              <value>
                <![CDATA["Optional[My Application Feature]"]]>
              </value>
            </param>
          </params>
          <reporter-output>
            <line>
              <![CDATA[| Received parameter 'TestEnvironment' = QA| ]]>
            </line>
            <line>
              <![CDATA[| Initializing self healing driver| ]]>
            </line>
            <line>
              <![CDATA[| New driver instantiated.| ]]>
            </line>
            <line>
              <![CDATA[| Received parameter 'TestEnvironment' = QA| ]]>
            </line>
            <line>
              <![CDATA[| Scenario Name: Create new artifactId| ]]>
            </line>
            <line>
              <![CDATA[| Received parameter 'TestEnvironment' = QA| ]]>
            </line>
            <line>
              <![CDATA[| Entered username| ]]>
            </line>
            <line>
              <![CDATA[| Entered password| ]]>
            </line>
            <line>
              <![CDATA[| Clicked on my application menu| ]]>
            </line>
            <line>
              <![CDATA[| Selected container| ]]>
            </line>
            <line>
              <![CDATA[| Clicked on create new artifact| ]]>
            </line>
            <line>
              <![CDATA[| Entered artifact name| ]]>
            </line>
            <line>
              <![CDATA[| Enetered componenetID| ]]>
            </line>
            <line>
              <![CDATA[| Entered componenet image name| ]]>
            </line>
            <line>
              <![CDATA[| zip file is imported| ]]>
            </line>
            <line>
              <![CDATA[| Clicked on submit button| ]]>
            </line>
            <line>
              <![CDATA[| Artifact created successfully| ]]>
            </line>
            <line>
              <![CDATA[| Clicked on close| ]]>
            </line>
            <line>
              <![CDATA[| Clicked on select artifact| ]]>
            </line>
            <line>
              <![CDATA[| Execution status is: PASSED| ]]>
            </line>
          </reporter-output>
        </test-method> <!-- runScenario -->
        <test-method signature="runScenario(io.cucumber.testng.PickleWrapper,io.cucumber.testng.FeatureWrapper)[pri:0, instance:runner.TestRunner@670002]" started-at="2023-02-13T11:57:17 IST" name="runScenario" description="Runs Cucumber Scenarios" data-provider="scenarios" finished-at="2023-02-13T11:57:29 IST" duration-ms="12337" status="PASS">
          <params>
            <param index="0">
              <value>
                <![CDATA["Create new Admin user and verify login"]]>
              </value>
            </param>
            <param index="1">
              <value>
                <![CDATA["Optional[User Management Feature]"]]>
              </value>
            </param>
          </params>
          <reporter-output>
            <line>
              <![CDATA[| Received parameter 'TestEnvironment' = QA| ]]>
            </line>
            <line>
              <![CDATA[| Initializing self healing driver| ]]>
            </line>
            <line>
              <![CDATA[| New driver instantiated.| ]]>
            </line>
            <line>
              <![CDATA[| Received parameter 'TestEnvironment' = QA| ]]>
            </line>
            <line>
              <![CDATA[| Scenario Name: Create new Admin user and verify login| ]]>
            </line>
            <line>
              <![CDATA[| Received parameter 'TestEnvironment' = QA| ]]>
            </line>
            <line>
              <![CDATA[| Entered username| ]]>
            </line>
            <line>
              <![CDATA[| Entered password| ]]>
            </line>
            <line>
              <![CDATA[| Clicked the user management| ]]>
            </line>
            <line>
              <![CDATA[| Clicked the add new user| ]]>
            </line>
            <line>
              <![CDATA[| Entered first name| ]]>
            </line>
            <line>
              <![CDATA[| Entered last name| ]]>
            </line>
            <line>
              <![CDATA[| Role selected| ]]>
            </line>
            <line>
              <![CDATA[| Entered EmailId| ]]>
            </line>
            <line>
              <![CDATA[| Entered UserName| ]]>
            </line>
            <line>
              <![CDATA[| Entered Password| ]]>
            </line>
            <line>
              <![CDATA[| Entered RetypePassword| ]]>
            </line>
            <line>
              <![CDATA[| Entered ContactNo| ]]>
            </line>
            <line>
              <![CDATA[| Max invalid attempt selected| ]]>
            </line>
            <line>
              <![CDATA[| Max validity selected| ]]>
            </line>
            <line>
              <![CDATA[| Clicked Submit Button| ]]>
            </line>
            <line>
              <![CDATA[| Clicked popup message of user created successfully| ]]>
            </line>
            <line>
              <![CDATA[| User is displayed| ]]>
            </line>
            <line>
              <![CDATA[| Clicked on user| ]]>
            </line>
            <line>
              <![CDATA[| Clicked logout button| ]]>
            </line>
            <line>
              <![CDATA[| Entered username| ]]>
            </line>
            <line>
              <![CDATA[| Entered password| ]]>
            </line>
            <line>
              <![CDATA[| Execution status is: PASSED| ]]>
            </line>
          </reporter-output>
        </test-method> <!-- runScenario -->
        <test-method signature="runScenario(io.cucumber.testng.PickleWrapper,io.cucumber.testng.FeatureWrapper)[pri:0, instance:runner.TestRunner@670002]" started-at="2023-02-13T11:57:29 IST" name="runScenario" description="Runs Cucumber Scenarios" data-provider="scenarios" finished-at="2023-02-13T11:58:07 IST" duration-ms="37694" status="PASS">
          <params>
            <param index="0">
              <value>
                <![CDATA["Developer is not able to create new user"]]>
              </value>
            </param>
            <param index="1">
              <value>
                <![CDATA["Optional[User Management Feature]"]]>
              </value>
            </param>
          </params>
          <reporter-output>
            <line>
              <![CDATA[| Received parameter 'TestEnvironment' = QA| ]]>
            </line>
            <line>
              <![CDATA[| Initializing self healing driver| ]]>
            </line>
            <line>
              <![CDATA[| New driver instantiated.| ]]>
            </line>
            <line>
              <![CDATA[| Received parameter 'TestEnvironment' = QA| ]]>
            </line>
            <line>
              <![CDATA[| Scenario Name: Developer is not able to create new user| ]]>
            </line>
            <line>
              <![CDATA[| Received parameter 'TestEnvironment' = QA| ]]>
            </line>
            <line>
              <![CDATA[| Entered username| ]]>
            </line>
            <line>
              <![CDATA[| Entered password| ]]>
            </line>
            <line>
              <![CDATA[| Execution status is: PASSED| ]]>
            </line>
          </reporter-output>
        </test-method> <!-- runScenario -->
        <test-method signature="runScenario(io.cucumber.testng.PickleWrapper,io.cucumber.testng.FeatureWrapper)[pri:0, instance:runner.TestRunner@670002]" started-at="2023-02-13T11:58:07 IST" name="runScenario" description="Runs Cucumber Scenarios" data-provider="scenarios" finished-at="2023-02-13T11:58:21 IST" duration-ms="13965" status="PASS">
          <params>
            <param index="0">
              <value>
                <![CDATA["Admin is able to delete user"]]>
              </value>
            </param>
            <param index="1">
              <value>
                <![CDATA["Optional[User Management Feature]"]]>
              </value>
            </param>
          </params>
          <reporter-output>
            <line>
              <![CDATA[| Received parameter 'TestEnvironment' = QA| ]]>
            </line>
            <line>
              <![CDATA[| Initializing self healing driver| ]]>
            </line>
            <line>
              <![CDATA[| New driver instantiated.| ]]>
            </line>
            <line>
              <![CDATA[| Received parameter 'TestEnvironment' = QA| ]]>
            </line>
            <line>
              <![CDATA[| Scenario Name: Admin is able to delete user| ]]>
            </line>
            <line>
              <![CDATA[| Received parameter 'TestEnvironment' = QA| ]]>
            </line>
            <line>
              <![CDATA[| Entered username| ]]>
            </line>
            <line>
              <![CDATA[| Entered password| ]]>
            </line>
            <line>
              <![CDATA[| Clicked the user management| ]]>
            </line>
            <line>
              <![CDATA[| Clicked delete button| ]]>
            </line>
            <line>
              <![CDATA[| Clicked confirm button| ]]>
            </line>
            <line>
              <![CDATA[| Element is deleted| ]]>
            </line>
            <line>
              <![CDATA[| User is not displayed| ]]>
            </line>
            <line>
              <![CDATA[| User is not displayed| ]]>
            </line>
            <line>
              <![CDATA[| User is not displayed| ]]>
            </line>
            <line>
              <![CDATA[| User is not displayed| ]]>
            </line>
            <line>
              <![CDATA[| User is not displayed| ]]>
            </line>
            <line>
              <![CDATA[| User is not displayed| ]]>
            </line>
            <line>
              <![CDATA[| User is not displayed| ]]>
            </line>
            <line>
              <![CDATA[| User is not displayed| ]]>
            </line>
            <line>
              <![CDATA[| User is not displayed| ]]>
            </line>
            <line>
              <![CDATA[| User is not displayed| ]]>
            </line>
            <line>
              <![CDATA[| User is not displayed| ]]>
            </line>
            <line>
              <![CDATA[| User is not displayed| ]]>
            </line>
            <line>
              <![CDATA[| User is not displayed| ]]>
            </line>
            <line>
              <![CDATA[| User is not displayed| ]]>
            </line>
            <line>
              <![CDATA[| User is not displayed| ]]>
            </line>
            <line>
              <![CDATA[| User is not displayed| ]]>
            </line>
            <line>
              <![CDATA[| User is not displayed| ]]>
            </line>
            <line>
              <![CDATA[| User is not displayed| ]]>
            </line>
            <line>
              <![CDATA[| User is not displayed| ]]>
            </line>
            <line>
              <![CDATA[| User is not displayed| ]]>
            </line>
            <line>
              <![CDATA[| User is not displayed| ]]>
            </line>
            <line>
              <![CDATA[| User is not displayed| ]]>
            </line>
            <line>
              <![CDATA[| User is not displayed| ]]>
            </line>
            <line>
              <![CDATA[| User is not displayed| ]]>
            </line>
            <line>
              <![CDATA[| User is not displayed| ]]>
            </line>
            <line>
              <![CDATA[| User is not displayed| ]]>
            </line>
            <line>
              <![CDATA[| User is not displayed| ]]>
            </line>
            <line>
              <![CDATA[| User is not displayed| ]]>
            </line>
            <line>
              <![CDATA[| Execution status is: PASSED| ]]>
            </line>
          </reporter-output>
        </test-method> <!-- runScenario -->
        <test-method signature="runScenario(io.cucumber.testng.PickleWrapper,io.cucumber.testng.FeatureWrapper)[pri:0, instance:runner.TestRunner@670002]" started-at="2023-02-13T11:58:21 IST" name="runScenario" description="Runs Cucumber Scenarios" data-provider="scenarios" finished-at="2023-02-13T11:58:30 IST" duration-ms="8697" status="PASS">
          <params>
            <param index="0">
              <value>
                <![CDATA["Admin is able to inactive the user"]]>
              </value>
            </param>
            <param index="1">
              <value>
                <![CDATA["Optional[User Management Feature]"]]>
              </value>
            </param>
          </params>
          <reporter-output>
            <line>
              <![CDATA[| Received parameter 'TestEnvironment' = QA| ]]>
            </line>
            <line>
              <![CDATA[| Initializing self healing driver| ]]>
            </line>
            <line>
              <![CDATA[| New driver instantiated.| ]]>
            </line>
            <line>
              <![CDATA[| Received parameter 'TestEnvironment' = QA| ]]>
            </line>
            <line>
              <![CDATA[| Scenario Name: Admin is able to inactive the user| ]]>
            </line>
            <line>
              <![CDATA[| Received parameter 'TestEnvironment' = QA| ]]>
            </line>
            <line>
              <![CDATA[| Entered username| ]]>
            </line>
            <line>
              <![CDATA[| Entered password| ]]>
            </line>
            <line>
              <![CDATA[| Clicked the user management| ]]>
            </line>
            <line>
              <![CDATA[| Clicked locked button| ]]>
            </line>
            <line>
              <![CDATA[| Clicked on user| ]]>
            </line>
            <line>
              <![CDATA[| Clicked logout button| ]]>
            </line>
            <line>
              <![CDATA[| Entered username| ]]>
            </line>
            <line>
              <![CDATA[| Entered password| ]]>
            </line>
            <line>
              <![CDATA[| User is inactivated| ]]>
            </line>
            <line>
              <![CDATA[| Execution status is: PASSED| ]]>
            </line>
          </reporter-output>
        </test-method> <!-- runScenario -->
        <test-method signature="runScenario(io.cucumber.testng.PickleWrapper,io.cucumber.testng.FeatureWrapper)[pri:0, instance:runner.TestRunner@670002]" started-at="2023-02-13T11:58:30 IST" name="runScenario" description="Runs Cucumber Scenarios" data-provider="scenarios" finished-at="2023-02-13T11:58:42 IST" duration-ms="12432" status="PASS">
          <params>
            <param index="0">
              <value>
                <![CDATA["Create new zone and Check the functionality"]]>
              </value>
            </param>
            <param index="1">
              <value>
                <![CDATA["Optional[Zones Feature]"]]>
              </value>
            </param>
          </params>
          <reporter-output>
            <line>
              <![CDATA[| Received parameter 'TestEnvironment' = QA| ]]>
            </line>
            <line>
              <![CDATA[| Initializing self healing driver| ]]>
            </line>
            <line>
              <![CDATA[| New driver instantiated.| ]]>
            </line>
            <line>
              <![CDATA[| Received parameter 'TestEnvironment' = QA| ]]>
            </line>
            <line>
              <![CDATA[| Scenario Name: Create new zone and Check the functionality| ]]>
            </line>
            <line>
              <![CDATA[| Received parameter 'TestEnvironment' = QA| ]]>
            </line>
            <line>
              <![CDATA[| Entered username| ]]>
            </line>
            <line>
              <![CDATA[| Entered password| ]]>
            </line>
            <line>
              <![CDATA[| Entered zone name| ]]>
            </line>
            <line>
              <![CDATA[| Entered zone name| ]]>
            </line>
            <line>
              <![CDATA[| Entered zone name| ]]>
            </line>
            <line>
              <![CDATA[| Entered zone name| ]]>
            </line>
            <line>
              <![CDATA[| Entered zone name| ]]>
            </line>
            <line>
              <![CDATA[| Execution status is: PASSED| ]]>
            </line>
          </reporter-output>
        </test-method> <!-- runScenario -->
        <test-method is-config="true" signature="tearDownClass()[pri:0, instance:runner.TestRunner@670002]" started-at="2023-02-13T11:58:42 IST" name="tearDownClass" finished-at="2023-02-13T11:58:42 IST" duration-ms="167" status="PASS">
          <reporter-output>
          </reporter-output>
        </test-method> <!-- tearDownClass -->
      </class> <!-- runner.TestRunner -->
    </test> <!-- Surefire test -->
  </suite> <!-- Surefire suite -->
</testng-results>
