<?xml version="1.0" encoding="UTF-8"?>
<testng-results ignored="0" total="2" passed="2" failed="0" skipped="0">
  <reporter-output>
    <line>
      <![CDATA[| Received parameter 'TestEnvironment' = QA| ]]>
    </line>
    <line>
      <![CDATA[| Received parameter 'ExecutionServer' = Local| ]]>
    </line>
    <line>
      <![CDATA[| Received parameter 'InterfaceType' = Web| ]]>
    </line>
    <line>
      <![CDATA[| Received parameter 'DefaultDownloadPath' = ./src/test/resources/Downloads| ]]>
    </line>
    <line>
      <![CDATA[| Received parameter 'AZURE_KEYVAULT_URL' = | ]]>
    </line>
    <line>
      <![CDATA[| Received parameter 'TestBrowser' = chrome| ]]>
    </line>
    <line>
      <![CDATA[| Received parameter 'UI_BASE_URL' = https://10.139.9.3:31012/MEC/login| ]]>
    </line>
    <line>
      <![CDATA[| Received parameter 'GRID_HUB_PORT' = 4444| ]]>
    </line>
    <line>
      <![CDATA[| Received parameter 'GRID_HUB_IP' = localhost| ]]>
    </line>
    <line>
      <![CDATA[| Received parameter 'UI_USERNAME' = admin| ]]>
    </line>
    <line>
      <![CDATA[| Received parameter 'UI_PASSWORD' = Admin@1234| ]]>
    </line>
    <line>
      <![CDATA[| Received parameter 'UI_DOMAINNAME' = default| ]]>
    </line>
    <line>
      <![CDATA[| Received parameter 'UI_DEVUSERNAME' = dev01| ]]>
    </line>
    <line>
      <![CDATA[| Received parameter 'UI_DEVPASSWORD' = Admin@1234| ]]>
    </line>
    <line>
      <![CDATA[| Received parameter 'UI_DEVDOMAINNAME' = default| ]]>
    </line>
    <line>
      <![CDATA[| Received parameter 'ScreenshotEnable' = true| ]]>
    </line>
    <line>
      <![CDATA[| Initializing self healing driver| ]]>
    </line>
    <line>
      <![CDATA[| New driver instantiated.| ]]>
    </line>
    <line>
      <![CDATA[| Received parameter 'TestEnvironment' = QA| ]]>
    </line>
    <line>
      <![CDATA[| Scenario Name: SdK Uploading| ]]>
    </line>
    <line>
      <![CDATA[| Received parameter 'TestEnvironment' = QA| ]]>
    </line>
    <line>
      <![CDATA[| Entered username| ]]>
    </line>
    <line>
      <![CDATA[| Entered password| ]]>
    </line>
    <line>
      <![CDATA[| Entered domain| ]]>
    </line>
    <line>
      <![CDATA[| User icon is displayed.| ]]>
    </line>
    <line>
      <![CDATA[| User click on SDK menu| ]]>
    </line>
    <line>
      <![CDATA[| List of sdk displayed| ]]>
    </line>
    <line>
      <![CDATA[| Language is selected| ]]>
    </line>
    <line>
      <![CDATA[| SDK is submitted successfully| ]]>
    </line>
    <line>
      <![CDATA[| SDK created successfully| ]]>
    </line>
    <line>
      <![CDATA[| Clicked on close button| ]]>
    </line>
    <line>
      <![CDATA[| User Click on uploaded SDK| ]]>
    </line>
    <line>
      <![CDATA[| SDK is deleted successfully| ]]>
    </line>
    <line>
      <![CDATA[| SDK is removed from list| ]]>
    </line>
    <line>
      <![CDATA[| Execution status is: PASSED| ]]>
    </line>
    <line>
      <![CDATA[| Received parameter 'TestEnvironment' = QA| ]]>
    </line>
    <line>
      <![CDATA[| Initializing self healing driver| ]]>
    </line>
    <line>
      <![CDATA[| New driver instantiated.| ]]>
    </line>
    <line>
      <![CDATA[| Received parameter 'TestEnvironment' = QA| ]]>
    </line>
    <line>
      <![CDATA[| Scenario Name: SdK Uploading| ]]>
    </line>
    <line>
      <![CDATA[| Received parameter 'TestEnvironment' = QA| ]]>
    </line>
    <line>
      <![CDATA[| Entered username| ]]>
    </line>
    <line>
      <![CDATA[| Entered password| ]]>
    </line>
    <line>
      <![CDATA[| Entered domain| ]]>
    </line>
    <line>
      <![CDATA[| User icon is displayed.| ]]>
    </line>
    <line>
      <![CDATA[| User click on SDK menu| ]]>
    </line>
    <line>
      <![CDATA[| List of sdk displayed| ]]>
    </line>
    <line>
      <![CDATA[| Language is selected| ]]>
    </line>
    <line>
      <![CDATA[| SDK is submitted successfully| ]]>
    </line>
    <line>
      <![CDATA[| SDK created successfully| ]]>
    </line>
    <line>
      <![CDATA[| Clicked on close button| ]]>
    </line>
    <line>
      <![CDATA[| User Click on uploaded SDK| ]]>
    </line>
    <line>
      <![CDATA[| SDK is deleted successfully| ]]>
    </line>
    <line>
      <![CDATA[| SDK is removed from list| ]]>
    </line>
    <line>
      <![CDATA[| Execution status is: PASSED| ]]>
    </line>
  </reporter-output>
  <suite started-at="2023-03-12T11:53:09 IST" name="Surefire suite" finished-at="2023-03-12T11:54:18 IST" duration-ms="69047">
    <groups>
      <group name="cucumber">
        <method signature="AbstractTestNGCucumberTests.runScenario(io.cucumber.testng.PickleWrapper,io.cucumber.testng.FeatureWrapper)[pri:0, instance:runner.TestRunner@4b5a5ed1]" name="runScenario" class="io.cucumber.testng.AbstractTestNGCucumberTests"/>
      </group> <!-- cucumber -->
    </groups>
    <test started-at="2023-03-12T11:53:09 IST" name="Surefire test" finished-at="2023-03-12T11:54:18 IST" duration-ms="69047">
      <class name="runner.TestRunner">
        <test-method is-config="true" signature="setUpClass(org.testng.ITestContext)[pri:0, instance:runner.TestRunner@4b5a5ed1]" started-at="2023-03-12T11:53:09 IST" name="setUpClass" finished-at="2023-03-12T11:53:09 IST" duration-ms="478" status="PASS">
          <params>
            <param index="0">
              <value>
                <![CDATA[org.testng.TestRunner@652f26da]]>
              </value>
            </param>
          </params>
          <reporter-output>
          </reporter-output>
        </test-method> <!-- setUpClass -->
        <test-method signature="runScenario(io.cucumber.testng.PickleWrapper,io.cucumber.testng.FeatureWrapper)[pri:0, instance:runner.TestRunner@4b5a5ed1]" started-at="2023-03-12T11:53:09 IST" name="runScenario" description="Runs Cucumber Scenarios" data-provider="scenarios" finished-at="2023-03-12T11:53:44 IST" duration-ms="35144" status="PASS">
          <params>
            <param index="0">
              <value>
                <![CDATA["SdK Uploading"]]>
              </value>
            </param>
            <param index="1">
              <value>
                <![CDATA["Optional[SDK Feature]"]]>
              </value>
            </param>
          </params>
          <reporter-output>
            <line>
              <![CDATA[| Received parameter 'TestEnvironment' = QA| ]]>
            </line>
            <line>
              <![CDATA[| Received parameter 'ExecutionServer' = Local| ]]>
            </line>
            <line>
              <![CDATA[| Received parameter 'InterfaceType' = Web| ]]>
            </line>
            <line>
              <![CDATA[| Received parameter 'DefaultDownloadPath' = ./src/test/resources/Downloads| ]]>
            </line>
            <line>
              <![CDATA[| Received parameter 'AZURE_KEYVAULT_URL' = | ]]>
            </line>
            <line>
              <![CDATA[| Received parameter 'TestBrowser' = chrome| ]]>
            </line>
            <line>
              <![CDATA[| Received parameter 'UI_BASE_URL' = https://10.139.9.3:31012/MEC/login| ]]>
            </line>
            <line>
              <![CDATA[| Received parameter 'GRID_HUB_PORT' = 4444| ]]>
            </line>
            <line>
              <![CDATA[| Received parameter 'GRID_HUB_IP' = localhost| ]]>
            </line>
            <line>
              <![CDATA[| Received parameter 'UI_USERNAME' = admin| ]]>
            </line>
            <line>
              <![CDATA[| Received parameter 'UI_PASSWORD' = Admin@1234| ]]>
            </line>
            <line>
              <![CDATA[| Received parameter 'UI_DOMAINNAME' = default| ]]>
            </line>
            <line>
              <![CDATA[| Received parameter 'UI_DEVUSERNAME' = dev01| ]]>
            </line>
            <line>
              <![CDATA[| Received parameter 'UI_DEVPASSWORD' = Admin@1234| ]]>
            </line>
            <line>
              <![CDATA[| Received parameter 'UI_DEVDOMAINNAME' = default| ]]>
            </line>
            <line>
              <![CDATA[| Received parameter 'ScreenshotEnable' = true| ]]>
            </line>
            <line>
              <![CDATA[| Initializing self healing driver| ]]>
            </line>
            <line>
              <![CDATA[| New driver instantiated.| ]]>
            </line>
            <line>
              <![CDATA[| Received parameter 'TestEnvironment' = QA| ]]>
            </line>
            <line>
              <![CDATA[| Scenario Name: SdK Uploading| ]]>
            </line>
            <line>
              <![CDATA[| Received parameter 'TestEnvironment' = QA| ]]>
            </line>
            <line>
              <![CDATA[| Entered username| ]]>
            </line>
            <line>
              <![CDATA[| Entered password| ]]>
            </line>
            <line>
              <![CDATA[| Entered domain| ]]>
            </line>
            <line>
              <![CDATA[| User icon is displayed.| ]]>
            </line>
            <line>
              <![CDATA[| User click on SDK menu| ]]>
            </line>
            <line>
              <![CDATA[| List of sdk displayed| ]]>
            </line>
            <line>
              <![CDATA[| Language is selected| ]]>
            </line>
            <line>
              <![CDATA[| SDK is submitted successfully| ]]>
            </line>
            <line>
              <![CDATA[| SDK created successfully| ]]>
            </line>
            <line>
              <![CDATA[| Clicked on close button| ]]>
            </line>
            <line>
              <![CDATA[| User Click on uploaded SDK| ]]>
            </line>
            <line>
              <![CDATA[| SDK is deleted successfully| ]]>
            </line>
            <line>
              <![CDATA[| SDK is removed from list| ]]>
            </line>
            <line>
              <![CDATA[| Execution status is: PASSED| ]]>
            </line>
          </reporter-output>
        </test-method> <!-- runScenario -->
        <test-method signature="runScenario(io.cucumber.testng.PickleWrapper,io.cucumber.testng.FeatureWrapper)[pri:0, instance:runner.TestRunner@4b5a5ed1]" started-at="2023-03-12T11:53:44 IST" name="runScenario" description="Runs Cucumber Scenarios" data-provider="scenarios" finished-at="2023-03-12T11:54:18 IST" duration-ms="33319" status="PASS">
          <params>
            <param index="0">
              <value>
                <![CDATA["SdK Uploading"]]>
              </value>
            </param>
            <param index="1">
              <value>
                <![CDATA["Optional[SDK Feature]"]]>
              </value>
            </param>
          </params>
          <reporter-output>
            <line>
              <![CDATA[| Received parameter 'TestEnvironment' = QA| ]]>
            </line>
            <line>
              <![CDATA[| Initializing self healing driver| ]]>
            </line>
            <line>
              <![CDATA[| New driver instantiated.| ]]>
            </line>
            <line>
              <![CDATA[| Received parameter 'TestEnvironment' = QA| ]]>
            </line>
            <line>
              <![CDATA[| Scenario Name: SdK Uploading| ]]>
            </line>
            <line>
              <![CDATA[| Received parameter 'TestEnvironment' = QA| ]]>
            </line>
            <line>
              <![CDATA[| Entered username| ]]>
            </line>
            <line>
              <![CDATA[| Entered password| ]]>
            </line>
            <line>
              <![CDATA[| Entered domain| ]]>
            </line>
            <line>
              <![CDATA[| User icon is displayed.| ]]>
            </line>
            <line>
              <![CDATA[| User click on SDK menu| ]]>
            </line>
            <line>
              <![CDATA[| List of sdk displayed| ]]>
            </line>
            <line>
              <![CDATA[| Language is selected| ]]>
            </line>
            <line>
              <![CDATA[| SDK is submitted successfully| ]]>
            </line>
            <line>
              <![CDATA[| SDK created successfully| ]]>
            </line>
            <line>
              <![CDATA[| Clicked on close button| ]]>
            </line>
            <line>
              <![CDATA[| User Click on uploaded SDK| ]]>
            </line>
            <line>
              <![CDATA[| SDK is deleted successfully| ]]>
            </line>
            <line>
              <![CDATA[| SDK is removed from list| ]]>
            </line>
            <line>
              <![CDATA[| Execution status is: PASSED| ]]>
            </line>
          </reporter-output>
        </test-method> <!-- runScenario -->
        <test-method is-config="true" signature="tearDownClass()[pri:0, instance:runner.TestRunner@4b5a5ed1]" started-at="2023-03-12T11:54:18 IST" name="tearDownClass" finished-at="2023-03-12T11:54:18 IST" duration-ms="80" status="PASS">
          <reporter-output>
          </reporter-output>
        </test-method> <!-- tearDownClass -->
      </class> <!-- runner.TestRunner -->
    </test> <!-- Surefire test -->
  </suite> <!-- Surefire suite -->
</testng-results>
