<?xml version="1.0" encoding="UTF-8"?>
<testng-results ignored="0" total="8" passed="4" failed="4" skipped="0">
  <reporter-output>
    <line>
      <![CDATA[| Received parameter 'TestEnvironment' = QA| ]]>
    </line>
    <line>
      <![CDATA[| Received parameter 'ExecutionServer' = Local| ]]>
    </line>
    <line>
      <![CDATA[| Received parameter 'InterfaceType' = Web| ]]>
    </line>
    <line>
      <![CDATA[| Received parameter 'DefaultDownloadPath' = ./src/test/resources/Downloads| ]]>
    </line>
    <line>
      <![CDATA[| Received parameter 'AZURE_KEYVAULT_URL' = | ]]>
    </line>
    <line>
      <![CDATA[| Received parameter 'TestBrowser' = chrome| ]]>
    </line>
    <line>
      <![CDATA[| Received parameter 'UI_BASE_URL' = https://10.139.9.3:31012/MEC/login| ]]>
    </line>
    <line>
      <![CDATA[| Received parameter 'GRID_HUB_PORT' = 4444| ]]>
    </line>
    <line>
      <![CDATA[| Received parameter 'GRID_HUB_IP' = localhost| ]]>
    </line>
    <line>
      <![CDATA[| Received parameter 'UI_USERNAME' = admin| ]]>
    </line>
    <line>
      <![CDATA[| Received parameter 'UI_PASSWORD' = Admin@1234| ]]>
    </line>
    <line>
      <![CDATA[| Received parameter 'UI_DOMAINNAME' = default| ]]>
    </line>
    <line>
      <![CDATA[| Received parameter 'UI_DEVUSERNAME' = dev01| ]]>
    </line>
    <line>
      <![CDATA[| Received parameter 'UI_DEVPASSWORD' = Admin@1234| ]]>
    </line>
    <line>
      <![CDATA[| Received parameter 'UI_DEVDOMAINNAME' = default| ]]>
    </line>
    <line>
      <![CDATA[| Received parameter 'ScreenshotEnable' = true| ]]>
    </line>
    <line>
      <![CDATA[| Initializing self healing driver| ]]>
    </line>
    <line>
      <![CDATA[| New driver instantiated.| ]]>
    </line>
    <line>
      <![CDATA[| Received parameter 'TestEnvironment' = QA| ]]>
    </line>
    <line>
      <![CDATA[| Scenario Name: user able to onboard application| ]]>
    </line>
    <line>
      <![CDATA[| Received parameter 'TestEnvironment' = QA| ]]>
    </line>
    <line>
      <![CDATA[| Entered username| ]]>
    </line>
    <line>
      <![CDATA[| Entered password| ]]>
    </line>
    <line>
      <![CDATA[| Entered domain| ]]>
    </line>
    <line>
      <![CDATA[| Clicked on my application menu| ]]>
    </line>
    <line>
      <![CDATA[| Selected container| ]]>
    </line>
    <line>
      <![CDATA[| Container as service selected| ]]>
    </line>
    <line>
      <![CDATA[| Clicked on import button| ]]>
    </line>
    <line>
      <![CDATA[| Upload Your File ! is displayed| ]]>
    </line>
    <line>
      <![CDATA[| YAML file is imported| ]]>
    </line>
    <line>
      <![CDATA[| Clicked on submit button| ]]>
    </line>
    <line>
      <![CDATA[| Imported data is displaying on the page| ]]>
    </line>
    <line>
      <![CDATA[| Clicked on select artifact| ]]>
    </line>
    <line>
      <![CDATA[| Artifact List is displayed| ]]>
    </line>
    <line>
      <![CDATA[| Clicked on done button| ]]>
    </line>
    <line>
      <![CDATA[| Updated app name| ]]>
    </line>
    <line>
      <![CDATA[| Latency selected| ]]>
    </line>
    <line>
      <![CDATA[| Zone selected| ]]>
    </line>
    <line>
      <![CDATA[| Updated componenet ID| ]]>
    </line>
    <line>
      <![CDATA[| Updated network| ]]>
    </line>
    <line>
      <![CDATA[| Clicked on submit button| ]]>
    </line>
    <line>
      <![CDATA[| Onboarding request accepted is message displayed| ]]>
    </line>
    <line>
      <![CDATA[| Clicked on close| ]]>
    </line>
    <line>
      <![CDATA[| Page is refreshed| ]]>
    </line>
    <line>
      <![CDATA[| Execution status is: PASSED| ]]>
    </line>
    <line>
      <![CDATA[| Received parameter 'TestEnvironment' = QA| ]]>
    </line>
    <line>
      <![CDATA[| Initializing self healing driver| ]]>
    </line>
    <line>
      <![CDATA[| New driver instantiated.| ]]>
    </line>
    <line>
      <![CDATA[| Received parameter 'TestEnvironment' = QA| ]]>
    </line>
    <line>
      <![CDATA[| Scenario Name: user able to onboard application| ]]>
    </line>
    <line>
      <![CDATA[| Received parameter 'TestEnvironment' = QA| ]]>
    </line>
    <line>
      <![CDATA[| Entered username| ]]>
    </line>
    <line>
      <![CDATA[| Entered password| ]]>
    </line>
    <line>
      <![CDATA[| Entered domain| ]]>
    </line>
    <line>
      <![CDATA[| Clicked on my application menu| ]]>
    </line>
    <line>
      <![CDATA[| Selected container| ]]>
    </line>
    <line>
      <![CDATA[| Container as service selected| ]]>
    </line>
    <line>
      <![CDATA[| Clicked on import button| ]]>
    </line>
    <line>
      <![CDATA[| Upload Your File ! is displayed| ]]>
    </line>
    <line>
      <![CDATA[| YAML file is imported| ]]>
    </line>
    <line>
      <![CDATA[| Clicked on submit button| ]]>
    </line>
    <line>
      <![CDATA[| Imported data is displaying on the page| ]]>
    </line>
    <line>
      <![CDATA[| Clicked on select artifact| ]]>
    </line>
    <line>
      <![CDATA[| Artifact List is displayed| ]]>
    </line>
    <line>
      <![CDATA[| Clicked on done button| ]]>
    </line>
    <line>
      <![CDATA[| Updated app name| ]]>
    </line>
    <line>
      <![CDATA[| Latency selected| ]]>
    </line>
    <line>
      <![CDATA[| Zone selected| ]]>
    </line>
    <line>
      <![CDATA[| Updated componenet ID| ]]>
    </line>
    <line>
      <![CDATA[| Updated network| ]]>
    </line>
    <line>
      <![CDATA[| Clicked on submit button| ]]>
    </line>
    <line>
      <![CDATA[| Onboarding request accepted is message displayed| ]]>
    </line>
    <line>
      <![CDATA[| Clicked on close| ]]>
    </line>
    <line>
      <![CDATA[| Page is refreshed| ]]>
    </line>
    <line>
      <![CDATA[| Execution status is: PASSED| ]]>
    </line>
    <line>
      <![CDATA[| Received parameter 'TestEnvironment' = QA| ]]>
    </line>
    <line>
      <![CDATA[| Initializing self healing driver| ]]>
    </line>
    <line>
      <![CDATA[| New driver instantiated.| ]]>
    </line>
    <line>
      <![CDATA[| Received parameter 'TestEnvironment' = QA| ]]>
    </line>
    <line>
      <![CDATA[| Scenario Name: user able to provision the application| ]]>
    </line>
    <line>
      <![CDATA[| Received parameter 'TestEnvironment' = QA| ]]>
    </line>
    <line>
      <![CDATA[| Entered username| ]]>
    </line>
    <line>
      <![CDATA[| Entered password| ]]>
    </line>
    <line>
      <![CDATA[| Entered domain| ]]>
    </line>
    <line>
      <![CDATA[| Clicked on my application menu| ]]>
    </line>
    <line>
      <![CDATA[| Clicked on application for provision| ]]>
    </line>
    <line>
      <![CDATA[| User is on application provision page| ]]>
    </line>
    <line>
      <![CDATA[| Zone selected| ]]>
    </line>
    <line>
      <![CDATA[| Clicked on provision button| ]]>
    </line>
    <line>
      <![CDATA[| Request accepted message is displayed| ]]>
    </line>
    <line>
      <![CDATA[| Page is refreshed| ]]>
    </line>
    <line>
      <![CDATA[| Execution status is: PASSED| ]]>
    </line>
    <line>
      <![CDATA[| Received parameter 'TestEnvironment' = QA| ]]>
    </line>
    <line>
      <![CDATA[| Initializing self healing driver| ]]>
    </line>
    <line>
      <![CDATA[| New driver instantiated.| ]]>
    </line>
    <line>
      <![CDATA[| Received parameter 'TestEnvironment' = QA| ]]>
    </line>
    <line>
      <![CDATA[| Scenario Name: user able to provision the application| ]]>
    </line>
    <line>
      <![CDATA[| Received parameter 'TestEnvironment' = QA| ]]>
    </line>
    <line>
      <![CDATA[| Entered username| ]]>
    </line>
    <line>
      <![CDATA[| Entered password| ]]>
    </line>
    <line>
      <![CDATA[| Entered domain| ]]>
    </line>
    <line>
      <![CDATA[| Clicked on my application menu| ]]>
    </line>
    <line>
      <![CDATA[| Clicked on application for provision| ]]>
    </line>
    <line>
      <![CDATA[| User is on application provision page| ]]>
    </line>
    <line>
      <![CDATA[| Zone selected| ]]>
    </line>
    <line>
      <![CDATA[| Clicked on provision button| ]]>
    </line>
    <line>
      <![CDATA[| Request accepted message is displayed| ]]>
    </line>
    <line>
      <![CDATA[| Page is refreshed| ]]>
    </line>
    <line>
      <![CDATA[| Execution status is: PASSED| ]]>
    </line>
    <line>
      <![CDATA[| Received parameter 'TestEnvironment' = QA| ]]>
    </line>
    <line>
      <![CDATA[| Initializing self healing driver| ]]>
    </line>
    <line>
      <![CDATA[| New driver instantiated.| ]]>
    </line>
    <line>
      <![CDATA[| Received parameter 'TestEnvironment' = QA| ]]>
    </line>
    <line>
      <![CDATA[| Scenario Name: user able to deprovision the application| ]]>
    </line>
    <line>
      <![CDATA[| Received parameter 'TestEnvironment' = QA| ]]>
    </line>
    <line>
      <![CDATA[| Entered username| ]]>
    </line>
    <line>
      <![CDATA[| Entered password| ]]>
    </line>
    <line>
      <![CDATA[| Entered domain| ]]>
    </line>
    <line>
      <![CDATA[| Clicked on my application menu| ]]>
    </line>
    <line>
      <![CDATA[| Execution status is: FAILED| ]]>
    </line>
    <line>
      <![CDATA[| Received parameter 'TestEnvironment' = QA| ]]>
    </line>
    <line>
      <![CDATA[| Initializing self healing driver| ]]>
    </line>
    <line>
      <![CDATA[| New driver instantiated.| ]]>
    </line>
    <line>
      <![CDATA[| Received parameter 'TestEnvironment' = QA| ]]>
    </line>
    <line>
      <![CDATA[| Scenario Name: user able to deprovision the application| ]]>
    </line>
    <line>
      <![CDATA[| Received parameter 'TestEnvironment' = QA| ]]>
    </line>
    <line>
      <![CDATA[| Entered username| ]]>
    </line>
    <line>
      <![CDATA[| Entered password| ]]>
    </line>
    <line>
      <![CDATA[| Entered domain| ]]>
    </line>
    <line>
      <![CDATA[| Clicked on my application menu| ]]>
    </line>
    <line>
      <![CDATA[| Execution status is: FAILED| ]]>
    </line>
    <line>
      <![CDATA[| Received parameter 'TestEnvironment' = QA| ]]>
    </line>
    <line>
      <![CDATA[| Initializing self healing driver| ]]>
    </line>
    <line>
      <![CDATA[| New driver instantiated.| ]]>
    </line>
    <line>
      <![CDATA[| Received parameter 'TestEnvironment' = QA| ]]>
    </line>
    <line>
      <![CDATA[| Scenario Name: user able to deboard the application| ]]>
    </line>
    <line>
      <![CDATA[| Received parameter 'TestEnvironment' = QA| ]]>
    </line>
    <line>
      <![CDATA[| Entered username| ]]>
    </line>
    <line>
      <![CDATA[| Entered password| ]]>
    </line>
    <line>
      <![CDATA[| Entered domain| ]]>
    </line>
    <line>
      <![CDATA[| Clicked on my application menu| ]]>
    </line>
    <line>
      <![CDATA[| Execution status is: FAILED| ]]>
    </line>
    <line>
      <![CDATA[| Received parameter 'TestEnvironment' = QA| ]]>
    </line>
    <line>
      <![CDATA[| Initializing self healing driver| ]]>
    </line>
    <line>
      <![CDATA[| New driver instantiated.| ]]>
    </line>
    <line>
      <![CDATA[| Received parameter 'TestEnvironment' = QA| ]]>
    </line>
    <line>
      <![CDATA[| Scenario Name: user able to deboard the application| ]]>
    </line>
    <line>
      <![CDATA[| Received parameter 'TestEnvironment' = QA| ]]>
    </line>
    <line>
      <![CDATA[| Entered username| ]]>
    </line>
    <line>
      <![CDATA[| Entered password| ]]>
    </line>
    <line>
      <![CDATA[| Entered domain| ]]>
    </line>
    <line>
      <![CDATA[| Clicked on my application menu| ]]>
    </line>
    <line>
      <![CDATA[| Execution status is: FAILED| ]]>
    </line>
  </reporter-output>
  <suite started-at="2023-03-11T14:30:13 IST" name="Surefire suite" finished-at="2023-03-11T14:36:25 IST" duration-ms="372380">
    <groups>
      <group name="cucumber">
        <method signature="AbstractTestNGCucumberTests.runScenario(io.cucumber.testng.PickleWrapper,io.cucumber.testng.FeatureWrapper)[pri:0, instance:runner.TestRunner@4b5a5ed1]" name="runScenario" class="io.cucumber.testng.AbstractTestNGCucumberTests"/>
      </group> <!-- cucumber -->
    </groups>
    <test started-at="2023-03-11T14:30:13 IST" name="Surefire test" finished-at="2023-03-11T14:36:25 IST" duration-ms="372380">
      <class name="runner.TestRunner">
        <test-method is-config="true" signature="setUpClass(org.testng.ITestContext)[pri:0, instance:runner.TestRunner@4b5a5ed1]" started-at="2023-03-11T14:30:13 IST" name="setUpClass" finished-at="2023-03-11T14:30:13 IST" duration-ms="512" status="PASS">
          <params>
            <param index="0">
              <value>
                <![CDATA[org.testng.TestRunner@732bb49d]]>
              </value>
            </param>
          </params>
          <reporter-output>
          </reporter-output>
        </test-method> <!-- setUpClass -->
        <test-method signature="runScenario(io.cucumber.testng.PickleWrapper,io.cucumber.testng.FeatureWrapper)[pri:0, instance:runner.TestRunner@4b5a5ed1]" started-at="2023-03-11T14:30:13 IST" name="runScenario" description="Runs Cucumber Scenarios" data-provider="scenarios" finished-at="2023-03-11T14:31:56 IST" duration-ms="102555" status="PASS">
          <params>
            <param index="0">
              <value>
                <![CDATA["user able to onboard application"]]>
              </value>
            </param>
            <param index="1">
              <value>
                <![CDATA["Optional[My Application Feature]"]]>
              </value>
            </param>
          </params>
          <reporter-output>
            <line>
              <![CDATA[| Received parameter 'TestEnvironment' = QA| ]]>
            </line>
            <line>
              <![CDATA[| Received parameter 'ExecutionServer' = Local| ]]>
            </line>
            <line>
              <![CDATA[| Received parameter 'InterfaceType' = Web| ]]>
            </line>
            <line>
              <![CDATA[| Received parameter 'DefaultDownloadPath' = ./src/test/resources/Downloads| ]]>
            </line>
            <line>
              <![CDATA[| Received parameter 'AZURE_KEYVAULT_URL' = | ]]>
            </line>
            <line>
              <![CDATA[| Received parameter 'TestBrowser' = chrome| ]]>
            </line>
            <line>
              <![CDATA[| Received parameter 'UI_BASE_URL' = https://10.139.9.3:31012/MEC/login| ]]>
            </line>
            <line>
              <![CDATA[| Received parameter 'GRID_HUB_PORT' = 4444| ]]>
            </line>
            <line>
              <![CDATA[| Received parameter 'GRID_HUB_IP' = localhost| ]]>
            </line>
            <line>
              <![CDATA[| Received parameter 'UI_USERNAME' = admin| ]]>
            </line>
            <line>
              <![CDATA[| Received parameter 'UI_PASSWORD' = Admin@1234| ]]>
            </line>
            <line>
              <![CDATA[| Received parameter 'UI_DOMAINNAME' = default| ]]>
            </line>
            <line>
              <![CDATA[| Received parameter 'UI_DEVUSERNAME' = dev01| ]]>
            </line>
            <line>
              <![CDATA[| Received parameter 'UI_DEVPASSWORD' = Admin@1234| ]]>
            </line>
            <line>
              <![CDATA[| Received parameter 'UI_DEVDOMAINNAME' = default| ]]>
            </line>
            <line>
              <![CDATA[| Received parameter 'ScreenshotEnable' = true| ]]>
            </line>
            <line>
              <![CDATA[| Initializing self healing driver| ]]>
            </line>
            <line>
              <![CDATA[| New driver instantiated.| ]]>
            </line>
            <line>
              <![CDATA[| Received parameter 'TestEnvironment' = QA| ]]>
            </line>
            <line>
              <![CDATA[| Scenario Name: user able to onboard application| ]]>
            </line>
            <line>
              <![CDATA[| Received parameter 'TestEnvironment' = QA| ]]>
            </line>
            <line>
              <![CDATA[| Entered username| ]]>
            </line>
            <line>
              <![CDATA[| Entered password| ]]>
            </line>
            <line>
              <![CDATA[| Entered domain| ]]>
            </line>
            <line>
              <![CDATA[| Clicked on my application menu| ]]>
            </line>
            <line>
              <![CDATA[| Selected container| ]]>
            </line>
            <line>
              <![CDATA[| Container as service selected| ]]>
            </line>
            <line>
              <![CDATA[| Clicked on import button| ]]>
            </line>
            <line>
              <![CDATA[| Upload Your File ! is displayed| ]]>
            </line>
            <line>
              <![CDATA[| YAML file is imported| ]]>
            </line>
            <line>
              <![CDATA[| Clicked on submit button| ]]>
            </line>
            <line>
              <![CDATA[| Imported data is displaying on the page| ]]>
            </line>
            <line>
              <![CDATA[| Clicked on select artifact| ]]>
            </line>
            <line>
              <![CDATA[| Artifact List is displayed| ]]>
            </line>
            <line>
              <![CDATA[| Clicked on done button| ]]>
            </line>
            <line>
              <![CDATA[| Updated app name| ]]>
            </line>
            <line>
              <![CDATA[| Latency selected| ]]>
            </line>
            <line>
              <![CDATA[| Zone selected| ]]>
            </line>
            <line>
              <![CDATA[| Updated componenet ID| ]]>
            </line>
            <line>
              <![CDATA[| Updated network| ]]>
            </line>
            <line>
              <![CDATA[| Clicked on submit button| ]]>
            </line>
            <line>
              <![CDATA[| Onboarding request accepted is message displayed| ]]>
            </line>
            <line>
              <![CDATA[| Clicked on close| ]]>
            </line>
            <line>
              <![CDATA[| Page is refreshed| ]]>
            </line>
            <line>
              <![CDATA[| Execution status is: PASSED| ]]>
            </line>
          </reporter-output>
        </test-method> <!-- runScenario -->
        <test-method signature="runScenario(io.cucumber.testng.PickleWrapper,io.cucumber.testng.FeatureWrapper)[pri:0, instance:runner.TestRunner@4b5a5ed1]" started-at="2023-03-11T14:31:56 IST" name="runScenario" description="Runs Cucumber Scenarios" data-provider="scenarios" finished-at="2023-03-11T14:33:34 IST" duration-ms="98596" status="PASS">
          <params>
            <param index="0">
              <value>
                <![CDATA["user able to onboard application"]]>
              </value>
            </param>
            <param index="1">
              <value>
                <![CDATA["Optional[My Application Feature]"]]>
              </value>
            </param>
          </params>
          <reporter-output>
            <line>
              <![CDATA[| Received parameter 'TestEnvironment' = QA| ]]>
            </line>
            <line>
              <![CDATA[| Initializing self healing driver| ]]>
            </line>
            <line>
              <![CDATA[| New driver instantiated.| ]]>
            </line>
            <line>
              <![CDATA[| Received parameter 'TestEnvironment' = QA| ]]>
            </line>
            <line>
              <![CDATA[| Scenario Name: user able to onboard application| ]]>
            </line>
            <line>
              <![CDATA[| Received parameter 'TestEnvironment' = QA| ]]>
            </line>
            <line>
              <![CDATA[| Entered username| ]]>
            </line>
            <line>
              <![CDATA[| Entered password| ]]>
            </line>
            <line>
              <![CDATA[| Entered domain| ]]>
            </line>
            <line>
              <![CDATA[| Clicked on my application menu| ]]>
            </line>
            <line>
              <![CDATA[| Selected container| ]]>
            </line>
            <line>
              <![CDATA[| Container as service selected| ]]>
            </line>
            <line>
              <![CDATA[| Clicked on import button| ]]>
            </line>
            <line>
              <![CDATA[| Upload Your File ! is displayed| ]]>
            </line>
            <line>
              <![CDATA[| YAML file is imported| ]]>
            </line>
            <line>
              <![CDATA[| Clicked on submit button| ]]>
            </line>
            <line>
              <![CDATA[| Imported data is displaying on the page| ]]>
            </line>
            <line>
              <![CDATA[| Clicked on select artifact| ]]>
            </line>
            <line>
              <![CDATA[| Artifact List is displayed| ]]>
            </line>
            <line>
              <![CDATA[| Clicked on done button| ]]>
            </line>
            <line>
              <![CDATA[| Updated app name| ]]>
            </line>
            <line>
              <![CDATA[| Latency selected| ]]>
            </line>
            <line>
              <![CDATA[| Zone selected| ]]>
            </line>
            <line>
              <![CDATA[| Updated componenet ID| ]]>
            </line>
            <line>
              <![CDATA[| Updated network| ]]>
            </line>
            <line>
              <![CDATA[| Clicked on submit button| ]]>
            </line>
            <line>
              <![CDATA[| Onboarding request accepted is message displayed| ]]>
            </line>
            <line>
              <![CDATA[| Clicked on close| ]]>
            </line>
            <line>
              <![CDATA[| Page is refreshed| ]]>
            </line>
            <line>
              <![CDATA[| Execution status is: PASSED| ]]>
            </line>
          </reporter-output>
        </test-method> <!-- runScenario -->
        <test-method signature="runScenario(io.cucumber.testng.PickleWrapper,io.cucumber.testng.FeatureWrapper)[pri:0, instance:runner.TestRunner@4b5a5ed1]" started-at="2023-03-11T14:33:34 IST" name="runScenario" description="Runs Cucumber Scenarios" data-provider="scenarios" finished-at="2023-03-11T14:34:15 IST" duration-ms="40658" status="PASS">
          <params>
            <param index="0">
              <value>
                <![CDATA["user able to provision the application"]]>
              </value>
            </param>
            <param index="1">
              <value>
                <![CDATA["Optional[My Application Feature]"]]>
              </value>
            </param>
          </params>
          <reporter-output>
            <line>
              <![CDATA[| Received parameter 'TestEnvironment' = QA| ]]>
            </line>
            <line>
              <![CDATA[| Initializing self healing driver| ]]>
            </line>
            <line>
              <![CDATA[| New driver instantiated.| ]]>
            </line>
            <line>
              <![CDATA[| Received parameter 'TestEnvironment' = QA| ]]>
            </line>
            <line>
              <![CDATA[| Scenario Name: user able to provision the application| ]]>
            </line>
            <line>
              <![CDATA[| Received parameter 'TestEnvironment' = QA| ]]>
            </line>
            <line>
              <![CDATA[| Entered username| ]]>
            </line>
            <line>
              <![CDATA[| Entered password| ]]>
            </line>
            <line>
              <![CDATA[| Entered domain| ]]>
            </line>
            <line>
              <![CDATA[| Clicked on my application menu| ]]>
            </line>
            <line>
              <![CDATA[| Clicked on application for provision| ]]>
            </line>
            <line>
              <![CDATA[| User is on application provision page| ]]>
            </line>
            <line>
              <![CDATA[| Zone selected| ]]>
            </line>
            <line>
              <![CDATA[| Clicked on provision button| ]]>
            </line>
            <line>
              <![CDATA[| Request accepted message is displayed| ]]>
            </line>
            <line>
              <![CDATA[| Page is refreshed| ]]>
            </line>
            <line>
              <![CDATA[| Execution status is: PASSED| ]]>
            </line>
          </reporter-output>
        </test-method> <!-- runScenario -->
        <test-method signature="runScenario(io.cucumber.testng.PickleWrapper,io.cucumber.testng.FeatureWrapper)[pri:0, instance:runner.TestRunner@4b5a5ed1]" started-at="2023-03-11T14:34:15 IST" name="runScenario" description="Runs Cucumber Scenarios" data-provider="scenarios" finished-at="2023-03-11T14:35:02 IST" duration-ms="46566" status="PASS">
          <params>
            <param index="0">
              <value>
                <![CDATA["user able to provision the application"]]>
              </value>
            </param>
            <param index="1">
              <value>
                <![CDATA["Optional[My Application Feature]"]]>
              </value>
            </param>
          </params>
          <reporter-output>
            <line>
              <![CDATA[| Received parameter 'TestEnvironment' = QA| ]]>
            </line>
            <line>
              <![CDATA[| Initializing self healing driver| ]]>
            </line>
            <line>
              <![CDATA[| New driver instantiated.| ]]>
            </line>
            <line>
              <![CDATA[| Received parameter 'TestEnvironment' = QA| ]]>
            </line>
            <line>
              <![CDATA[| Scenario Name: user able to provision the application| ]]>
            </line>
            <line>
              <![CDATA[| Received parameter 'TestEnvironment' = QA| ]]>
            </line>
            <line>
              <![CDATA[| Entered username| ]]>
            </line>
            <line>
              <![CDATA[| Entered password| ]]>
            </line>
            <line>
              <![CDATA[| Entered domain| ]]>
            </line>
            <line>
              <![CDATA[| Clicked on my application menu| ]]>
            </line>
            <line>
              <![CDATA[| Clicked on application for provision| ]]>
            </line>
            <line>
              <![CDATA[| User is on application provision page| ]]>
            </line>
            <line>
              <![CDATA[| Zone selected| ]]>
            </line>
            <line>
              <![CDATA[| Clicked on provision button| ]]>
            </line>
            <line>
              <![CDATA[| Request accepted message is displayed| ]]>
            </line>
            <line>
              <![CDATA[| Page is refreshed| ]]>
            </line>
            <line>
              <![CDATA[| Execution status is: PASSED| ]]>
            </line>
          </reporter-output>
        </test-method> <!-- runScenario -->
        <test-method signature="runScenario(io.cucumber.testng.PickleWrapper,io.cucumber.testng.FeatureWrapper)[pri:0, instance:runner.TestRunner@4b5a5ed1]" started-at="2023-03-11T14:35:02 IST" name="runScenario" description="Runs Cucumber Scenarios" data-provider="scenarios" finished-at="2023-03-11T14:35:22 IST" duration-ms="20716" status="FAIL">
          <params>
            <param index="0">
              <value>
                <![CDATA["user able to deprovision the application"]]>
              </value>
            </param>
            <param index="1">
              <value>
                <![CDATA["Optional[My Application Feature]"]]>
              </value>
            </param>
          </params>
          <exception class="org.openqa.selenium.NoSuchElementException">
            <message>
              <![CDATA[no such element: Unable to locate element: {"method":"xpath","selector":"//td[contains(text(),'appdemo212')]"}
  (Session info: chrome=110.0.5481.180)
For documentation on this error, please visit: https://selenium.dev/exceptions/#no_such_element
Build info: version: '4.1.1', revision: 'e8fcc2cecf'
System info: host: 'LIN24010693', ip: '192.168.1.3', os.name: 'Windows 10', os.arch: 'amd64', os.version: '10.0', java.version: '16'
Driver info: org.openqa.selenium.chrome.ChromeDriver
Command: [aed607148ec0cc1344a7242e5fb47d8f, findElement {using=xpath, value=//td[contains(text(),'appdemo212')]}]
Capabilities {acceptInsecureCerts: false, browserName: chrome, browserVersion: 110.0.5481.180, chrome: {chromedriverVersion: 110.0.5481.77 (65ed616c6e8e..., userDataDir: C:\Program Files (x86)\scop...}, goog:chromeOptions: {debuggerAddress: localhost:60822}, javascriptEnabled: true, networkConnectionEnabled: false, pageLoadStrategy: eager, platform: WINDOWS, platformName: WINDOWS, proxy: Proxy(), se:cdp: ws://localhost:60822/devtoo..., se:cdpVersion: 110.0.5481.180, setWindowRect: true, strictFileInteractability: false, timeouts: {implicit: 0, pageLoad: 300000, script: 30000}, unhandledPromptBehavior: dismiss and notify, webauthn:extension:credBlob: true, webauthn:extension:largeBlob: true, webauthn:virtualAuthenticators: true}
Session ID: aed607148ec0cc1344a7242e5fb47d8f]]>
            </message>
            <full-stacktrace>
              <![CDATA[org.openqa.selenium.NoSuchElementException: no such element: Unable to locate element: {"method":"xpath","selector":"//td[contains(text(),'appdemo212')]"}
  (Session info: chrome=110.0.5481.180)
For documentation on this error, please visit: https://selenium.dev/exceptions/#no_such_element
Build info: version: '4.1.1', revision: 'e8fcc2cecf'
System info: host: 'LIN24010693', ip: '192.168.1.3', os.name: 'Windows 10', os.arch: 'amd64', os.version: '10.0', java.version: '16'
Driver info: org.openqa.selenium.chrome.ChromeDriver
Command: [aed607148ec0cc1344a7242e5fb47d8f, findElement {using=xpath, value=//td[contains(text(),'appdemo212')]}]
Capabilities {acceptInsecureCerts: false, browserName: chrome, browserVersion: 110.0.5481.180, chrome: {chromedriverVersion: 110.0.5481.77 (65ed616c6e8e..., userDataDir: C:\Program Files (x86)\scop...}, goog:chromeOptions: {debuggerAddress: localhost:60822}, javascriptEnabled: true, networkConnectionEnabled: false, pageLoadStrategy: eager, platform: WINDOWS, platformName: WINDOWS, proxy: Proxy(), se:cdp: ws://localhost:60822/devtoo..., se:cdpVersion: 110.0.5481.180, setWindowRect: true, strictFileInteractability: false, timeouts: {implicit: 0, pageLoad: 300000, script: 30000}, unhandledPromptBehavior: dismiss and notify, webauthn:extension:credBlob: true, webauthn:extension:largeBlob: true, webauthn:virtualAuthenticators: true}
Session ID: aed607148ec0cc1344a7242e5fb47d8f
at java.base/jdk.internal.reflect.NativeConstructorAccessorImpl.newInstance0(Native Method)
at java.base/jdk.internal.reflect.NativeConstructorAccessorImpl.newInstance(NativeConstructorAccessorImpl.java:78)
at java.base/jdk.internal.reflect.DelegatingConstructorAccessorImpl.newInstance(DelegatingConstructorAccessorImpl.java:45)
at java.base/java.lang.reflect.Constructor.newInstanceWithCaller(Constructor.java:499)
at java.base/java.lang.reflect.Constructor.newInstance(Constructor.java:480)
at org.openqa.selenium.remote.codec.w3c.W3CHttpResponseCodec.createException(W3CHttpResponseCodec.java:200)
at org.openqa.selenium.remote.codec.w3c.W3CHttpResponseCodec.decode(W3CHttpResponseCodec.java:133)
at org.openqa.selenium.remote.codec.w3c.W3CHttpResponseCodec.decode(W3CHttpResponseCodec.java:53)
at org.openqa.selenium.remote.HttpCommandExecutor.execute(HttpCommandExecutor.java:184)
at org.openqa.selenium.remote.service.DriverCommandExecutor.invokeExecute(DriverCommandExecutor.java:167)
at org.openqa.selenium.remote.service.DriverCommandExecutor.execute(DriverCommandExecutor.java:142)
at org.openqa.selenium.remote.RemoteWebDriver.execute(RemoteWebDriver.java:543)
at org.openqa.selenium.remote.ElementLocation$ElementFinder$2.findElement(ElementLocation.java:162)
at org.openqa.selenium.remote.ElementLocation.findElement(ElementLocation.java:60)
at org.openqa.selenium.remote.RemoteWebDriver.findElement(RemoteWebDriver.java:367)
at org.openqa.selenium.remote.RemoteWebDriver.findElement(RemoteWebDriver.java:359)
at com.epam.healenium.handlers.proxy.BaseHandler.findElement(BaseHandler.java:62)
at com.epam.healenium.handlers.proxy.SelfHealingProxyInvocationHandler.invoke(SelfHealingProxyInvocationHandler.java:39)
at jdk.proxy2/jdk.proxy2.$Proxy41.findElement(Unknown Source)
at com.sogeti.automation.test.pageFactory.E2CO_MyApplicationPage.selectAppForDeprovision(E2CO_MyApplicationPage.java:612)
at stepdefinitions.E2COTestSteps.selectRunningAppForDeprovision(E2COTestSteps.java:1089)
at ✽.clicks on application which is to deprovisionMyApplication, 0(file:///C:/Users/APathrut/eclipse-workspace/e2colitmus/E2CO%2520Automation/src/test/resources/Features/WebUITests/E2COTests_MyApplication.feature:95)
]]>
            </full-stacktrace>
          </exception> <!-- org.openqa.selenium.NoSuchElementException -->
          <reporter-output>
            <line>
              <![CDATA[| Received parameter 'TestEnvironment' = QA| ]]>
            </line>
            <line>
              <![CDATA[| Initializing self healing driver| ]]>
            </line>
            <line>
              <![CDATA[| New driver instantiated.| ]]>
            </line>
            <line>
              <![CDATA[| Received parameter 'TestEnvironment' = QA| ]]>
            </line>
            <line>
              <![CDATA[| Scenario Name: user able to deprovision the application| ]]>
            </line>
            <line>
              <![CDATA[| Received parameter 'TestEnvironment' = QA| ]]>
            </line>
            <line>
              <![CDATA[| Entered username| ]]>
            </line>
            <line>
              <![CDATA[| Entered password| ]]>
            </line>
            <line>
              <![CDATA[| Entered domain| ]]>
            </line>
            <line>
              <![CDATA[| Clicked on my application menu| ]]>
            </line>
            <line>
              <![CDATA[| Execution status is: FAILED| ]]>
            </line>
          </reporter-output>
        </test-method> <!-- runScenario -->
        <test-method signature="runScenario(io.cucumber.testng.PickleWrapper,io.cucumber.testng.FeatureWrapper)[pri:0, instance:runner.TestRunner@4b5a5ed1]" started-at="2023-03-11T14:35:22 IST" name="runScenario" description="Runs Cucumber Scenarios" data-provider="scenarios" finished-at="2023-03-11T14:35:42 IST" duration-ms="19247" status="FAIL">
          <params>
            <param index="0">
              <value>
                <![CDATA["user able to deprovision the application"]]>
              </value>
            </param>
            <param index="1">
              <value>
                <![CDATA["Optional[My Application Feature]"]]>
              </value>
            </param>
          </params>
          <exception class="org.openqa.selenium.NoSuchElementException">
            <message>
              <![CDATA[no such element: Unable to locate element: {"method":"xpath","selector":"//td[contains(text(),'appdemo213')]"}
  (Session info: chrome=110.0.5481.180)
For documentation on this error, please visit: https://selenium.dev/exceptions/#no_such_element
Build info: version: '4.1.1', revision: 'e8fcc2cecf'
System info: host: 'LIN24010693', ip: '192.168.1.3', os.name: 'Windows 10', os.arch: 'amd64', os.version: '10.0', java.version: '16'
Driver info: org.openqa.selenium.chrome.ChromeDriver
Command: [e89171888622c3b26c100bdf3f54b339, findElement {using=xpath, value=//td[contains(text(),'appdemo213')]}]
Capabilities {acceptInsecureCerts: false, browserName: chrome, browserVersion: 110.0.5481.180, chrome: {chromedriverVersion: 110.0.5481.77 (65ed616c6e8e..., userDataDir: C:\Program Files (x86)\scop...}, goog:chromeOptions: {debuggerAddress: localhost:60859}, javascriptEnabled: true, networkConnectionEnabled: false, pageLoadStrategy: eager, platform: WINDOWS, platformName: WINDOWS, proxy: Proxy(), se:cdp: ws://localhost:60859/devtoo..., se:cdpVersion: 110.0.5481.180, setWindowRect: true, strictFileInteractability: false, timeouts: {implicit: 0, pageLoad: 300000, script: 30000}, unhandledPromptBehavior: dismiss and notify, webauthn:extension:credBlob: true, webauthn:extension:largeBlob: true, webauthn:virtualAuthenticators: true}
Session ID: e89171888622c3b26c100bdf3f54b339]]>
            </message>
            <full-stacktrace>
              <![CDATA[org.openqa.selenium.NoSuchElementException: no such element: Unable to locate element: {"method":"xpath","selector":"//td[contains(text(),'appdemo213')]"}
  (Session info: chrome=110.0.5481.180)
For documentation on this error, please visit: https://selenium.dev/exceptions/#no_such_element
Build info: version: '4.1.1', revision: 'e8fcc2cecf'
System info: host: 'LIN24010693', ip: '192.168.1.3', os.name: 'Windows 10', os.arch: 'amd64', os.version: '10.0', java.version: '16'
Driver info: org.openqa.selenium.chrome.ChromeDriver
Command: [e89171888622c3b26c100bdf3f54b339, findElement {using=xpath, value=//td[contains(text(),'appdemo213')]}]
Capabilities {acceptInsecureCerts: false, browserName: chrome, browserVersion: 110.0.5481.180, chrome: {chromedriverVersion: 110.0.5481.77 (65ed616c6e8e..., userDataDir: C:\Program Files (x86)\scop...}, goog:chromeOptions: {debuggerAddress: localhost:60859}, javascriptEnabled: true, networkConnectionEnabled: false, pageLoadStrategy: eager, platform: WINDOWS, platformName: WINDOWS, proxy: Proxy(), se:cdp: ws://localhost:60859/devtoo..., se:cdpVersion: 110.0.5481.180, setWindowRect: true, strictFileInteractability: false, timeouts: {implicit: 0, pageLoad: 300000, script: 30000}, unhandledPromptBehavior: dismiss and notify, webauthn:extension:credBlob: true, webauthn:extension:largeBlob: true, webauthn:virtualAuthenticators: true}
Session ID: e89171888622c3b26c100bdf3f54b339
at java.base/jdk.internal.reflect.NativeConstructorAccessorImpl.newInstance0(Native Method)
at java.base/jdk.internal.reflect.NativeConstructorAccessorImpl.newInstance(NativeConstructorAccessorImpl.java:78)
at java.base/jdk.internal.reflect.DelegatingConstructorAccessorImpl.newInstance(DelegatingConstructorAccessorImpl.java:45)
at java.base/java.lang.reflect.Constructor.newInstanceWithCaller(Constructor.java:499)
at java.base/java.lang.reflect.Constructor.newInstance(Constructor.java:480)
at org.openqa.selenium.remote.codec.w3c.W3CHttpResponseCodec.createException(W3CHttpResponseCodec.java:200)
at org.openqa.selenium.remote.codec.w3c.W3CHttpResponseCodec.decode(W3CHttpResponseCodec.java:133)
at org.openqa.selenium.remote.codec.w3c.W3CHttpResponseCodec.decode(W3CHttpResponseCodec.java:53)
at org.openqa.selenium.remote.HttpCommandExecutor.execute(HttpCommandExecutor.java:184)
at org.openqa.selenium.remote.service.DriverCommandExecutor.invokeExecute(DriverCommandExecutor.java:167)
at org.openqa.selenium.remote.service.DriverCommandExecutor.execute(DriverCommandExecutor.java:142)
at org.openqa.selenium.remote.RemoteWebDriver.execute(RemoteWebDriver.java:543)
at org.openqa.selenium.remote.ElementLocation$ElementFinder$2.findElement(ElementLocation.java:162)
at org.openqa.selenium.remote.ElementLocation.findElement(ElementLocation.java:60)
at org.openqa.selenium.remote.RemoteWebDriver.findElement(RemoteWebDriver.java:367)
at org.openqa.selenium.remote.RemoteWebDriver.findElement(RemoteWebDriver.java:359)
at com.epam.healenium.handlers.proxy.BaseHandler.findElement(BaseHandler.java:62)
at com.epam.healenium.handlers.proxy.SelfHealingProxyInvocationHandler.invoke(SelfHealingProxyInvocationHandler.java:39)
at jdk.proxy2/jdk.proxy2.$Proxy41.findElement(Unknown Source)
at com.sogeti.automation.test.pageFactory.E2CO_MyApplicationPage.selectAppForDeprovision(E2CO_MyApplicationPage.java:612)
at stepdefinitions.E2COTestSteps.selectRunningAppForDeprovision(E2COTestSteps.java:1089)
at ✽.clicks on application which is to deprovisionMyApplication, 1(file:///C:/Users/APathrut/eclipse-workspace/e2colitmus/E2CO%2520Automation/src/test/resources/Features/WebUITests/E2COTests_MyApplication.feature:95)
]]>
            </full-stacktrace>
          </exception> <!-- org.openqa.selenium.NoSuchElementException -->
          <reporter-output>
            <line>
              <![CDATA[| Received parameter 'TestEnvironment' = QA| ]]>
            </line>
            <line>
              <![CDATA[| Initializing self healing driver| ]]>
            </line>
            <line>
              <![CDATA[| New driver instantiated.| ]]>
            </line>
            <line>
              <![CDATA[| Received parameter 'TestEnvironment' = QA| ]]>
            </line>
            <line>
              <![CDATA[| Scenario Name: user able to deprovision the application| ]]>
            </line>
            <line>
              <![CDATA[| Received parameter 'TestEnvironment' = QA| ]]>
            </line>
            <line>
              <![CDATA[| Entered username| ]]>
            </line>
            <line>
              <![CDATA[| Entered password| ]]>
            </line>
            <line>
              <![CDATA[| Entered domain| ]]>
            </line>
            <line>
              <![CDATA[| Clicked on my application menu| ]]>
            </line>
            <line>
              <![CDATA[| Execution status is: FAILED| ]]>
            </line>
          </reporter-output>
        </test-method> <!-- runScenario -->
        <test-method signature="runScenario(io.cucumber.testng.PickleWrapper,io.cucumber.testng.FeatureWrapper)[pri:0, instance:runner.TestRunner@4b5a5ed1]" started-at="2023-03-11T14:35:42 IST" name="runScenario" description="Runs Cucumber Scenarios" data-provider="scenarios" finished-at="2023-03-11T14:36:05 IST" duration-ms="23039" status="FAIL">
          <params>
            <param index="0">
              <value>
                <![CDATA["user able to deboard the application"]]>
              </value>
            </param>
            <param index="1">
              <value>
                <![CDATA["Optional[My Application Feature]"]]>
              </value>
            </param>
          </params>
          <exception class="org.openqa.selenium.NoSuchElementException">
            <message>
              <![CDATA[no such element: Unable to locate element: {"method":"xpath","selector":"//td[contains(text(),'appdemo212')]"}
  (Session info: chrome=110.0.5481.180)
For documentation on this error, please visit: https://selenium.dev/exceptions/#no_such_element
Build info: version: '4.1.1', revision: 'e8fcc2cecf'
System info: host: 'LIN24010693', ip: '192.168.1.3', os.name: 'Windows 10', os.arch: 'amd64', os.version: '10.0', java.version: '16'
Driver info: org.openqa.selenium.chrome.ChromeDriver
Command: [ab4078abd4aecc8acfbe65a6e0c9949a, findElement {using=xpath, value=//td[contains(text(),'appdemo212')]}]
Capabilities {acceptInsecureCerts: false, browserName: chrome, browserVersion: 110.0.5481.180, chrome: {chromedriverVersion: 110.0.5481.77 (65ed616c6e8e..., userDataDir: C:\Program Files (x86)\scop...}, goog:chromeOptions: {debuggerAddress: localhost:60896}, javascriptEnabled: true, networkConnectionEnabled: false, pageLoadStrategy: eager, platform: WINDOWS, platformName: WINDOWS, proxy: Proxy(), se:cdp: ws://localhost:60896/devtoo..., se:cdpVersion: 110.0.5481.180, setWindowRect: true, strictFileInteractability: false, timeouts: {implicit: 0, pageLoad: 300000, script: 30000}, unhandledPromptBehavior: dismiss and notify, webauthn:extension:credBlob: true, webauthn:extension:largeBlob: true, webauthn:virtualAuthenticators: true}
Session ID: ab4078abd4aecc8acfbe65a6e0c9949a]]>
            </message>
            <full-stacktrace>
              <![CDATA[org.openqa.selenium.NoSuchElementException: no such element: Unable to locate element: {"method":"xpath","selector":"//td[contains(text(),'appdemo212')]"}
  (Session info: chrome=110.0.5481.180)
For documentation on this error, please visit: https://selenium.dev/exceptions/#no_such_element
Build info: version: '4.1.1', revision: 'e8fcc2cecf'
System info: host: 'LIN24010693', ip: '192.168.1.3', os.name: 'Windows 10', os.arch: 'amd64', os.version: '10.0', java.version: '16'
Driver info: org.openqa.selenium.chrome.ChromeDriver
Command: [ab4078abd4aecc8acfbe65a6e0c9949a, findElement {using=xpath, value=//td[contains(text(),'appdemo212')]}]
Capabilities {acceptInsecureCerts: false, browserName: chrome, browserVersion: 110.0.5481.180, chrome: {chromedriverVersion: 110.0.5481.77 (65ed616c6e8e..., userDataDir: C:\Program Files (x86)\scop...}, goog:chromeOptions: {debuggerAddress: localhost:60896}, javascriptEnabled: true, networkConnectionEnabled: false, pageLoadStrategy: eager, platform: WINDOWS, platformName: WINDOWS, proxy: Proxy(), se:cdp: ws://localhost:60896/devtoo..., se:cdpVersion: 110.0.5481.180, setWindowRect: true, strictFileInteractability: false, timeouts: {implicit: 0, pageLoad: 300000, script: 30000}, unhandledPromptBehavior: dismiss and notify, webauthn:extension:credBlob: true, webauthn:extension:largeBlob: true, webauthn:virtualAuthenticators: true}
Session ID: ab4078abd4aecc8acfbe65a6e0c9949a
at java.base/jdk.internal.reflect.NativeConstructorAccessorImpl.newInstance0(Native Method)
at java.base/jdk.internal.reflect.NativeConstructorAccessorImpl.newInstance(NativeConstructorAccessorImpl.java:78)
at java.base/jdk.internal.reflect.DelegatingConstructorAccessorImpl.newInstance(DelegatingConstructorAccessorImpl.java:45)
at java.base/java.lang.reflect.Constructor.newInstanceWithCaller(Constructor.java:499)
at java.base/java.lang.reflect.Constructor.newInstance(Constructor.java:480)
at org.openqa.selenium.remote.codec.w3c.W3CHttpResponseCodec.createException(W3CHttpResponseCodec.java:200)
at org.openqa.selenium.remote.codec.w3c.W3CHttpResponseCodec.decode(W3CHttpResponseCodec.java:133)
at org.openqa.selenium.remote.codec.w3c.W3CHttpResponseCodec.decode(W3CHttpResponseCodec.java:53)
at org.openqa.selenium.remote.HttpCommandExecutor.execute(HttpCommandExecutor.java:184)
at org.openqa.selenium.remote.service.DriverCommandExecutor.invokeExecute(DriverCommandExecutor.java:167)
at org.openqa.selenium.remote.service.DriverCommandExecutor.execute(DriverCommandExecutor.java:142)
at org.openqa.selenium.remote.RemoteWebDriver.execute(RemoteWebDriver.java:543)
at org.openqa.selenium.remote.ElementLocation$ElementFinder$2.findElement(ElementLocation.java:162)
at org.openqa.selenium.remote.ElementLocation.findElement(ElementLocation.java:60)
at org.openqa.selenium.remote.RemoteWebDriver.findElement(RemoteWebDriver.java:367)
at org.openqa.selenium.remote.RemoteWebDriver.findElement(RemoteWebDriver.java:359)
at com.epam.healenium.handlers.proxy.BaseHandler.findElement(BaseHandler.java:62)
at com.epam.healenium.handlers.proxy.SelfHealingProxyInvocationHandler.invoke(SelfHealingProxyInvocationHandler.java:39)
at jdk.proxy2/jdk.proxy2.$Proxy41.findElement(Unknown Source)
at com.sogeti.automation.test.pageFactory.E2CO_MyApplicationPage.selectAppForDebaord(E2CO_MyApplicationPage.java:644)
at stepdefinitions.E2COTestSteps.selectApplicationForDeboarding(E2COTestSteps.java:1180)
at ✽.clicks on application which is to deboard the applicationMyApplication, 0(file:///C:/Users/APathrut/eclipse-workspace/e2colitmus/E2CO%2520Automation/src/test/resources/Features/WebUITests/E2COTests_MyApplication.feature:112)
]]>
            </full-stacktrace>
          </exception> <!-- org.openqa.selenium.NoSuchElementException -->
          <reporter-output>
            <line>
              <![CDATA[| Received parameter 'TestEnvironment' = QA| ]]>
            </line>
            <line>
              <![CDATA[| Initializing self healing driver| ]]>
            </line>
            <line>
              <![CDATA[| New driver instantiated.| ]]>
            </line>
            <line>
              <![CDATA[| Received parameter 'TestEnvironment' = QA| ]]>
            </line>
            <line>
              <![CDATA[| Scenario Name: user able to deboard the application| ]]>
            </line>
            <line>
              <![CDATA[| Received parameter 'TestEnvironment' = QA| ]]>
            </line>
            <line>
              <![CDATA[| Entered username| ]]>
            </line>
            <line>
              <![CDATA[| Entered password| ]]>
            </line>
            <line>
              <![CDATA[| Entered domain| ]]>
            </line>
            <line>
              <![CDATA[| Clicked on my application menu| ]]>
            </line>
            <line>
              <![CDATA[| Execution status is: FAILED| ]]>
            </line>
          </reporter-output>
        </test-method> <!-- runScenario -->
        <test-method signature="runScenario(io.cucumber.testng.PickleWrapper,io.cucumber.testng.FeatureWrapper)[pri:0, instance:runner.TestRunner@4b5a5ed1]" started-at="2023-03-11T14:36:05 IST" name="runScenario" description="Runs Cucumber Scenarios" data-provider="scenarios" finished-at="2023-03-11T14:36:25 IST" duration-ms="20296" status="FAIL">
          <params>
            <param index="0">
              <value>
                <![CDATA["user able to deboard the application"]]>
              </value>
            </param>
            <param index="1">
              <value>
                <![CDATA["Optional[My Application Feature]"]]>
              </value>
            </param>
          </params>
          <exception class="org.openqa.selenium.NoSuchElementException">
            <message>
              <![CDATA[no such element: Unable to locate element: {"method":"xpath","selector":"//td[contains(text(),'appdemo213')]"}
  (Session info: chrome=110.0.5481.180)
For documentation on this error, please visit: https://selenium.dev/exceptions/#no_such_element
Build info: version: '4.1.1', revision: 'e8fcc2cecf'
System info: host: 'LIN24010693', ip: '192.168.1.3', os.name: 'Windows 10', os.arch: 'amd64', os.version: '10.0', java.version: '16'
Driver info: org.openqa.selenium.chrome.ChromeDriver
Command: [797a13f28213693bef5cd07dcfae650b, findElement {using=xpath, value=//td[contains(text(),'appdemo213')]}]
Capabilities {acceptInsecureCerts: false, browserName: chrome, browserVersion: 110.0.5481.180, chrome: {chromedriverVersion: 110.0.5481.77 (65ed616c6e8e..., userDataDir: C:\Program Files (x86)\scop...}, goog:chromeOptions: {debuggerAddress: localhost:60935}, javascriptEnabled: true, networkConnectionEnabled: false, pageLoadStrategy: eager, platform: WINDOWS, platformName: WINDOWS, proxy: Proxy(), se:cdp: ws://localhost:60935/devtoo..., se:cdpVersion: 110.0.5481.180, setWindowRect: true, strictFileInteractability: false, timeouts: {implicit: 0, pageLoad: 300000, script: 30000}, unhandledPromptBehavior: dismiss and notify, webauthn:extension:credBlob: true, webauthn:extension:largeBlob: true, webauthn:virtualAuthenticators: true}
Session ID: 797a13f28213693bef5cd07dcfae650b]]>
            </message>
            <full-stacktrace>
              <![CDATA[org.openqa.selenium.NoSuchElementException: no such element: Unable to locate element: {"method":"xpath","selector":"//td[contains(text(),'appdemo213')]"}
  (Session info: chrome=110.0.5481.180)
For documentation on this error, please visit: https://selenium.dev/exceptions/#no_such_element
Build info: version: '4.1.1', revision: 'e8fcc2cecf'
System info: host: 'LIN24010693', ip: '192.168.1.3', os.name: 'Windows 10', os.arch: 'amd64', os.version: '10.0', java.version: '16'
Driver info: org.openqa.selenium.chrome.ChromeDriver
Command: [797a13f28213693bef5cd07dcfae650b, findElement {using=xpath, value=//td[contains(text(),'appdemo213')]}]
Capabilities {acceptInsecureCerts: false, browserName: chrome, browserVersion: 110.0.5481.180, chrome: {chromedriverVersion: 110.0.5481.77 (65ed616c6e8e..., userDataDir: C:\Program Files (x86)\scop...}, goog:chromeOptions: {debuggerAddress: localhost:60935}, javascriptEnabled: true, networkConnectionEnabled: false, pageLoadStrategy: eager, platform: WINDOWS, platformName: WINDOWS, proxy: Proxy(), se:cdp: ws://localhost:60935/devtoo..., se:cdpVersion: 110.0.5481.180, setWindowRect: true, strictFileInteractability: false, timeouts: {implicit: 0, pageLoad: 300000, script: 30000}, unhandledPromptBehavior: dismiss and notify, webauthn:extension:credBlob: true, webauthn:extension:largeBlob: true, webauthn:virtualAuthenticators: true}
Session ID: 797a13f28213693bef5cd07dcfae650b
at java.base/jdk.internal.reflect.NativeConstructorAccessorImpl.newInstance0(Native Method)
at java.base/jdk.internal.reflect.NativeConstructorAccessorImpl.newInstance(NativeConstructorAccessorImpl.java:78)
at java.base/jdk.internal.reflect.DelegatingConstructorAccessorImpl.newInstance(DelegatingConstructorAccessorImpl.java:45)
at java.base/java.lang.reflect.Constructor.newInstanceWithCaller(Constructor.java:499)
at java.base/java.lang.reflect.Constructor.newInstance(Constructor.java:480)
at org.openqa.selenium.remote.codec.w3c.W3CHttpResponseCodec.createException(W3CHttpResponseCodec.java:200)
at org.openqa.selenium.remote.codec.w3c.W3CHttpResponseCodec.decode(W3CHttpResponseCodec.java:133)
at org.openqa.selenium.remote.codec.w3c.W3CHttpResponseCodec.decode(W3CHttpResponseCodec.java:53)
at org.openqa.selenium.remote.HttpCommandExecutor.execute(HttpCommandExecutor.java:184)
at org.openqa.selenium.remote.service.DriverCommandExecutor.invokeExecute(DriverCommandExecutor.java:167)
at org.openqa.selenium.remote.service.DriverCommandExecutor.execute(DriverCommandExecutor.java:142)
at org.openqa.selenium.remote.RemoteWebDriver.execute(RemoteWebDriver.java:543)
at org.openqa.selenium.remote.ElementLocation$ElementFinder$2.findElement(ElementLocation.java:162)
at org.openqa.selenium.remote.ElementLocation.findElement(ElementLocation.java:60)
at org.openqa.selenium.remote.RemoteWebDriver.findElement(RemoteWebDriver.java:367)
at org.openqa.selenium.remote.RemoteWebDriver.findElement(RemoteWebDriver.java:359)
at com.epam.healenium.handlers.proxy.BaseHandler.findElement(BaseHandler.java:62)
at com.epam.healenium.handlers.proxy.SelfHealingProxyInvocationHandler.invoke(SelfHealingProxyInvocationHandler.java:39)
at jdk.proxy2/jdk.proxy2.$Proxy41.findElement(Unknown Source)
at com.sogeti.automation.test.pageFactory.E2CO_MyApplicationPage.selectAppForDebaord(E2CO_MyApplicationPage.java:644)
at stepdefinitions.E2COTestSteps.selectApplicationForDeboarding(E2COTestSteps.java:1180)
at ✽.clicks on application which is to deboard the applicationMyApplication, 1(file:///C:/Users/APathrut/eclipse-workspace/e2colitmus/E2CO%2520Automation/src/test/resources/Features/WebUITests/E2COTests_MyApplication.feature:112)
]]>
            </full-stacktrace>
          </exception> <!-- org.openqa.selenium.NoSuchElementException -->
          <reporter-output>
            <line>
              <![CDATA[| Received parameter 'TestEnvironment' = QA| ]]>
            </line>
            <line>
              <![CDATA[| Initializing self healing driver| ]]>
            </line>
            <line>
              <![CDATA[| New driver instantiated.| ]]>
            </line>
            <line>
              <![CDATA[| Received parameter 'TestEnvironment' = QA| ]]>
            </line>
            <line>
              <![CDATA[| Scenario Name: user able to deboard the application| ]]>
            </line>
            <line>
              <![CDATA[| Received parameter 'TestEnvironment' = QA| ]]>
            </line>
            <line>
              <![CDATA[| Entered username| ]]>
            </line>
            <line>
              <![CDATA[| Entered password| ]]>
            </line>
            <line>
              <![CDATA[| Entered domain| ]]>
            </line>
            <line>
              <![CDATA[| Clicked on my application menu| ]]>
            </line>
            <line>
              <![CDATA[| Execution status is: FAILED| ]]>
            </line>
          </reporter-output>
        </test-method> <!-- runScenario -->
        <test-method is-config="true" signature="tearDownClass()[pri:0, instance:runner.TestRunner@4b5a5ed1]" started-at="2023-03-11T14:36:25 IST" name="tearDownClass" finished-at="2023-03-11T14:36:25 IST" duration-ms="147" status="PASS">
          <reporter-output>
          </reporter-output>
        </test-method> <!-- tearDownClass -->
      </class> <!-- runner.TestRunner -->
    </test> <!-- Surefire test -->
  </suite> <!-- Surefire suite -->
</testng-results>
