<?xml version="1.0" encoding="UTF-8"?>
<testng-results ignored="0" total="5" passed="5" failed="0" skipped="0">
  <reporter-output>
    <line>
      <![CDATA[| Received parameter 'TestEnvironment' = QA| ]]>
    </line>
    <line>
      <![CDATA[| Received parameter 'ExecutionServer' = Local| ]]>
    </line>
    <line>
      <![CDATA[| Received parameter 'InterfaceType' = Web| ]]>
    </line>
    <line>
      <![CDATA[| Received parameter 'DefaultDownloadPath' = ./src/test/resources/Downloads| ]]>
    </line>
    <line>
      <![CDATA[| Received parameter 'AZURE_KEYVAULT_URL' = | ]]>
    </line>
    <line>
      <![CDATA[| Received parameter 'TestBrowser' = chrome| ]]>
    </line>
    <line>
      <![CDATA[| Received parameter 'UI_BASE_URL' = https://10.139.9.3:31012/MEC/login| ]]>
    </line>
    <line>
      <![CDATA[| Received parameter 'GRID_HUB_PORT' = 4444| ]]>
    </line>
    <line>
      <![CDATA[| Received parameter 'GRID_HUB_IP' = localhost| ]]>
    </line>
    <line>
      <![CDATA[| Received parameter 'UI_USERNAME' = admin| ]]>
    </line>
    <line>
      <![CDATA[| Received parameter 'UI_PASSWORD' = Admin@1234| ]]>
    </line>
    <line>
      <![CDATA[| Received parameter 'UI_DOMAINNAME' = default| ]]>
    </line>
    <line>
      <![CDATA[| Received parameter 'UI_DEVUSERNAME' = dev01| ]]>
    </line>
    <line>
      <![CDATA[| Received parameter 'UI_DEVPASSWORD' = Admin@1234| ]]>
    </line>
    <line>
      <![CDATA[| Received parameter 'UI_DEVDOMAINNAME' = default| ]]>
    </line>
    <line>
      <![CDATA[| Received parameter 'ScreenshotEnable' = true| ]]>
    </line>
    <line>
      <![CDATA[| Initializing self healing driver| ]]>
    </line>
    <line>
      <![CDATA[| New driver instantiated.| ]]>
    </line>
    <line>
      <![CDATA[| Received parameter 'TestEnvironment' = QA| ]]>
    </line>
    <line>
      <![CDATA[| Scenario Name: Create new artifactId| ]]>
    </line>
    <line>
      <![CDATA[| Received parameter 'TestEnvironment' = QA| ]]>
    </line>
    <line>
      <![CDATA[| Entered username| ]]>
    </line>
    <line>
      <![CDATA[| Entered password| ]]>
    </line>
    <line>
      <![CDATA[| Entered domain| ]]>
    </line>
    <line>
      <![CDATA[| Clicked on my application menu| ]]>
    </line>
    <line>
      <![CDATA[| Selected container| ]]>
    </line>
    <line>
      <![CDATA[| Container as service selected| ]]>
    </line>
    <line>
      <![CDATA[| Clicked on create new artifact| ]]>
    </line>
    <line>
      <![CDATA[| Entered artifact name| ]]>
    </line>
    <line>
      <![CDATA[| Enetered componenetID| ]]>
    </line>
    <line>
      <![CDATA[| Entered componenet image name| ]]>
    </line>
    <line>
      <![CDATA[| zip file is imported| ]]>
    </line>
    <line>
      <![CDATA[| Clicked on submit button| ]]>
    </line>
    <line>
      <![CDATA[| Artifact created successfully| ]]>
    </line>
    <line>
      <![CDATA[| Clicked on close| ]]>
    </line>
    <line>
      <![CDATA[| Clicked on select artifact| ]]>
    </line>
    <line>
      <![CDATA[| Artifact is displayed| ]]>
    </line>
    <line>
      <![CDATA[| Execution status is: PASSED| ]]>
    </line>
    <line>
      <![CDATA[| Received parameter 'TestEnvironment' = QA| ]]>
    </line>
    <line>
      <![CDATA[| Initializing self healing driver| ]]>
    </line>
    <line>
      <![CDATA[| New driver instantiated.| ]]>
    </line>
    <line>
      <![CDATA[| Received parameter 'TestEnvironment' = QA| ]]>
    </line>
    <line>
      <![CDATA[| Scenario Name: user able to onboard application| ]]>
    </line>
    <line>
      <![CDATA[| Received parameter 'TestEnvironment' = QA| ]]>
    </line>
    <line>
      <![CDATA[| Entered username| ]]>
    </line>
    <line>
      <![CDATA[| Entered password| ]]>
    </line>
    <line>
      <![CDATA[| Entered domain| ]]>
    </line>
    <line>
      <![CDATA[| Clicked on my application menu| ]]>
    </line>
    <line>
      <![CDATA[| Selected container| ]]>
    </line>
    <line>
      <![CDATA[| Container as service selected| ]]>
    </line>
    <line>
      <![CDATA[| Clicked on import button| ]]>
    </line>
    <line>
      <![CDATA[| Upload Your File ! is displayed| ]]>
    </line>
    <line>
      <![CDATA[| YAML file is imported| ]]>
    </line>
    <line>
      <![CDATA[| Clicked on submit button| ]]>
    </line>
    <line>
      <![CDATA[| Imported data is displaying on the page| ]]>
    </line>
    <line>
      <![CDATA[| Clicked on select artifact| ]]>
    </line>
    <line>
      <![CDATA[| Artifact List is displayed| ]]>
    </line>
    <line>
      <![CDATA[| Clicked on done button| ]]>
    </line>
    <line>
      <![CDATA[| Updated app name| ]]>
    </line>
    <line>
      <![CDATA[| Latency selected| ]]>
    </line>
    <line>
      <![CDATA[| Zone selected| ]]>
    </line>
    <line>
      <![CDATA[| Updated componenet ID| ]]>
    </line>
    <line>
      <![CDATA[| Updated network| ]]>
    </line>
    <line>
      <![CDATA[| Clicked on submit button| ]]>
    </line>
    <line>
      <![CDATA[| Onboarding request accepted is message displayed| ]]>
    </line>
    <line>
      <![CDATA[| Clicked on close| ]]>
    </line>
    <line>
      <![CDATA[| Application is displayed| ]]>
    </line>
    <line>
      <![CDATA[| Execution status is: PASSED| ]]>
    </line>
    <line>
      <![CDATA[| Received parameter 'TestEnvironment' = QA| ]]>
    </line>
    <line>
      <![CDATA[| Initializing self healing driver| ]]>
    </line>
    <line>
      <![CDATA[| New driver instantiated.| ]]>
    </line>
    <line>
      <![CDATA[| Received parameter 'TestEnvironment' = QA| ]]>
    </line>
    <line>
      <![CDATA[| Scenario Name: user able to provision the application| ]]>
    </line>
    <line>
      <![CDATA[| Received parameter 'TestEnvironment' = QA| ]]>
    </line>
    <line>
      <![CDATA[| Entered username| ]]>
    </line>
    <line>
      <![CDATA[| Entered password| ]]>
    </line>
    <line>
      <![CDATA[| Entered domain| ]]>
    </line>
    <line>
      <![CDATA[| Clicked on my application menu| ]]>
    </line>
    <line>
      <![CDATA[| Clicked on application for provision| ]]>
    </line>
    <line>
      <![CDATA[| User is on application provision page| ]]>
    </line>
    <line>
      <![CDATA[| Zone selected| ]]>
    </line>
    <line>
      <![CDATA[| Clicked on provision button| ]]>
    </line>
    <line>
      <![CDATA[| Request accepted message is displayed| ]]>
    </line>
    <line>
      <![CDATA[| Execution status is: PASSED| ]]>
    </line>
    <line>
      <![CDATA[| Received parameter 'TestEnvironment' = QA| ]]>
    </line>
    <line>
      <![CDATA[| Initializing self healing driver| ]]>
    </line>
    <line>
      <![CDATA[| New driver instantiated.| ]]>
    </line>
    <line>
      <![CDATA[| Received parameter 'TestEnvironment' = QA| ]]>
    </line>
    <line>
      <![CDATA[| Scenario Name: user able to deprovision the application| ]]>
    </line>
    <line>
      <![CDATA[| Received parameter 'TestEnvironment' = QA| ]]>
    </line>
    <line>
      <![CDATA[| Entered username| ]]>
    </line>
    <line>
      <![CDATA[| Entered password| ]]>
    </line>
    <line>
      <![CDATA[| Entered domain| ]]>
    </line>
    <line>
      <![CDATA[| Clicked on my application menu| ]]>
    </line>
    <line>
      <![CDATA[| Clicked on application which is running| ]]>
    </line>
    <line>
      <![CDATA[| Runnig app details page is opned| ]]>
    </line>
    <line>
      <![CDATA[| Clicked on deprovision button| ]]>
    </line>
    <line>
      <![CDATA[| Warning popup message is dispalyed| ]]>
    </line>
    <line>
      <![CDATA[| Clicked on confirm button| ]]>
    </line>
    <line>
      <![CDATA[| Execution status is: PASSED| ]]>
    </line>
    <line>
      <![CDATA[| Received parameter 'TestEnvironment' = QA| ]]>
    </line>
    <line>
      <![CDATA[| Initializing self healing driver| ]]>
    </line>
    <line>
      <![CDATA[| New driver instantiated.| ]]>
    </line>
    <line>
      <![CDATA[| Received parameter 'TestEnvironment' = QA| ]]>
    </line>
    <line>
      <![CDATA[| Scenario Name: user able to deboard the application| ]]>
    </line>
    <line>
      <![CDATA[| Received parameter 'TestEnvironment' = QA| ]]>
    </line>
    <line>
      <![CDATA[| Entered username| ]]>
    </line>
    <line>
      <![CDATA[| Entered password| ]]>
    </line>
    <line>
      <![CDATA[| Entered domain| ]]>
    </line>
    <line>
      <![CDATA[| Clicked on my application menu| ]]>
    </line>
    <line>
      <![CDATA[| Clicked on application which is onboarded or onboardingpending| ]]>
    </line>
    <line>
      <![CDATA[| User is on application provision page| ]]>
    </line>
    <line>
      <![CDATA[| Click on deboarding button| ]]>
    </line>
    <line>
      <![CDATA[| Deboarding warning popup message is displayed| ]]>
    </line>
    <line>
      <![CDATA[| Clicked on confirm button| ]]>
    </line>
    <line>
      <![CDATA[| Application is not deboarded| ]]>
    </line>
    <line>
      <![CDATA[| Execution status is: PASSED| ]]>
    </line>
  </reporter-output>
  <suite started-at="2023-03-10T17:50:00 IST" name="Surefire suite" finished-at="2023-03-10T17:52:53 IST" duration-ms="173406">
    <groups>
      <group name="cucumber">
        <method signature="AbstractTestNGCucumberTests.runScenario(io.cucumber.testng.PickleWrapper,io.cucumber.testng.FeatureWrapper)[pri:0, instance:runner.TestRunner@4b5a5ed1]" name="runScenario" class="io.cucumber.testng.AbstractTestNGCucumberTests"/>
      </group> <!-- cucumber -->
    </groups>
    <test started-at="2023-03-10T17:50:00 IST" name="Surefire test" finished-at="2023-03-10T17:52:53 IST" duration-ms="173406">
      <class name="runner.TestRunner">
        <test-method is-config="true" signature="setUpClass(org.testng.ITestContext)[pri:0, instance:runner.TestRunner@4b5a5ed1]" started-at="2023-03-10T17:50:00 IST" name="setUpClass" finished-at="2023-03-10T17:50:00 IST" duration-ms="471" status="PASS">
          <params>
            <param index="0">
              <value>
                <![CDATA[org.testng.TestRunner@10bcbbce]]>
              </value>
            </param>
          </params>
          <reporter-output>
          </reporter-output>
        </test-method> <!-- setUpClass -->
        <test-method signature="runScenario(io.cucumber.testng.PickleWrapper,io.cucumber.testng.FeatureWrapper)[pri:0, instance:runner.TestRunner@4b5a5ed1]" started-at="2023-03-10T17:50:00 IST" name="runScenario" description="Runs Cucumber Scenarios" data-provider="scenarios" finished-at="2023-03-10T17:50:46 IST" duration-ms="46077" status="PASS">
          <params>
            <param index="0">
              <value>
                <![CDATA["Create new artifactId"]]>
              </value>
            </param>
            <param index="1">
              <value>
                <![CDATA["Optional[My Application Feature]"]]>
              </value>
            </param>
          </params>
          <reporter-output>
            <line>
              <![CDATA[| Received parameter 'TestEnvironment' = QA| ]]>
            </line>
            <line>
              <![CDATA[| Received parameter 'ExecutionServer' = Local| ]]>
            </line>
            <line>
              <![CDATA[| Received parameter 'InterfaceType' = Web| ]]>
            </line>
            <line>
              <![CDATA[| Received parameter 'DefaultDownloadPath' = ./src/test/resources/Downloads| ]]>
            </line>
            <line>
              <![CDATA[| Received parameter 'AZURE_KEYVAULT_URL' = | ]]>
            </line>
            <line>
              <![CDATA[| Received parameter 'TestBrowser' = chrome| ]]>
            </line>
            <line>
              <![CDATA[| Received parameter 'UI_BASE_URL' = https://10.139.9.3:31012/MEC/login| ]]>
            </line>
            <line>
              <![CDATA[| Received parameter 'GRID_HUB_PORT' = 4444| ]]>
            </line>
            <line>
              <![CDATA[| Received parameter 'GRID_HUB_IP' = localhost| ]]>
            </line>
            <line>
              <![CDATA[| Received parameter 'UI_USERNAME' = admin| ]]>
            </line>
            <line>
              <![CDATA[| Received parameter 'UI_PASSWORD' = Admin@1234| ]]>
            </line>
            <line>
              <![CDATA[| Received parameter 'UI_DOMAINNAME' = default| ]]>
            </line>
            <line>
              <![CDATA[| Received parameter 'UI_DEVUSERNAME' = dev01| ]]>
            </line>
            <line>
              <![CDATA[| Received parameter 'UI_DEVPASSWORD' = Admin@1234| ]]>
            </line>
            <line>
              <![CDATA[| Received parameter 'UI_DEVDOMAINNAME' = default| ]]>
            </line>
            <line>
              <![CDATA[| Received parameter 'ScreenshotEnable' = true| ]]>
            </line>
            <line>
              <![CDATA[| Initializing self healing driver| ]]>
            </line>
            <line>
              <![CDATA[| New driver instantiated.| ]]>
            </line>
            <line>
              <![CDATA[| Received parameter 'TestEnvironment' = QA| ]]>
            </line>
            <line>
              <![CDATA[| Scenario Name: Create new artifactId| ]]>
            </line>
            <line>
              <![CDATA[| Received parameter 'TestEnvironment' = QA| ]]>
            </line>
            <line>
              <![CDATA[| Entered username| ]]>
            </line>
            <line>
              <![CDATA[| Entered password| ]]>
            </line>
            <line>
              <![CDATA[| Entered domain| ]]>
            </line>
            <line>
              <![CDATA[| Clicked on my application menu| ]]>
            </line>
            <line>
              <![CDATA[| Selected container| ]]>
            </line>
            <line>
              <![CDATA[| Container as service selected| ]]>
            </line>
            <line>
              <![CDATA[| Clicked on create new artifact| ]]>
            </line>
            <line>
              <![CDATA[| Entered artifact name| ]]>
            </line>
            <line>
              <![CDATA[| Enetered componenetID| ]]>
            </line>
            <line>
              <![CDATA[| Entered componenet image name| ]]>
            </line>
            <line>
              <![CDATA[| zip file is imported| ]]>
            </line>
            <line>
              <![CDATA[| Clicked on submit button| ]]>
            </line>
            <line>
              <![CDATA[| Artifact created successfully| ]]>
            </line>
            <line>
              <![CDATA[| Clicked on close| ]]>
            </line>
            <line>
              <![CDATA[| Clicked on select artifact| ]]>
            </line>
            <line>
              <![CDATA[| Artifact is displayed| ]]>
            </line>
            <line>
              <![CDATA[| Execution status is: PASSED| ]]>
            </line>
          </reporter-output>
        </test-method> <!-- runScenario -->
        <test-method signature="runScenario(io.cucumber.testng.PickleWrapper,io.cucumber.testng.FeatureWrapper)[pri:0, instance:runner.TestRunner@4b5a5ed1]" started-at="2023-03-10T17:50:46 IST" name="runScenario" description="Runs Cucumber Scenarios" data-provider="scenarios" finished-at="2023-03-10T17:51:58 IST" duration-ms="71805" status="PASS">
          <params>
            <param index="0">
              <value>
                <![CDATA["user able to onboard application"]]>
              </value>
            </param>
            <param index="1">
              <value>
                <![CDATA["Optional[My Application Feature]"]]>
              </value>
            </param>
          </params>
          <reporter-output>
            <line>
              <![CDATA[| Received parameter 'TestEnvironment' = QA| ]]>
            </line>
            <line>
              <![CDATA[| Initializing self healing driver| ]]>
            </line>
            <line>
              <![CDATA[| New driver instantiated.| ]]>
            </line>
            <line>
              <![CDATA[| Received parameter 'TestEnvironment' = QA| ]]>
            </line>
            <line>
              <![CDATA[| Scenario Name: user able to onboard application| ]]>
            </line>
            <line>
              <![CDATA[| Received parameter 'TestEnvironment' = QA| ]]>
            </line>
            <line>
              <![CDATA[| Entered username| ]]>
            </line>
            <line>
              <![CDATA[| Entered password| ]]>
            </line>
            <line>
              <![CDATA[| Entered domain| ]]>
            </line>
            <line>
              <![CDATA[| Clicked on my application menu| ]]>
            </line>
            <line>
              <![CDATA[| Selected container| ]]>
            </line>
            <line>
              <![CDATA[| Container as service selected| ]]>
            </line>
            <line>
              <![CDATA[| Clicked on import button| ]]>
            </line>
            <line>
              <![CDATA[| Upload Your File ! is displayed| ]]>
            </line>
            <line>
              <![CDATA[| YAML file is imported| ]]>
            </line>
            <line>
              <![CDATA[| Clicked on submit button| ]]>
            </line>
            <line>
              <![CDATA[| Imported data is displaying on the page| ]]>
            </line>
            <line>
              <![CDATA[| Clicked on select artifact| ]]>
            </line>
            <line>
              <![CDATA[| Artifact List is displayed| ]]>
            </line>
            <line>
              <![CDATA[| Clicked on done button| ]]>
            </line>
            <line>
              <![CDATA[| Updated app name| ]]>
            </line>
            <line>
              <![CDATA[| Latency selected| ]]>
            </line>
            <line>
              <![CDATA[| Zone selected| ]]>
            </line>
            <line>
              <![CDATA[| Updated componenet ID| ]]>
            </line>
            <line>
              <![CDATA[| Updated network| ]]>
            </line>
            <line>
              <![CDATA[| Clicked on submit button| ]]>
            </line>
            <line>
              <![CDATA[| Onboarding request accepted is message displayed| ]]>
            </line>
            <line>
              <![CDATA[| Clicked on close| ]]>
            </line>
            <line>
              <![CDATA[| Application is displayed| ]]>
            </line>
            <line>
              <![CDATA[| Execution status is: PASSED| ]]>
            </line>
          </reporter-output>
        </test-method> <!-- runScenario -->
        <test-method signature="runScenario(io.cucumber.testng.PickleWrapper,io.cucumber.testng.FeatureWrapper)[pri:0, instance:runner.TestRunner@4b5a5ed1]" started-at="2023-03-10T17:51:58 IST" name="runScenario" description="Runs Cucumber Scenarios" data-provider="scenarios" finished-at="2023-03-10T17:52:15 IST" duration-ms="17381" status="PASS">
          <params>
            <param index="0">
              <value>
                <![CDATA["user able to provision the application"]]>
              </value>
            </param>
            <param index="1">
              <value>
                <![CDATA["Optional[My Application Feature]"]]>
              </value>
            </param>
          </params>
          <reporter-output>
            <line>
              <![CDATA[| Received parameter 'TestEnvironment' = QA| ]]>
            </line>
            <line>
              <![CDATA[| Initializing self healing driver| ]]>
            </line>
            <line>
              <![CDATA[| New driver instantiated.| ]]>
            </line>
            <line>
              <![CDATA[| Received parameter 'TestEnvironment' = QA| ]]>
            </line>
            <line>
              <![CDATA[| Scenario Name: user able to provision the application| ]]>
            </line>
            <line>
              <![CDATA[| Received parameter 'TestEnvironment' = QA| ]]>
            </line>
            <line>
              <![CDATA[| Entered username| ]]>
            </line>
            <line>
              <![CDATA[| Entered password| ]]>
            </line>
            <line>
              <![CDATA[| Entered domain| ]]>
            </line>
            <line>
              <![CDATA[| Clicked on my application menu| ]]>
            </line>
            <line>
              <![CDATA[| Clicked on application for provision| ]]>
            </line>
            <line>
              <![CDATA[| User is on application provision page| ]]>
            </line>
            <line>
              <![CDATA[| Zone selected| ]]>
            </line>
            <line>
              <![CDATA[| Clicked on provision button| ]]>
            </line>
            <line>
              <![CDATA[| Request accepted message is displayed| ]]>
            </line>
            <line>
              <![CDATA[| Execution status is: PASSED| ]]>
            </line>
          </reporter-output>
        </test-method> <!-- runScenario -->
        <test-method signature="runScenario(io.cucumber.testng.PickleWrapper,io.cucumber.testng.FeatureWrapper)[pri:0, instance:runner.TestRunner@4b5a5ed1]" started-at="2023-03-10T17:52:15 IST" name="runScenario" description="Runs Cucumber Scenarios" data-provider="scenarios" finished-at="2023-03-10T17:52:33 IST" duration-ms="17839" status="PASS">
          <params>
            <param index="0">
              <value>
                <![CDATA["user able to deprovision the application"]]>
              </value>
            </param>
            <param index="1">
              <value>
                <![CDATA["Optional[My Application Feature]"]]>
              </value>
            </param>
          </params>
          <reporter-output>
            <line>
              <![CDATA[| Received parameter 'TestEnvironment' = QA| ]]>
            </line>
            <line>
              <![CDATA[| Initializing self healing driver| ]]>
            </line>
            <line>
              <![CDATA[| New driver instantiated.| ]]>
            </line>
            <line>
              <![CDATA[| Received parameter 'TestEnvironment' = QA| ]]>
            </line>
            <line>
              <![CDATA[| Scenario Name: user able to deprovision the application| ]]>
            </line>
            <line>
              <![CDATA[| Received parameter 'TestEnvironment' = QA| ]]>
            </line>
            <line>
              <![CDATA[| Entered username| ]]>
            </line>
            <line>
              <![CDATA[| Entered password| ]]>
            </line>
            <line>
              <![CDATA[| Entered domain| ]]>
            </line>
            <line>
              <![CDATA[| Clicked on my application menu| ]]>
            </line>
            <line>
              <![CDATA[| Clicked on application which is running| ]]>
            </line>
            <line>
              <![CDATA[| Runnig app details page is opned| ]]>
            </line>
            <line>
              <![CDATA[| Clicked on deprovision button| ]]>
            </line>
            <line>
              <![CDATA[| Warning popup message is dispalyed| ]]>
            </line>
            <line>
              <![CDATA[| Clicked on confirm button| ]]>
            </line>
            <line>
              <![CDATA[| Execution status is: PASSED| ]]>
            </line>
          </reporter-output>
        </test-method> <!-- runScenario -->
        <test-method signature="runScenario(io.cucumber.testng.PickleWrapper,io.cucumber.testng.FeatureWrapper)[pri:0, instance:runner.TestRunner@4b5a5ed1]" started-at="2023-03-10T17:52:33 IST" name="runScenario" description="Runs Cucumber Scenarios" data-provider="scenarios" finished-at="2023-03-10T17:52:53 IST" duration-ms="19700" status="PASS">
          <params>
            <param index="0">
              <value>
                <![CDATA["user able to deboard the application"]]>
              </value>
            </param>
            <param index="1">
              <value>
                <![CDATA["Optional[My Application Feature]"]]>
              </value>
            </param>
          </params>
          <reporter-output>
            <line>
              <![CDATA[| Received parameter 'TestEnvironment' = QA| ]]>
            </line>
            <line>
              <![CDATA[| Initializing self healing driver| ]]>
            </line>
            <line>
              <![CDATA[| New driver instantiated.| ]]>
            </line>
            <line>
              <![CDATA[| Received parameter 'TestEnvironment' = QA| ]]>
            </line>
            <line>
              <![CDATA[| Scenario Name: user able to deboard the application| ]]>
            </line>
            <line>
              <![CDATA[| Received parameter 'TestEnvironment' = QA| ]]>
            </line>
            <line>
              <![CDATA[| Entered username| ]]>
            </line>
            <line>
              <![CDATA[| Entered password| ]]>
            </line>
            <line>
              <![CDATA[| Entered domain| ]]>
            </line>
            <line>
              <![CDATA[| Clicked on my application menu| ]]>
            </line>
            <line>
              <![CDATA[| Clicked on application which is onboarded or onboardingpending| ]]>
            </line>
            <line>
              <![CDATA[| User is on application provision page| ]]>
            </line>
            <line>
              <![CDATA[| Click on deboarding button| ]]>
            </line>
            <line>
              <![CDATA[| Deboarding warning popup message is displayed| ]]>
            </line>
            <line>
              <![CDATA[| Clicked on confirm button| ]]>
            </line>
            <line>
              <![CDATA[| Application is not deboarded| ]]>
            </line>
            <line>
              <![CDATA[| Execution status is: PASSED| ]]>
            </line>
          </reporter-output>
        </test-method> <!-- runScenario -->
        <test-method is-config="true" signature="tearDownClass()[pri:0, instance:runner.TestRunner@4b5a5ed1]" started-at="2023-03-10T17:52:53 IST" name="tearDownClass" finished-at="2023-03-10T17:52:53 IST" duration-ms="97" status="PASS">
          <reporter-output>
          </reporter-output>
        </test-method> <!-- tearDownClass -->
      </class> <!-- runner.TestRunner -->
    </test> <!-- Surefire test -->
  </suite> <!-- Surefire suite -->
</testng-results>
