<?xml version="1.0" encoding="UTF-8"?>
<testng-results ignored="0" total="6" passed="5" failed="1" skipped="0">
  <reporter-output>
    <line>
      <![CDATA[| Received parameter 'TestEnvironment' = QA| ]]>
    </line>
    <line>
      <![CDATA[| Received parameter 'ExecutionServer' = Local| ]]>
    </line>
    <line>
      <![CDATA[| Received parameter 'InterfaceType' = Web| ]]>
    </line>
    <line>
      <![CDATA[| Received parameter 'DefaultDownloadPath' = ./src/test/resources/Downloads| ]]>
    </line>
    <line>
      <![CDATA[| Received parameter 'AZURE_KEYVAULT_URL' = | ]]>
    </line>
    <line>
      <![CDATA[| Received parameter 'TestBrowser' = chrome| ]]>
    </line>
    <line>
      <![CDATA[| Received parameter 'UI_BASE_URL' = https://10.139.9.3:31012/MEC/login| ]]>
    </line>
    <line>
      <![CDATA[| Received parameter 'GRID_HUB_PORT' = 4444| ]]>
    </line>
    <line>
      <![CDATA[| Received parameter 'GRID_HUB_IP' = localhost| ]]>
    </line>
    <line>
      <![CDATA[| Received parameter 'UI_USERNAME' = admin| ]]>
    </line>
    <line>
      <![CDATA[| Received parameter 'UI_PASSWORD' = Admin@1234| ]]>
    </line>
    <line>
      <![CDATA[| Received parameter 'UI_DOMAINNAME' = default| ]]>
    </line>
    <line>
      <![CDATA[| Received parameter 'UI_DEVUSERNAME' = dev01| ]]>
    </line>
    <line>
      <![CDATA[| Received parameter 'UI_DEVPASSWORD' = Admin@1234| ]]>
    </line>
    <line>
      <![CDATA[| Received parameter 'UI_DEVDOMAINNAME' = default| ]]>
    </line>
    <line>
      <![CDATA[| Received parameter 'ScreenshotEnable' = true| ]]>
    </line>
    <line>
      <![CDATA[| Initializing self healing driver| ]]>
    </line>
    <line>
      <![CDATA[| New driver instantiated.| ]]>
    </line>
    <line>
      <![CDATA[| Received parameter 'TestEnvironment' = QA| ]]>
    </line>
    <line>
      <![CDATA[| Scenario Name: preprovision the edge| ]]>
    </line>
    <line>
      <![CDATA[| Received parameter 'TestEnvironment' = QA| ]]>
    </line>
    <line>
      <![CDATA[| Entered username| ]]>
    </line>
    <line>
      <![CDATA[| Entered password| ]]>
    </line>
    <line>
      <![CDATA[| Entered domain| ]]>
    </line>
    <line>
      <![CDATA[| User icon is displayed.| ]]>
    </line>
    <line>
      <![CDATA[| Clicked on edges| ]]>
    </line>
    <line>
      <![CDATA[| Enter EdgeId| ]]>
    </line>
    <line>
      <![CDATA[| Zone Id selected| ]]>
    </line>
    <line>
      <![CDATA[| Country is selected| ]]>
    </line>
    <line>
      <![CDATA[| Latency is selected| ]]>
    </line>
    <line>
      <![CDATA[| Enter EnterPrise Id| ]]>
    </line>
    <line>
      <![CDATA[| Bandwidth is selected| ]]>
    </line>
    <line>
      <![CDATA[| Enter Edge description| ]]>
    </line>
    <line>
      <![CDATA[| Enter city name| ]]>
    </line>
    <line>
      <![CDATA[| Enter city name| ]]>
    </line>
    <line>
      <![CDATA[| Enter the locality name| ]]>
    </line>
    <line>
      <![CDATA[| Radio is selected| ]]>
    </line>
    <line>
      <![CDATA[| Enter MCC value| ]]>
    </line>
    <line>
      <![CDATA[| Enter MNC value| ]]>
    </line>
    <line>
      <![CDATA[| Enter CGI value| ]]>
    </line>
    <line>
      <![CDATA[| Enter TAC value| ]]>
    </line>
    <line>
      <![CDATA[| App availability is selected| ]]>
    </line>
    <line>
      <![CDATA[| Load is selected| ]]>
    </line>
    <line>
      <![CDATA[| Enter cluster name| ]]>
    </line>
    <line>
      <![CDATA[| Enter Latitude value| ]]>
    </line>
    <line>
      <![CDATA[| Enter Longitude value| ]]>
    </line>
    <line>
      <![CDATA[| Click on submit button| ]]>
    </line>
    <line>
      <![CDATA[| EdgeId is displayed| ]]>
    </line>
    <line>
      <![CDATA[| Execution status is: PASSED| ]]>
    </line>
    <line>
      <![CDATA[| Received parameter 'TestEnvironment' = QA| ]]>
    </line>
    <line>
      <![CDATA[| Initializing self healing driver| ]]>
    </line>
    <line>
      <![CDATA[| New driver instantiated.| ]]>
    </line>
    <line>
      <![CDATA[| Received parameter 'TestEnvironment' = QA| ]]>
    </line>
    <line>
      <![CDATA[| Scenario Name: preprovision the edge| ]]>
    </line>
    <line>
      <![CDATA[| Received parameter 'TestEnvironment' = QA| ]]>
    </line>
    <line>
      <![CDATA[| Entered username| ]]>
    </line>
    <line>
      <![CDATA[| Entered password| ]]>
    </line>
    <line>
      <![CDATA[| Entered domain| ]]>
    </line>
    <line>
      <![CDATA[| User icon is displayed.| ]]>
    </line>
    <line>
      <![CDATA[| Clicked on edges| ]]>
    </line>
    <line>
      <![CDATA[| Enter EdgeId| ]]>
    </line>
    <line>
      <![CDATA[| Zone Id selected| ]]>
    </line>
    <line>
      <![CDATA[| Country is selected| ]]>
    </line>
    <line>
      <![CDATA[| Latency is selected| ]]>
    </line>
    <line>
      <![CDATA[| Enter EnterPrise Id| ]]>
    </line>
    <line>
      <![CDATA[| Bandwidth is selected| ]]>
    </line>
    <line>
      <![CDATA[| Enter Edge description| ]]>
    </line>
    <line>
      <![CDATA[| Enter city name| ]]>
    </line>
    <line>
      <![CDATA[| Enter city name| ]]>
    </line>
    <line>
      <![CDATA[| Enter the locality name| ]]>
    </line>
    <line>
      <![CDATA[| Radio is selected| ]]>
    </line>
    <line>
      <![CDATA[| Enter MCC value| ]]>
    </line>
    <line>
      <![CDATA[| Enter MNC value| ]]>
    </line>
    <line>
      <![CDATA[| Enter CGI value| ]]>
    </line>
    <line>
      <![CDATA[| Enter TAC value| ]]>
    </line>
    <line>
      <![CDATA[| App availability is selected| ]]>
    </line>
    <line>
      <![CDATA[| Load is selected| ]]>
    </line>
    <line>
      <![CDATA[| Enter cluster name| ]]>
    </line>
    <line>
      <![CDATA[| Enter Latitude value| ]]>
    </line>
    <line>
      <![CDATA[| Enter Longitude value| ]]>
    </line>
    <line>
      <![CDATA[| Click on submit button| ]]>
    </line>
    <line>
      <![CDATA[| EdgeId is displayed| ]]>
    </line>
    <line>
      <![CDATA[| Execution status is: PASSED| ]]>
    </line>
    <line>
      <![CDATA[| Received parameter 'TestEnvironment' = QA| ]]>
    </line>
    <line>
      <![CDATA[| Initializing self healing driver| ]]>
    </line>
    <line>
      <![CDATA[| New driver instantiated.| ]]>
    </line>
    <line>
      <![CDATA[| Received parameter 'TestEnvironment' = QA| ]]>
    </line>
    <line>
      <![CDATA[| Scenario Name: Deboard the edge| ]]>
    </line>
    <line>
      <![CDATA[| Received parameter 'TestEnvironment' = QA| ]]>
    </line>
    <line>
      <![CDATA[| Entered username| ]]>
    </line>
    <line>
      <![CDATA[| Entered password| ]]>
    </line>
    <line>
      <![CDATA[| Entered domain| ]]>
    </line>
    <line>
      <![CDATA[| User icon is displayed.| ]]>
    </line>
    <line>
      <![CDATA[| Clicked on edges| ]]>
    </line>
    <line>
      <![CDATA[| Clicked on edge.| ]]>
    </line>
    <line>
      <![CDATA[| Edge details page is displayed| ]]>
    </line>
    <line>
      <![CDATA[| Click on Manage button| ]]>
    </line>
    <line>
      <![CDATA[| Manage Edge page is displayed| ]]>
    </line>
    <line>
      <![CDATA[| Clicked on deboard button| ]]>
    </line>
    <line>
      <![CDATA[| Deboard edge warning popup message page is displayed| ]]>
    </line>
    <line>
      <![CDATA[| Clicked on confirm button| ]]>
    </line>
    <line>
      <![CDATA[| Zone page is displayed| ]]>
    </line>
    <line>
      <![CDATA[| Clicked on edges| ]]>
    </line>
    <line>
      <![CDATA[| Execution status is: PASSED| ]]>
    </line>
    <line>
      <![CDATA[| Received parameter 'TestEnvironment' = QA| ]]>
    </line>
    <line>
      <![CDATA[| Initializing self healing driver| ]]>
    </line>
    <line>
      <![CDATA[| New driver instantiated.| ]]>
    </line>
    <line>
      <![CDATA[| Received parameter 'TestEnvironment' = QA| ]]>
    </line>
    <line>
      <![CDATA[| Scenario Name: Deboard the edge| ]]>
    </line>
    <line>
      <![CDATA[| Received parameter 'TestEnvironment' = QA| ]]>
    </line>
    <line>
      <![CDATA[| Entered username| ]]>
    </line>
    <line>
      <![CDATA[| Entered password| ]]>
    </line>
    <line>
      <![CDATA[| Entered domain| ]]>
    </line>
    <line>
      <![CDATA[| User icon is displayed.| ]]>
    </line>
    <line>
      <![CDATA[| Clicked on edges| ]]>
    </line>
    <line>
      <![CDATA[| Clicked on edge.| ]]>
    </line>
    <line>
      <![CDATA[| Edge details page is displayed| ]]>
    </line>
    <line>
      <![CDATA[| Click on Manage button| ]]>
    </line>
    <line>
      <![CDATA[| Manage Edge page is displayed| ]]>
    </line>
    <line>
      <![CDATA[| Clicked on deboard button| ]]>
    </line>
    <line>
      <![CDATA[| Deboard edge warning popup message page is displayed| ]]>
    </line>
    <line>
      <![CDATA[| Clicked on confirm button| ]]>
    </line>
    <line>
      <![CDATA[| Zone page is displayed| ]]>
    </line>
    <line>
      <![CDATA[| Clicked on edges| ]]>
    </line>
    <line>
      <![CDATA[| Execution status is: PASSED| ]]>
    </line>
    <line>
      <![CDATA[| Received parameter 'TestEnvironment' = QA| ]]>
    </line>
    <line>
      <![CDATA[| Initializing self healing driver| ]]>
    </line>
    <line>
      <![CDATA[| New driver instantiated.| ]]>
    </line>
    <line>
      <![CDATA[| Received parameter 'TestEnvironment' = QA| ]]>
    </line>
    <line>
      <![CDATA[| Scenario Name: Edges end to end scenario| ]]>
    </line>
    <line>
      <![CDATA[| Received parameter 'TestEnvironment' = QA| ]]>
    </line>
    <line>
      <![CDATA[| Entered username| ]]>
    </line>
    <line>
      <![CDATA[| Entered password| ]]>
    </line>
    <line>
      <![CDATA[| Entered domain| ]]>
    </line>
    <line>
      <![CDATA[| User icon is displayed.| ]]>
    </line>
    <line>
      <![CDATA[| Clicked on edges| ]]>
    </line>
    <line>
      <![CDATA[| Enter EdgeId| ]]>
    </line>
    <line>
      <![CDATA[| Zone Id selected| ]]>
    </line>
    <line>
      <![CDATA[| Country is selected| ]]>
    </line>
    <line>
      <![CDATA[| Latency is selected| ]]>
    </line>
    <line>
      <![CDATA[| Enter EnterPrise Id| ]]>
    </line>
    <line>
      <![CDATA[| Bandwidth is selected| ]]>
    </line>
    <line>
      <![CDATA[| Enter Edge description| ]]>
    </line>
    <line>
      <![CDATA[| Enter city name| ]]>
    </line>
    <line>
      <![CDATA[| Enter city name| ]]>
    </line>
    <line>
      <![CDATA[| Enter the locality name| ]]>
    </line>
    <line>
      <![CDATA[| Radio is selected| ]]>
    </line>
    <line>
      <![CDATA[| Enter MCC value| ]]>
    </line>
    <line>
      <![CDATA[| Enter MNC value| ]]>
    </line>
    <line>
      <![CDATA[| Enter CGI value| ]]>
    </line>
    <line>
      <![CDATA[| Enter TAC value| ]]>
    </line>
    <line>
      <![CDATA[| App availability is selected| ]]>
    </line>
    <line>
      <![CDATA[| Load is selected| ]]>
    </line>
    <line>
      <![CDATA[| Enter cluster name| ]]>
    </line>
    <line>
      <![CDATA[| Enter Latitude value| ]]>
    </line>
    <line>
      <![CDATA[| Enter Longitude value| ]]>
    </line>
    <line>
      <![CDATA[| Click on submit button| ]]>
    </line>
    <line>
      <![CDATA[| EdgeId is displayed| ]]>
    </line>
    <line>
      <![CDATA[| Clicked on edge.| ]]>
    </line>
    <line>
      <![CDATA[| Edge details page is displayed| ]]>
    </line>
    <line>
      <![CDATA[| Click on Manage button| ]]>
    </line>
    <line>
      <![CDATA[| Manage Edge page is displayed| ]]>
    </line>
    <line>
      <![CDATA[| Clicked on deboard button| ]]>
    </line>
    <line>
      <![CDATA[| Deboard edge warning popup message page is displayed| ]]>
    </line>
    <line>
      <![CDATA[| Clicked on confirm button| ]]>
    </line>
    <line>
      <![CDATA[| Zone page is displayed| ]]>
    </line>
    <line>
      <![CDATA[| Clicked on edges| ]]>
    </line>
    <line>
      <![CDATA[| Execution status is: PASSED| ]]>
    </line>
    <line>
      <![CDATA[| Received parameter 'TestEnvironment' = QA| ]]>
    </line>
    <line>
      <![CDATA[| Initializing self healing driver| ]]>
    </line>
    <line>
      <![CDATA[| New driver instantiated.| ]]>
    </line>
    <line>
      <![CDATA[| Received parameter 'TestEnvironment' = QA| ]]>
    </line>
    <line>
      <![CDATA[| Scenario Name: Edges end to end scenario| ]]>
    </line>
    <line>
      <![CDATA[| Received parameter 'TestEnvironment' = QA| ]]>
    </line>
    <line>
      <![CDATA[| Entered username| ]]>
    </line>
    <line>
      <![CDATA[| Entered password| ]]>
    </line>
    <line>
      <![CDATA[| Entered domain| ]]>
    </line>
    <line>
      <![CDATA[| User icon is displayed.| ]]>
    </line>
    <line>
      <![CDATA[| Clicked on edges| ]]>
    </line>
    <line>
      <![CDATA[| Enter EdgeId| ]]>
    </line>
    <line>
      <![CDATA[| Zone Id selected| ]]>
    </line>
    <line>
      <![CDATA[| Country is selected| ]]>
    </line>
    <line>
      <![CDATA[| Latency is selected| ]]>
    </line>
    <line>
      <![CDATA[| Enter EnterPrise Id| ]]>
    </line>
    <line>
      <![CDATA[| Bandwidth is selected| ]]>
    </line>
    <line>
      <![CDATA[| Enter Edge description| ]]>
    </line>
    <line>
      <![CDATA[| Enter city name| ]]>
    </line>
    <line>
      <![CDATA[| Enter city name| ]]>
    </line>
    <line>
      <![CDATA[| Enter the locality name| ]]>
    </line>
    <line>
      <![CDATA[| Radio is selected| ]]>
    </line>
    <line>
      <![CDATA[| Enter MCC value| ]]>
    </line>
    <line>
      <![CDATA[| Enter MNC value| ]]>
    </line>
    <line>
      <![CDATA[| Enter CGI value| ]]>
    </line>
    <line>
      <![CDATA[| Enter TAC value| ]]>
    </line>
    <line>
      <![CDATA[| App availability is selected| ]]>
    </line>
    <line>
      <![CDATA[| Load is selected| ]]>
    </line>
    <line>
      <![CDATA[| Enter cluster name| ]]>
    </line>
    <line>
      <![CDATA[| Enter Latitude value| ]]>
    </line>
    <line>
      <![CDATA[| Enter Longitude value| ]]>
    </line>
    <line>
      <![CDATA[| Click on submit button| ]]>
    </line>
    <line>
      <![CDATA[| EdgeId is displayed| ]]>
    </line>
    <line>
      <![CDATA[| Clicked on edge.| ]]>
    </line>
    <line>
      <![CDATA[| Edge details page is displayed| ]]>
    </line>
    <line>
      <![CDATA[| Click on Manage button| ]]>
    </line>
    <line>
      <![CDATA[| Execution status is: FAILED| ]]>
    </line>
  </reporter-output>
  <suite started-at="2023-03-12T15:34:45 IST" name="Surefire suite" finished-at="2023-03-12T15:36:55 IST" duration-ms="130091">
    <groups>
      <group name="cucumber">
        <method signature="AbstractTestNGCucumberTests.runScenario(io.cucumber.testng.PickleWrapper,io.cucumber.testng.FeatureWrapper)[pri:0, instance:runner.TestRunner@4b5a5ed1]" name="runScenario" class="io.cucumber.testng.AbstractTestNGCucumberTests"/>
      </group> <!-- cucumber -->
    </groups>
    <test started-at="2023-03-12T15:34:45 IST" name="Surefire test" finished-at="2023-03-12T15:36:55 IST" duration-ms="130091">
      <class name="runner.TestRunner">
        <test-method is-config="true" signature="setUpClass(org.testng.ITestContext)[pri:0, instance:runner.TestRunner@4b5a5ed1]" started-at="2023-03-12T15:34:45 IST" name="setUpClass" finished-at="2023-03-12T15:34:46 IST" duration-ms="489" status="PASS">
          <params>
            <param index="0">
              <value>
                <![CDATA[org.testng.TestRunner@66450129]]>
              </value>
            </param>
          </params>
          <reporter-output>
          </reporter-output>
        </test-method> <!-- setUpClass -->
        <test-method signature="runScenario(io.cucumber.testng.PickleWrapper,io.cucumber.testng.FeatureWrapper)[pri:0, instance:runner.TestRunner@4b5a5ed1]" started-at="2023-03-12T15:34:46 IST" name="runScenario" description="Runs Cucumber Scenarios" data-provider="scenarios" finished-at="2023-03-12T15:35:02 IST" duration-ms="16561" status="PASS">
          <params>
            <param index="0">
              <value>
                <![CDATA["preprovision the edge"]]>
              </value>
            </param>
            <param index="1">
              <value>
                <![CDATA["Optional[Edges Feature]"]]>
              </value>
            </param>
          </params>
          <reporter-output>
            <line>
              <![CDATA[| Received parameter 'TestEnvironment' = QA| ]]>
            </line>
            <line>
              <![CDATA[| Received parameter 'ExecutionServer' = Local| ]]>
            </line>
            <line>
              <![CDATA[| Received parameter 'InterfaceType' = Web| ]]>
            </line>
            <line>
              <![CDATA[| Received parameter 'DefaultDownloadPath' = ./src/test/resources/Downloads| ]]>
            </line>
            <line>
              <![CDATA[| Received parameter 'AZURE_KEYVAULT_URL' = | ]]>
            </line>
            <line>
              <![CDATA[| Received parameter 'TestBrowser' = chrome| ]]>
            </line>
            <line>
              <![CDATA[| Received parameter 'UI_BASE_URL' = https://10.139.9.3:31012/MEC/login| ]]>
            </line>
            <line>
              <![CDATA[| Received parameter 'GRID_HUB_PORT' = 4444| ]]>
            </line>
            <line>
              <![CDATA[| Received parameter 'GRID_HUB_IP' = localhost| ]]>
            </line>
            <line>
              <![CDATA[| Received parameter 'UI_USERNAME' = admin| ]]>
            </line>
            <line>
              <![CDATA[| Received parameter 'UI_PASSWORD' = Admin@1234| ]]>
            </line>
            <line>
              <![CDATA[| Received parameter 'UI_DOMAINNAME' = default| ]]>
            </line>
            <line>
              <![CDATA[| Received parameter 'UI_DEVUSERNAME' = dev01| ]]>
            </line>
            <line>
              <![CDATA[| Received parameter 'UI_DEVPASSWORD' = Admin@1234| ]]>
            </line>
            <line>
              <![CDATA[| Received parameter 'UI_DEVDOMAINNAME' = default| ]]>
            </line>
            <line>
              <![CDATA[| Received parameter 'ScreenshotEnable' = true| ]]>
            </line>
            <line>
              <![CDATA[| Initializing self healing driver| ]]>
            </line>
            <line>
              <![CDATA[| New driver instantiated.| ]]>
            </line>
            <line>
              <![CDATA[| Received parameter 'TestEnvironment' = QA| ]]>
            </line>
            <line>
              <![CDATA[| Scenario Name: preprovision the edge| ]]>
            </line>
            <line>
              <![CDATA[| Received parameter 'TestEnvironment' = QA| ]]>
            </line>
            <line>
              <![CDATA[| Entered username| ]]>
            </line>
            <line>
              <![CDATA[| Entered password| ]]>
            </line>
            <line>
              <![CDATA[| Entered domain| ]]>
            </line>
            <line>
              <![CDATA[| User icon is displayed.| ]]>
            </line>
            <line>
              <![CDATA[| Clicked on edges| ]]>
            </line>
            <line>
              <![CDATA[| Enter EdgeId| ]]>
            </line>
            <line>
              <![CDATA[| Zone Id selected| ]]>
            </line>
            <line>
              <![CDATA[| Country is selected| ]]>
            </line>
            <line>
              <![CDATA[| Latency is selected| ]]>
            </line>
            <line>
              <![CDATA[| Enter EnterPrise Id| ]]>
            </line>
            <line>
              <![CDATA[| Bandwidth is selected| ]]>
            </line>
            <line>
              <![CDATA[| Enter Edge description| ]]>
            </line>
            <line>
              <![CDATA[| Enter city name| ]]>
            </line>
            <line>
              <![CDATA[| Enter city name| ]]>
            </line>
            <line>
              <![CDATA[| Enter the locality name| ]]>
            </line>
            <line>
              <![CDATA[| Radio is selected| ]]>
            </line>
            <line>
              <![CDATA[| Enter MCC value| ]]>
            </line>
            <line>
              <![CDATA[| Enter MNC value| ]]>
            </line>
            <line>
              <![CDATA[| Enter CGI value| ]]>
            </line>
            <line>
              <![CDATA[| Enter TAC value| ]]>
            </line>
            <line>
              <![CDATA[| App availability is selected| ]]>
            </line>
            <line>
              <![CDATA[| Load is selected| ]]>
            </line>
            <line>
              <![CDATA[| Enter cluster name| ]]>
            </line>
            <line>
              <![CDATA[| Enter Latitude value| ]]>
            </line>
            <line>
              <![CDATA[| Enter Longitude value| ]]>
            </line>
            <line>
              <![CDATA[| Click on submit button| ]]>
            </line>
            <line>
              <![CDATA[| EdgeId is displayed| ]]>
            </line>
            <line>
              <![CDATA[| Execution status is: PASSED| ]]>
            </line>
          </reporter-output>
        </test-method> <!-- runScenario -->
        <test-method signature="runScenario(io.cucumber.testng.PickleWrapper,io.cucumber.testng.FeatureWrapper)[pri:0, instance:runner.TestRunner@4b5a5ed1]" started-at="2023-03-12T15:35:02 IST" name="runScenario" description="Runs Cucumber Scenarios" data-provider="scenarios" finished-at="2023-03-12T15:35:16 IST" duration-ms="14350" status="PASS">
          <params>
            <param index="0">
              <value>
                <![CDATA["preprovision the edge"]]>
              </value>
            </param>
            <param index="1">
              <value>
                <![CDATA["Optional[Edges Feature]"]]>
              </value>
            </param>
          </params>
          <reporter-output>
            <line>
              <![CDATA[| Received parameter 'TestEnvironment' = QA| ]]>
            </line>
            <line>
              <![CDATA[| Initializing self healing driver| ]]>
            </line>
            <line>
              <![CDATA[| New driver instantiated.| ]]>
            </line>
            <line>
              <![CDATA[| Received parameter 'TestEnvironment' = QA| ]]>
            </line>
            <line>
              <![CDATA[| Scenario Name: preprovision the edge| ]]>
            </line>
            <line>
              <![CDATA[| Received parameter 'TestEnvironment' = QA| ]]>
            </line>
            <line>
              <![CDATA[| Entered username| ]]>
            </line>
            <line>
              <![CDATA[| Entered password| ]]>
            </line>
            <line>
              <![CDATA[| Entered domain| ]]>
            </line>
            <line>
              <![CDATA[| User icon is displayed.| ]]>
            </line>
            <line>
              <![CDATA[| Clicked on edges| ]]>
            </line>
            <line>
              <![CDATA[| Enter EdgeId| ]]>
            </line>
            <line>
              <![CDATA[| Zone Id selected| ]]>
            </line>
            <line>
              <![CDATA[| Country is selected| ]]>
            </line>
            <line>
              <![CDATA[| Latency is selected| ]]>
            </line>
            <line>
              <![CDATA[| Enter EnterPrise Id| ]]>
            </line>
            <line>
              <![CDATA[| Bandwidth is selected| ]]>
            </line>
            <line>
              <![CDATA[| Enter Edge description| ]]>
            </line>
            <line>
              <![CDATA[| Enter city name| ]]>
            </line>
            <line>
              <![CDATA[| Enter city name| ]]>
            </line>
            <line>
              <![CDATA[| Enter the locality name| ]]>
            </line>
            <line>
              <![CDATA[| Radio is selected| ]]>
            </line>
            <line>
              <![CDATA[| Enter MCC value| ]]>
            </line>
            <line>
              <![CDATA[| Enter MNC value| ]]>
            </line>
            <line>
              <![CDATA[| Enter CGI value| ]]>
            </line>
            <line>
              <![CDATA[| Enter TAC value| ]]>
            </line>
            <line>
              <![CDATA[| App availability is selected| ]]>
            </line>
            <line>
              <![CDATA[| Load is selected| ]]>
            </line>
            <line>
              <![CDATA[| Enter cluster name| ]]>
            </line>
            <line>
              <![CDATA[| Enter Latitude value| ]]>
            </line>
            <line>
              <![CDATA[| Enter Longitude value| ]]>
            </line>
            <line>
              <![CDATA[| Click on submit button| ]]>
            </line>
            <line>
              <![CDATA[| EdgeId is displayed| ]]>
            </line>
            <line>
              <![CDATA[| Execution status is: PASSED| ]]>
            </line>
          </reporter-output>
        </test-method> <!-- runScenario -->
        <test-method signature="runScenario(io.cucumber.testng.PickleWrapper,io.cucumber.testng.FeatureWrapper)[pri:0, instance:runner.TestRunner@4b5a5ed1]" started-at="2023-03-12T15:35:16 IST" name="runScenario" description="Runs Cucumber Scenarios" data-provider="scenarios" finished-at="2023-03-12T15:35:32 IST" duration-ms="15480" status="PASS">
          <params>
            <param index="0">
              <value>
                <![CDATA["Deboard the edge"]]>
              </value>
            </param>
            <param index="1">
              <value>
                <![CDATA["Optional[Edges Feature]"]]>
              </value>
            </param>
          </params>
          <reporter-output>
            <line>
              <![CDATA[| Received parameter 'TestEnvironment' = QA| ]]>
            </line>
            <line>
              <![CDATA[| Initializing self healing driver| ]]>
            </line>
            <line>
              <![CDATA[| New driver instantiated.| ]]>
            </line>
            <line>
              <![CDATA[| Received parameter 'TestEnvironment' = QA| ]]>
            </line>
            <line>
              <![CDATA[| Scenario Name: Deboard the edge| ]]>
            </line>
            <line>
              <![CDATA[| Received parameter 'TestEnvironment' = QA| ]]>
            </line>
            <line>
              <![CDATA[| Entered username| ]]>
            </line>
            <line>
              <![CDATA[| Entered password| ]]>
            </line>
            <line>
              <![CDATA[| Entered domain| ]]>
            </line>
            <line>
              <![CDATA[| User icon is displayed.| ]]>
            </line>
            <line>
              <![CDATA[| Clicked on edges| ]]>
            </line>
            <line>
              <![CDATA[| Clicked on edge.| ]]>
            </line>
            <line>
              <![CDATA[| Edge details page is displayed| ]]>
            </line>
            <line>
              <![CDATA[| Click on Manage button| ]]>
            </line>
            <line>
              <![CDATA[| Manage Edge page is displayed| ]]>
            </line>
            <line>
              <![CDATA[| Clicked on deboard button| ]]>
            </line>
            <line>
              <![CDATA[| Deboard edge warning popup message page is displayed| ]]>
            </line>
            <line>
              <![CDATA[| Clicked on confirm button| ]]>
            </line>
            <line>
              <![CDATA[| Zone page is displayed| ]]>
            </line>
            <line>
              <![CDATA[| Clicked on edges| ]]>
            </line>
            <line>
              <![CDATA[| Execution status is: PASSED| ]]>
            </line>
          </reporter-output>
        </test-method> <!-- runScenario -->
        <test-method signature="runScenario(io.cucumber.testng.PickleWrapper,io.cucumber.testng.FeatureWrapper)[pri:0, instance:runner.TestRunner@4b5a5ed1]" started-at="2023-03-12T15:35:32 IST" name="runScenario" description="Runs Cucumber Scenarios" data-provider="scenarios" finished-at="2023-03-12T15:35:48 IST" duration-ms="15768" status="PASS">
          <params>
            <param index="0">
              <value>
                <![CDATA["Deboard the edge"]]>
              </value>
            </param>
            <param index="1">
              <value>
                <![CDATA["Optional[Edges Feature]"]]>
              </value>
            </param>
          </params>
          <reporter-output>
            <line>
              <![CDATA[| Received parameter 'TestEnvironment' = QA| ]]>
            </line>
            <line>
              <![CDATA[| Initializing self healing driver| ]]>
            </line>
            <line>
              <![CDATA[| New driver instantiated.| ]]>
            </line>
            <line>
              <![CDATA[| Received parameter 'TestEnvironment' = QA| ]]>
            </line>
            <line>
              <![CDATA[| Scenario Name: Deboard the edge| ]]>
            </line>
            <line>
              <![CDATA[| Received parameter 'TestEnvironment' = QA| ]]>
            </line>
            <line>
              <![CDATA[| Entered username| ]]>
            </line>
            <line>
              <![CDATA[| Entered password| ]]>
            </line>
            <line>
              <![CDATA[| Entered domain| ]]>
            </line>
            <line>
              <![CDATA[| User icon is displayed.| ]]>
            </line>
            <line>
              <![CDATA[| Clicked on edges| ]]>
            </line>
            <line>
              <![CDATA[| Clicked on edge.| ]]>
            </line>
            <line>
              <![CDATA[| Edge details page is displayed| ]]>
            </line>
            <line>
              <![CDATA[| Click on Manage button| ]]>
            </line>
            <line>
              <![CDATA[| Manage Edge page is displayed| ]]>
            </line>
            <line>
              <![CDATA[| Clicked on deboard button| ]]>
            </line>
            <line>
              <![CDATA[| Deboard edge warning popup message page is displayed| ]]>
            </line>
            <line>
              <![CDATA[| Clicked on confirm button| ]]>
            </line>
            <line>
              <![CDATA[| Zone page is displayed| ]]>
            </line>
            <line>
              <![CDATA[| Clicked on edges| ]]>
            </line>
            <line>
              <![CDATA[| Execution status is: PASSED| ]]>
            </line>
          </reporter-output>
        </test-method> <!-- runScenario -->
        <test-method signature="runScenario(io.cucumber.testng.PickleWrapper,io.cucumber.testng.FeatureWrapper)[pri:0, instance:runner.TestRunner@4b5a5ed1]" started-at="2023-03-12T15:35:48 IST" name="runScenario" description="Runs Cucumber Scenarios" data-provider="scenarios" finished-at="2023-03-12T15:36:21 IST" duration-ms="33761" status="PASS">
          <params>
            <param index="0">
              <value>
                <![CDATA["Edges end to end scenario"]]>
              </value>
            </param>
            <param index="1">
              <value>
                <![CDATA["Optional[Edges Feature]"]]>
              </value>
            </param>
          </params>
          <reporter-output>
            <line>
              <![CDATA[| Received parameter 'TestEnvironment' = QA| ]]>
            </line>
            <line>
              <![CDATA[| Initializing self healing driver| ]]>
            </line>
            <line>
              <![CDATA[| New driver instantiated.| ]]>
            </line>
            <line>
              <![CDATA[| Received parameter 'TestEnvironment' = QA| ]]>
            </line>
            <line>
              <![CDATA[| Scenario Name: Edges end to end scenario| ]]>
            </line>
            <line>
              <![CDATA[| Received parameter 'TestEnvironment' = QA| ]]>
            </line>
            <line>
              <![CDATA[| Entered username| ]]>
            </line>
            <line>
              <![CDATA[| Entered password| ]]>
            </line>
            <line>
              <![CDATA[| Entered domain| ]]>
            </line>
            <line>
              <![CDATA[| User icon is displayed.| ]]>
            </line>
            <line>
              <![CDATA[| Clicked on edges| ]]>
            </line>
            <line>
              <![CDATA[| Enter EdgeId| ]]>
            </line>
            <line>
              <![CDATA[| Zone Id selected| ]]>
            </line>
            <line>
              <![CDATA[| Country is selected| ]]>
            </line>
            <line>
              <![CDATA[| Latency is selected| ]]>
            </line>
            <line>
              <![CDATA[| Enter EnterPrise Id| ]]>
            </line>
            <line>
              <![CDATA[| Bandwidth is selected| ]]>
            </line>
            <line>
              <![CDATA[| Enter Edge description| ]]>
            </line>
            <line>
              <![CDATA[| Enter city name| ]]>
            </line>
            <line>
              <![CDATA[| Enter city name| ]]>
            </line>
            <line>
              <![CDATA[| Enter the locality name| ]]>
            </line>
            <line>
              <![CDATA[| Radio is selected| ]]>
            </line>
            <line>
              <![CDATA[| Enter MCC value| ]]>
            </line>
            <line>
              <![CDATA[| Enter MNC value| ]]>
            </line>
            <line>
              <![CDATA[| Enter CGI value| ]]>
            </line>
            <line>
              <![CDATA[| Enter TAC value| ]]>
            </line>
            <line>
              <![CDATA[| App availability is selected| ]]>
            </line>
            <line>
              <![CDATA[| Load is selected| ]]>
            </line>
            <line>
              <![CDATA[| Enter cluster name| ]]>
            </line>
            <line>
              <![CDATA[| Enter Latitude value| ]]>
            </line>
            <line>
              <![CDATA[| Enter Longitude value| ]]>
            </line>
            <line>
              <![CDATA[| Click on submit button| ]]>
            </line>
            <line>
              <![CDATA[| EdgeId is displayed| ]]>
            </line>
            <line>
              <![CDATA[| Clicked on edge.| ]]>
            </line>
            <line>
              <![CDATA[| Edge details page is displayed| ]]>
            </line>
            <line>
              <![CDATA[| Click on Manage button| ]]>
            </line>
            <line>
              <![CDATA[| Manage Edge page is displayed| ]]>
            </line>
            <line>
              <![CDATA[| Clicked on deboard button| ]]>
            </line>
            <line>
              <![CDATA[| Deboard edge warning popup message page is displayed| ]]>
            </line>
            <line>
              <![CDATA[| Clicked on confirm button| ]]>
            </line>
            <line>
              <![CDATA[| Zone page is displayed| ]]>
            </line>
            <line>
              <![CDATA[| Clicked on edges| ]]>
            </line>
            <line>
              <![CDATA[| Execution status is: PASSED| ]]>
            </line>
          </reporter-output>
        </test-method> <!-- runScenario -->
        <test-method signature="runScenario(io.cucumber.testng.PickleWrapper,io.cucumber.testng.FeatureWrapper)[pri:0, instance:runner.TestRunner@4b5a5ed1]" started-at="2023-03-12T15:36:21 IST" name="runScenario" description="Runs Cucumber Scenarios" data-provider="scenarios" finished-at="2023-03-12T15:36:55 IST" duration-ms="33522" status="FAIL">
          <params>
            <param index="0">
              <value>
                <![CDATA["Edges end to end scenario"]]>
              </value>
            </param>
            <param index="1">
              <value>
                <![CDATA["Optional[Edges Feature]"]]>
              </value>
            </param>
          </params>
          <exception class="org.openqa.selenium.NoSuchElementException">
            <message>
              <![CDATA[no such element: Unable to locate element: {"method":"xpath","selector":"//div[contains(text(),'Manage Edge Details')]"}
  (Session info: chrome=110.0.5481.180)
For documentation on this error, please visit: https://selenium.dev/exceptions/#no_such_element
Build info: version: '4.1.1', revision: 'e8fcc2cecf'
System info: host: 'LIN24010693', ip: '192.168.1.2', os.name: 'Windows 10', os.arch: 'amd64', os.version: '10.0', java.version: '16'
Driver info: org.openqa.selenium.chrome.ChromeDriver
Command: [0c52e1115c1c28c5093e3568d4b11b7d, findElement {using=xpath, value=//div[contains(text(),'Manage Edge Details')]}]
Capabilities {acceptInsecureCerts: false, browserName: chrome, browserVersion: 110.0.5481.180, chrome: {chromedriverVersion: 110.0.5481.77 (65ed616c6e8e..., userDataDir: C:\Program Files (x86)\scop...}, goog:chromeOptions: {debuggerAddress: localhost:64664}, javascriptEnabled: true, networkConnectionEnabled: false, pageLoadStrategy: eager, platform: WINDOWS, platformName: WINDOWS, proxy: Proxy(), se:cdp: ws://localhost:64664/devtoo..., se:cdpVersion: 110.0.5481.180, setWindowRect: true, strictFileInteractability: false, timeouts: {implicit: 0, pageLoad: 300000, script: 30000}, unhandledPromptBehavior: dismiss and notify, webauthn:extension:credBlob: true, webauthn:extension:largeBlob: true, webauthn:virtualAuthenticators: true}
Session ID: 0c52e1115c1c28c5093e3568d4b11b7d]]>
            </message>
            <full-stacktrace>
              <![CDATA[org.openqa.selenium.NoSuchElementException: no such element: Unable to locate element: {"method":"xpath","selector":"//div[contains(text(),'Manage Edge Details')]"}
  (Session info: chrome=110.0.5481.180)
For documentation on this error, please visit: https://selenium.dev/exceptions/#no_such_element
Build info: version: '4.1.1', revision: 'e8fcc2cecf'
System info: host: 'LIN24010693', ip: '192.168.1.2', os.name: 'Windows 10', os.arch: 'amd64', os.version: '10.0', java.version: '16'
Driver info: org.openqa.selenium.chrome.ChromeDriver
Command: [0c52e1115c1c28c5093e3568d4b11b7d, findElement {using=xpath, value=//div[contains(text(),'Manage Edge Details')]}]
Capabilities {acceptInsecureCerts: false, browserName: chrome, browserVersion: 110.0.5481.180, chrome: {chromedriverVersion: 110.0.5481.77 (65ed616c6e8e..., userDataDir: C:\Program Files (x86)\scop...}, goog:chromeOptions: {debuggerAddress: localhost:64664}, javascriptEnabled: true, networkConnectionEnabled: false, pageLoadStrategy: eager, platform: WINDOWS, platformName: WINDOWS, proxy: Proxy(), se:cdp: ws://localhost:64664/devtoo..., se:cdpVersion: 110.0.5481.180, setWindowRect: true, strictFileInteractability: false, timeouts: {implicit: 0, pageLoad: 300000, script: 30000}, unhandledPromptBehavior: dismiss and notify, webauthn:extension:credBlob: true, webauthn:extension:largeBlob: true, webauthn:virtualAuthenticators: true}
Session ID: 0c52e1115c1c28c5093e3568d4b11b7d
at java.base/jdk.internal.reflect.NativeConstructorAccessorImpl.newInstance0(Native Method)
at java.base/jdk.internal.reflect.NativeConstructorAccessorImpl.newInstance(NativeConstructorAccessorImpl.java:78)
at java.base/jdk.internal.reflect.DelegatingConstructorAccessorImpl.newInstance(DelegatingConstructorAccessorImpl.java:45)
at java.base/java.lang.reflect.Constructor.newInstanceWithCaller(Constructor.java:499)
at java.base/java.lang.reflect.Constructor.newInstance(Constructor.java:480)
at org.openqa.selenium.remote.codec.w3c.W3CHttpResponseCodec.createException(W3CHttpResponseCodec.java:200)
at org.openqa.selenium.remote.codec.w3c.W3CHttpResponseCodec.decode(W3CHttpResponseCodec.java:133)
at org.openqa.selenium.remote.codec.w3c.W3CHttpResponseCodec.decode(W3CHttpResponseCodec.java:53)
at org.openqa.selenium.remote.HttpCommandExecutor.execute(HttpCommandExecutor.java:184)
at org.openqa.selenium.remote.service.DriverCommandExecutor.invokeExecute(DriverCommandExecutor.java:167)
at org.openqa.selenium.remote.service.DriverCommandExecutor.execute(DriverCommandExecutor.java:142)
at org.openqa.selenium.remote.RemoteWebDriver.execute(RemoteWebDriver.java:543)
at org.openqa.selenium.remote.ElementLocation$ElementFinder$2.findElement(ElementLocation.java:162)
at org.openqa.selenium.remote.ElementLocation.findElement(ElementLocation.java:60)
at org.openqa.selenium.remote.RemoteWebDriver.findElement(RemoteWebDriver.java:367)
at org.openqa.selenium.remote.RemoteWebDriver.findElement(RemoteWebDriver.java:359)
at com.epam.healenium.handlers.proxy.BaseHandler.findElement(BaseHandler.java:62)
at com.epam.healenium.handlers.proxy.SelfHealingProxyInvocationHandler.invoke(SelfHealingProxyInvocationHandler.java:39)
at jdk.proxy2/jdk.proxy2.$Proxy41.findElement(Unknown Source)
at org.openqa.selenium.support.pagefactory.DefaultElementLocator.findElement(DefaultElementLocator.java:70)
at org.openqa.selenium.support.pagefactory.internal.LocatingElementHandler.invoke(LocatingElementHandler.java:39)
at jdk.proxy2/jdk.proxy2.$Proxy45.isDisplayed(Unknown Source)
at com.sogeti.automation.test.pageFactory.E2CO_EdgesPage.verifyManageEdgeDetailsPageIsDisplayed(E2CO_EdgesPage.java:528)
at stepdefinitions.E2COTestSteps.verifyManageEdgesDetailsPageIsDisplaying(E2COTestSteps.java:886)
at ✽.Manage edge page is displayed(file:///C:/Users/APathrut/eclipse-workspace/e2colitmus/E2CO%2520Automation/src/test/resources/Features/WebUITests/E2COTests_Edges.feature:53)
]]>
            </full-stacktrace>
          </exception> <!-- org.openqa.selenium.NoSuchElementException -->
          <reporter-output>
            <line>
              <![CDATA[| Received parameter 'TestEnvironment' = QA| ]]>
            </line>
            <line>
              <![CDATA[| Initializing self healing driver| ]]>
            </line>
            <line>
              <![CDATA[| New driver instantiated.| ]]>
            </line>
            <line>
              <![CDATA[| Received parameter 'TestEnvironment' = QA| ]]>
            </line>
            <line>
              <![CDATA[| Scenario Name: Edges end to end scenario| ]]>
            </line>
            <line>
              <![CDATA[| Received parameter 'TestEnvironment' = QA| ]]>
            </line>
            <line>
              <![CDATA[| Entered username| ]]>
            </line>
            <line>
              <![CDATA[| Entered password| ]]>
            </line>
            <line>
              <![CDATA[| Entered domain| ]]>
            </line>
            <line>
              <![CDATA[| User icon is displayed.| ]]>
            </line>
            <line>
              <![CDATA[| Clicked on edges| ]]>
            </line>
            <line>
              <![CDATA[| Enter EdgeId| ]]>
            </line>
            <line>
              <![CDATA[| Zone Id selected| ]]>
            </line>
            <line>
              <![CDATA[| Country is selected| ]]>
            </line>
            <line>
              <![CDATA[| Latency is selected| ]]>
            </line>
            <line>
              <![CDATA[| Enter EnterPrise Id| ]]>
            </line>
            <line>
              <![CDATA[| Bandwidth is selected| ]]>
            </line>
            <line>
              <![CDATA[| Enter Edge description| ]]>
            </line>
            <line>
              <![CDATA[| Enter city name| ]]>
            </line>
            <line>
              <![CDATA[| Enter city name| ]]>
            </line>
            <line>
              <![CDATA[| Enter the locality name| ]]>
            </line>
            <line>
              <![CDATA[| Radio is selected| ]]>
            </line>
            <line>
              <![CDATA[| Enter MCC value| ]]>
            </line>
            <line>
              <![CDATA[| Enter MNC value| ]]>
            </line>
            <line>
              <![CDATA[| Enter CGI value| ]]>
            </line>
            <line>
              <![CDATA[| Enter TAC value| ]]>
            </line>
            <line>
              <![CDATA[| App availability is selected| ]]>
            </line>
            <line>
              <![CDATA[| Load is selected| ]]>
            </line>
            <line>
              <![CDATA[| Enter cluster name| ]]>
            </line>
            <line>
              <![CDATA[| Enter Latitude value| ]]>
            </line>
            <line>
              <![CDATA[| Enter Longitude value| ]]>
            </line>
            <line>
              <![CDATA[| Click on submit button| ]]>
            </line>
            <line>
              <![CDATA[| EdgeId is displayed| ]]>
            </line>
            <line>
              <![CDATA[| Clicked on edge.| ]]>
            </line>
            <line>
              <![CDATA[| Edge details page is displayed| ]]>
            </line>
            <line>
              <![CDATA[| Click on Manage button| ]]>
            </line>
            <line>
              <![CDATA[| Execution status is: FAILED| ]]>
            </line>
          </reporter-output>
        </test-method> <!-- runScenario -->
        <test-method is-config="true" signature="tearDownClass()[pri:0, instance:runner.TestRunner@4b5a5ed1]" started-at="2023-03-12T15:36:55 IST" name="tearDownClass" finished-at="2023-03-12T15:36:55 IST" duration-ms="124" status="PASS">
          <reporter-output>
          </reporter-output>
        </test-method> <!-- tearDownClass -->
      </class> <!-- runner.TestRunner -->
    </test> <!-- Surefire test -->
  </suite> <!-- Surefire suite -->
</testng-results>
