<?xml version="1.0" encoding="UTF-8"?>
<!-- Generated by org.testng.reporters.JUnitReportReporter -->
<testsuite hostname="lin20001532" failures="0" tests="1" name="runner.TestRunner" time="22.982" errors="1" timestamp="2023-04-03T18:01:07 IST" skipped="0">
  <testcase classname="runner.TestRunner" name="runScenario" time="22.982">
    <error message="C:\Users\APATHRUT\Downloads\ec_client-sdk_Android_12345.zip" type="java.nio.file.NoSuchFileException">
      <![CDATA[java.nio.file.NoSuchFileException: C:\Users\APATHRUT\Downloads\ec_client-sdk_Android_12345.zip
at java.base/sun.nio.fs.WindowsException.translateToIOException(WindowsException.java:85)
at java.base/sun.nio.fs.WindowsException.rethrowAsIOException(WindowsException.java:103)
at java.base/sun.nio.fs.WindowsException.rethrowAsIOException(WindowsException.java:108)
at java.base/sun.nio.fs.WindowsFileCopy.move(WindowsFileCopy.java:334)
at java.base/sun.nio.fs.WindowsFileSystemProvider.move(WindowsFileSystemProvider.java:293)
at java.base/java.nio.file.Files.move(Files.java:1432)
at com.sogeti.automation.test.pageFactory.E2CO_SDKPage.ClickonDownloadButton(E2CO_SDKPage.java:248)
at stepdefinitions.E2COTestSteps.SDkIsDownloaded(E2COTestSteps.java:1019)
at ✽.click on download option(file:///C:/Users/APATHRUT/OneDrive%20-%20Capgemini/Desktop/E2CO%20PROJECT/Automation/E2COAutomation/E2CO%2520Automation/src/test/resources/Features/WebUITests/E2COTests_SDK.feature:71)
]]>
    </error>
  </testcase> <!-- runScenario -->
  <system-out>
    <![CDATA[| Received parameter 'TestEnvironment' = QA| 
| Received parameter 'ExecutionServer' = Local| 
| Received parameter 'InterfaceType' = Web| 
| Received parameter 'DefaultDownloadPath' = ./src/test/resources/Downloads| 
| Received parameter 'AZURE_KEYVAULT_URL' = | 
| Received parameter 'TestBrowser' = chrome| 
| Received parameter 'UI_BASE_URL' = https://10.139.9.10:31012/MEC/login| 
| Received parameter 'GRID_HUB_PORT' = 4444| 
| Received parameter 'GRID_HUB_IP' = localhost| 
| Received parameter 'UI_USERNAME' = admin| 
| Received parameter 'UI_PASSWORD' = Admin@1234| 
| Received parameter 'UI_DOMAINNAME' = default| 
| Received parameter 'UI_DEVUSERNAME' = dev01| 
| Received parameter 'UI_DEVPASSWORD' = Admin@1234| 
| Received parameter 'UI_DEVDOMAINNAME' = default| 
| Received parameter 'UI_ENTUSERNAME' = add01| 
| Received parameter 'UI_ENTPASSWORD' = Admin@1234| 
| Received parameter 'UI_ENTDOMAINNAME' = pune| 
| Received parameter 'UI_ENTDEVUSERNAME' = deve08| 
| Received parameter 'UI_ENTDEVPASSWORD' = Admin@1234| 
| Received parameter 'UI_ENTDEVDOMAINNAME' = anu1| 
| Received parameter 'ScreenshotEnable' = true| 
| Initializing self healing driver| 
| New driver instantiated.| 
| Received parameter 'TestEnvironment' = QA| 
| Scenario Name: user able to download sdk| 
| Received parameter 'TestEnvironment' = QA| 
| Entered username| 
| Entered password| 
| Entered domain| 
| User icon is displayed.| 
| User click on SDK menu| 
| List of sdk displayed| 
| User Click on uploaded SDK| 
| SdK is downloaded | 
| Execution status is: FAILED| ]]>
  </system-out>
</testsuite> <!-- runner.TestRunner -->
